Using gpu device 0: GeForce GT 650M
[2015-12-14 19:03:09.941264] > ... building the model
[2015-12-14 19:03:10.201269] > ... getting the finetuning functions
[2015-12-14 19:03:13.864361] > ... finetuning the model
[2015-12-14 19:03:15.873380] > epoch 1, training error 44.945652 (%)
[2015-12-14 19:03:16.024542] > epoch 1, lrate 0.100000, validation error 56.590909 (%)
[2015-12-14 19:03:17.215523] > epoch 2, training error 41.684783 (%)
[2015-12-14 19:03:17.264126] > epoch 2, lrate 0.100000, validation error 42.272727 (%)
[2015-12-14 19:03:18.466517] > epoch 3, training error 38.804348 (%)
[2015-12-14 19:03:18.514562] > epoch 3, lrate 0.100000, validation error 42.272727 (%)
[2015-12-14 19:03:19.711524] > epoch 4, training error 36.630435 (%)
[2015-12-14 19:03:19.757952] > epoch 4, lrate 0.100000, validation error 41.590909 (%)
[2015-12-14 19:03:20.920721] > epoch 5, training error 34.673913 (%)
[2015-12-14 19:03:20.967770] > epoch 5, lrate 0.100000, validation error 40.000000 (%)
[2015-12-14 19:03:22.158314] > epoch 6, training error 33.206522 (%)
[2015-12-14 19:03:22.205685] > epoch 6, lrate 0.100000, validation error 39.090909 (%)
[2015-12-14 19:03:23.370576] > epoch 7, training error 31.766304 (%)
[2015-12-14 19:03:23.417697] > epoch 7, lrate 0.100000, validation error 38.863636 (%)
[2015-12-14 19:03:24.606303] > epoch 8, training error 30.271739 (%)
[2015-12-14 19:03:24.653592] > epoch 8, lrate 0.100000, validation error 39.318182 (%)
[2015-12-14 19:03:25.819496] > epoch 9, training error 28.913043 (%)
[2015-12-14 19:03:25.866001] > epoch 9, lrate 0.100000, validation error 39.772727 (%)
[2015-12-14 19:03:26.955901] > epoch 10, training error 27.663043 (%)
[2015-12-14 19:03:27.003420] > epoch 10, lrate 0.100000, validation error 39.545455 (%)
[2015-12-14 19:03:28.018704] > epoch 11, training error 26.331522 (%)
[2015-12-14 19:03:28.066120] > epoch 11, lrate 0.100000, validation error 39.318182 (%)
[2015-12-14 19:03:28.984679] > epoch 12, training error 24.891304 (%)
[2015-12-14 19:03:29.031902] > epoch 12, lrate 0.100000, validation error 40.000000 (%)
[2015-12-14 19:03:29.981887] > epoch 13, training error 23.478261 (%)
[2015-12-14 19:03:30.004160] > epoch 13, lrate 0.100000, validation error 39.772727 (%)
[2015-12-14 19:03:30.898351] > epoch 14, training error 22.418478 (%)
[2015-12-14 19:03:30.945722] > epoch 14, lrate 0.100000, validation error 37.954545 (%)
[2015-12-14 19:03:31.899199] > epoch 15, training error 20.788043 (%)
[2015-12-14 19:03:31.921752] > epoch 15, lrate 0.100000, validation error 38.181818 (%)
[2015-12-14 19:03:32.965775] > epoch 16, training error 19.266304 (%)
[2015-12-14 19:03:32.993177] > epoch 16, lrate 0.100000, validation error 38.181818 (%)
[2015-12-14 19:03:33.902889] > epoch 17, training error 17.989130 (%)
[2015-12-14 19:03:33.925026] > epoch 17, lrate 0.100000, validation error 38.636364 (%)
[2015-12-14 19:03:34.891927] > epoch 18, training error 17.038043 (%)
[2015-12-14 19:03:34.939289] > epoch 18, lrate 0.100000, validation error 40.000000 (%)
[2015-12-14 19:03:36.133494] > epoch 19, training error 15.869565 (%)
[2015-12-14 19:03:36.160050] > epoch 19, lrate 0.100000, validation error 46.363636 (%)
[2015-12-14 19:03:37.327594] > epoch 20, training error 16.277174 (%)
[2015-12-14 19:03:37.374142] > epoch 20, lrate 0.100000, validation error 54.545455 (%)
[2015-12-14 19:03:38.540067] > epoch 21, training error 18.097826 (%)
[2015-12-14 19:03:38.587282] > epoch 21, lrate 0.100000, validation error 41.818182 (%)
[2015-12-14 19:03:39.783924] > epoch 22, training error 17.717391 (%)
[2015-12-14 19:03:39.831221] > epoch 22, lrate 0.100000, validation error 43.181818 (%)
[2015-12-14 19:03:41.022441] > epoch 23, training error 16.739130 (%)
[2015-12-14 19:03:41.069638] > epoch 23, lrate 0.100000, validation error 44.090909 (%)
[2015-12-14 19:03:42.234900] > epoch 24, training error 15.000000 (%)
[2015-12-14 19:03:42.281840] > epoch 24, lrate 0.100000, validation error 44.545455 (%)
[2015-12-14 19:03:43.471495] > epoch 25, training error 13.288043 (%)
[2015-12-14 19:03:43.517975] > epoch 25, lrate 0.100000, validation error 44.090909 (%)
[2015-12-14 19:03:44.682533] > epoch 26, training error 12.010870 (%)
[2015-12-14 19:03:44.729955] > epoch 26, lrate 0.100000, validation error 44.318182 (%)
[2015-12-14 19:03:45.921442] > epoch 27, training error 10.760870 (%)
[2015-12-14 19:03:45.967945] > epoch 27, lrate 0.100000, validation error 45.909091 (%)
[2015-12-14 19:03:47.133935] > epoch 28, training error 9.755435 (%)
[2015-12-14 19:03:47.181159] > epoch 28, lrate 0.100000, validation error 46.590909 (%)
[2015-12-14 19:03:48.370643] > epoch 29, training error 9.320652 (%)
[2015-12-14 19:03:48.417941] > epoch 29, lrate 0.100000, validation error 49.318182 (%)
[2015-12-14 19:03:49.608961] > epoch 30, training error 9.293478 (%)
[2015-12-14 19:03:49.655641] > epoch 30, lrate 0.100000, validation error 48.863636 (%)
[2015-12-14 19:03:50.821796] > epoch 31, training error 9.347826 (%)
[2015-12-14 19:03:50.869085] > epoch 31, lrate 0.100000, validation error 49.090909 (%)
[2015-12-14 19:03:52.058781] > epoch 32, training error 9.809783 (%)
[2015-12-14 19:03:52.105904] > epoch 32, lrate 0.100000, validation error 39.545455 (%)
[2015-12-14 19:03:53.271667] > epoch 33, training error 10.923913 (%)
[2015-12-14 19:03:53.318060] > epoch 33, lrate 0.100000, validation error 50.454545 (%)
[2015-12-14 19:03:54.509974] > epoch 34, training error 11.222826 (%)
[2015-12-14 19:03:54.557105] > epoch 34, lrate 0.100000, validation error 57.500000 (%)
[2015-12-14 19:03:55.722553] > epoch 35, training error 9.728261 (%)
[2015-12-14 19:03:55.769728] > epoch 35, lrate 0.100000, validation error 57.727273 (%)
[2015-12-14 19:03:56.958528] > epoch 36, training error 8.206522 (%)
[2015-12-14 19:03:57.005759] > epoch 36, lrate 0.100000, validation error 56.590909 (%)
[2015-12-14 19:03:58.170795] > epoch 37, training error 7.336957 (%)
[2015-12-14 19:03:58.217798] > epoch 37, lrate 0.100000, validation error 56.818182 (%)
[2015-12-14 19:03:59.407554] > epoch 38, training error 6.875000 (%)
[2015-12-14 19:03:59.453914] > epoch 38, lrate 0.100000, validation error 57.045455 (%)
[2015-12-14 19:04:00.619945] > epoch 39, training error 6.630435 (%)
[2015-12-14 19:04:00.667149] > epoch 39, lrate 0.100000, validation error 56.363636 (%)
[2015-12-14 19:04:01.855534] > epoch 40, training error 6.331522 (%)
[2015-12-14 19:04:01.902062] > epoch 40, lrate 0.100000, validation error 56.363636 (%)
[2015-12-14 19:04:03.104245] > epoch 41, training error 6.684783 (%)
[2015-12-14 19:04:03.152970] > epoch 41, lrate 0.100000, validation error 55.227273 (%)
[2015-12-14 19:04:04.410033] > epoch 42, training error 7.119565 (%)
[2015-12-14 19:04:04.459671] > epoch 42, lrate 0.100000, validation error 53.409091 (%)
[2015-12-14 19:04:05.740646] > epoch 43, training error 7.961957 (%)
[2015-12-14 19:04:05.790358] > epoch 43, lrate 0.100000, validation error 52.954545 (%)
[2015-12-14 19:04:07.130154] > epoch 44, training error 8.858696 (%)
[2015-12-14 19:04:07.186789] > epoch 44, lrate 0.100000, validation error 54.772727 (%)
[2015-12-14 19:04:08.673986] > epoch 45, training error 9.048913 (%)
[2015-12-14 19:04:08.729322] > epoch 45, lrate 0.100000, validation error 58.181818 (%)
[2015-12-14 19:04:10.210461] > epoch 46, training error 9.239130 (%)
[2015-12-14 19:04:10.266763] > epoch 46, lrate 0.100000, validation error 59.090909 (%)
[2015-12-14 19:04:16.499553] > epoch 47, training error 9.021739 (%)
[2015-12-14 19:04:16.893499] > epoch 47, lrate 0.100000, validation error 54.545455 (%)
[2015-12-14 19:04:25.229093] > epoch 48, training error 8.288043 (%)
[2015-12-14 19:04:25.623685] > epoch 48, lrate 0.100000, validation error 53.863636 (%)
[2015-12-14 19:04:33.816105] > epoch 49, training error 7.771739 (%)
[2015-12-14 19:04:34.212754] > epoch 49, lrate 0.100000, validation error 51.136364 (%)
[2015-12-14 19:05:21.817240] > epoch 50, training error 6.494565 (%)
[2015-12-14 19:05:21.866580] > epoch 50, lrate 0.100000, validation error 45.681818 (%)
[2015-12-14 19:05:33.094367] > ... the final PDNN model parameter is dnn_5.param
[2015-12-14 19:05:33.095653] > ... the final PDNN model config is dnn_5.cfg
