Using gpu device 0: GeForce GT 650M
[2015-12-14 19:37:50.107668] > ... building the model
[2015-12-14 19:37:50.298390] > ... getting the finetuning functions
[2015-12-14 19:37:54.734793] > ... finetuning the model
[2015-12-14 19:37:59.886325] > epoch 1, training error 22.337545 (%)
[2015-12-14 19:38:00.318041] > epoch 1, lrate 0.100000, validation error 18.235294 (%)
[2015-12-14 19:38:03.168627] > epoch 2, training error 16.155235 (%)
[2015-12-14 19:38:03.309931] > epoch 2, lrate 0.100000, validation error 16.250000 (%)
[2015-12-14 19:38:06.133867] > epoch 3, training error 14.413357 (%)
[2015-12-14 19:38:06.206732] > epoch 3, lrate 0.100000, validation error 15.514706 (%)
[2015-12-14 19:38:08.909982] > epoch 4, training error 13.222022 (%)
[2015-12-14 19:38:09.003098] > epoch 4, lrate 0.100000, validation error 15.441176 (%)
[2015-12-14 19:38:12.035298] > epoch 5, training error 12.066787 (%)
[2015-12-14 19:38:12.177658] > epoch 5, lrate 0.100000, validation error 16.102941 (%)
[2015-12-14 19:38:15.531375] > epoch 6, training error 11.236462 (%)
[2015-12-14 19:38:15.648231] > epoch 6, lrate 0.100000, validation error 16.176471 (%)
[2015-12-14 19:38:18.407180] > epoch 7, training error 10.613718 (%)
[2015-12-14 19:38:18.529373] > epoch 7, lrate 0.100000, validation error 16.985294 (%)
[2015-12-14 19:38:21.338971] > epoch 8, training error 10.000000 (%)
[2015-12-14 19:38:21.407278] > epoch 8, lrate 0.100000, validation error 17.426471 (%)
[2015-12-14 19:38:24.620171] > epoch 9, training error 9.548736 (%)
[2015-12-14 19:38:24.763145] > epoch 9, lrate 0.100000, validation error 17.426471 (%)
[2015-12-14 19:38:28.309819] > epoch 10, training error 9.034296 (%)
[2015-12-14 19:38:28.453085] > epoch 10, lrate 0.100000, validation error 17.941176 (%)
[2015-12-14 19:38:32.005815] > epoch 11, training error 8.519856 (%)
[2015-12-14 19:38:32.147741] > epoch 11, lrate 0.100000, validation error 18.750000 (%)
[2015-12-14 19:38:35.697505] > epoch 12, training error 8.113718 (%)
[2015-12-14 19:38:35.839414] > epoch 12, lrate 0.100000, validation error 19.044118 (%)
[2015-12-14 19:38:39.391636] > epoch 13, training error 7.662455 (%)
[2015-12-14 19:38:39.535132] > epoch 13, lrate 0.100000, validation error 19.191176 (%)
[2015-12-14 19:38:43.089370] > epoch 14, training error 7.229242 (%)
[2015-12-14 19:38:43.230023] > epoch 14, lrate 0.100000, validation error 19.411765 (%)
[2015-12-14 19:38:46.778956] > epoch 15, training error 6.949458 (%)
[2015-12-14 19:38:46.919623] > epoch 15, lrate 0.100000, validation error 19.705882 (%)
[2015-12-14 19:38:50.444027] > epoch 16, training error 6.525271 (%)
[2015-12-14 19:38:50.586048] > epoch 16, lrate 0.100000, validation error 19.191176 (%)
[2015-12-14 19:38:54.662662] > epoch 17, training error 6.092058 (%)
[2015-12-14 19:38:54.861983] > epoch 17, lrate 0.100000, validation error 19.191176 (%)
[2015-12-14 19:39:13.135217] > epoch 18, training error 5.667870 (%)
[2015-12-14 19:39:14.398260] > epoch 18, lrate 0.100000, validation error 19.191176 (%)
[2015-12-14 19:39:38.715408] > epoch 19, training error 5.279783 (%)
[2015-12-14 19:39:39.970795] > epoch 19, lrate 0.100000, validation error 18.750000 (%)
[2015-12-14 19:40:04.168070] > epoch 20, training error 5.018051 (%)
[2015-12-14 19:40:05.457119] > epoch 20, lrate 0.100000, validation error 17.867647 (%)
[2015-12-14 19:40:29.705652] > epoch 21, training error 4.648014 (%)
[2015-12-14 19:40:30.985640] > epoch 21, lrate 0.100000, validation error 17.720588 (%)
[2015-12-14 19:40:55.292338] > epoch 22, training error 4.359206 (%)
[2015-12-14 19:40:56.574939] > epoch 22, lrate 0.100000, validation error 16.985294 (%)
[2015-12-14 19:41:20.813973] > epoch 23, training error 4.169675 (%)
[2015-12-14 19:41:22.063456] > epoch 23, lrate 0.100000, validation error 16.838235 (%)
[2015-12-14 19:41:46.221614] > epoch 24, training error 4.034296 (%)
[2015-12-14 19:41:47.499712] > epoch 24, lrate 0.100000, validation error 16.470588 (%)
[2015-12-14 19:42:11.880316] > epoch 25, training error 4.034296 (%)
[2015-12-14 19:42:13.080313] > epoch 25, lrate 0.100000, validation error 16.691176 (%)
[2015-12-14 19:42:37.468050] > epoch 26, training error 3.953069 (%)
[2015-12-14 19:42:38.720915] > epoch 26, lrate 0.100000, validation error 16.544118 (%)
[2015-12-14 19:43:03.211001] > epoch 27, training error 3.709386 (%)
[2015-12-14 19:43:04.536358] > epoch 27, lrate 0.100000, validation error 16.691176 (%)
[2015-12-14 19:43:28.874120] > epoch 28, training error 3.592058 (%)
[2015-12-14 19:43:30.119190] > epoch 28, lrate 0.100000, validation error 16.838235 (%)
[2015-12-14 19:43:54.267643] > epoch 29, training error 3.420578 (%)
[2015-12-14 19:43:55.531973] > epoch 29, lrate 0.100000, validation error 16.911765 (%)
[2015-12-14 19:44:19.773940] > epoch 30, training error 3.194946 (%)
[2015-12-14 19:44:21.021985] > epoch 30, lrate 0.100000, validation error 17.132353 (%)
[2015-12-14 19:44:45.251751] > epoch 31, training error 3.294224 (%)
[2015-12-14 19:44:46.543136] > epoch 31, lrate 0.100000, validation error 17.352941 (%)
[2015-12-14 19:45:11.072947] > epoch 32, training error 3.474729 (%)
[2015-12-14 19:45:12.417304] > epoch 32, lrate 0.100000, validation error 17.720588 (%)
[2015-12-14 19:45:36.943177] > epoch 33, training error 3.384477 (%)
[2015-12-14 19:45:38.155055] > epoch 33, lrate 0.100000, validation error 16.985294 (%)
[2015-12-14 19:46:02.475890] > epoch 34, training error 3.249097 (%)
[2015-12-14 19:46:03.737246] > epoch 34, lrate 0.100000, validation error 17.279412 (%)
[2015-12-14 19:46:27.919058] > epoch 35, training error 3.023466 (%)
[2015-12-14 19:46:29.178889] > epoch 35, lrate 0.100000, validation error 17.132353 (%)
[2015-12-14 19:46:53.352919] > epoch 36, training error 2.716606 (%)
[2015-12-14 19:46:54.569329] > epoch 36, lrate 0.100000, validation error 17.426471 (%)
[2015-12-14 19:47:19.518175] > epoch 37, training error 2.626354 (%)
[2015-12-14 19:47:20.768186] > epoch 37, lrate 0.100000, validation error 17.573529 (%)
[2015-12-14 19:47:44.912904] > epoch 38, training error 2.409747 (%)
[2015-12-14 19:47:46.174149] > epoch 38, lrate 0.100000, validation error 17.647059 (%)
[2015-12-14 19:48:10.640823] > epoch 39, training error 2.093863 (%)
[2015-12-14 19:48:11.893439] > epoch 39, lrate 0.100000, validation error 17.941176 (%)
[2015-12-14 19:48:36.318056] > epoch 40, training error 1.886282 (%)
[2015-12-14 19:48:37.578572] > epoch 40, lrate 0.100000, validation error 19.264706 (%)
[2015-12-14 19:49:01.902699] > epoch 41, training error 1.678700 (%)
[2015-12-14 19:49:03.163736] > epoch 41, lrate 0.100000, validation error 19.632353 (%)
[2015-12-14 19:49:27.341963] > epoch 42, training error 1.669675 (%)
[2015-12-14 19:49:28.557660] > epoch 42, lrate 0.100000, validation error 19.338235 (%)
[2015-12-14 19:49:52.786587] > epoch 43, training error 1.624549 (%)
[2015-12-14 19:49:54.040167] > epoch 43, lrate 0.100000, validation error 18.750000 (%)
[2015-12-14 19:50:18.314001] > epoch 44, training error 1.525271 (%)
[2015-12-14 19:50:19.561040] > epoch 44, lrate 0.100000, validation error 18.308824 (%)
[2015-12-14 19:50:43.851207] > epoch 45, training error 1.453069 (%)
[2015-12-14 19:50:45.095310] > epoch 45, lrate 0.100000, validation error 17.941176 (%)
[2015-12-14 19:51:09.437896] > epoch 46, training error 1.425993 (%)
[2015-12-14 19:51:10.688461] > epoch 46, lrate 0.100000, validation error 18.308824 (%)
[2015-12-14 19:51:35.209879] > epoch 47, training error 1.335740 (%)
[2015-12-14 19:51:36.423562] > epoch 47, lrate 0.100000, validation error 18.014706 (%)
[2015-12-14 19:52:00.952447] > epoch 48, training error 1.218412 (%)
[2015-12-14 19:52:02.193462] > epoch 48, lrate 0.100000, validation error 18.014706 (%)
[2015-12-14 19:52:26.906925] > epoch 49, training error 1.236462 (%)
[2015-12-14 19:52:28.204756] > epoch 49, lrate 0.100000, validation error 17.794118 (%)
[2015-12-14 19:53:35.359303] > epoch 50, training error 1.209386 (%)
[2015-12-14 19:53:35.546591] > epoch 50, lrate 0.100000, validation error 17.794118 (%)
[2015-12-14 19:53:46.892017] > ... the final PDNN model parameter is dnn_13.param
[2015-12-14 19:53:46.919171] > ... the final PDNN model config is dnn_13.cfg
