Using gpu device 0: GeForce GT 650M
[2015-12-14 19:21:06.901577] > ... building the model
[2015-12-14 19:21:07.231124] > ... getting the finetuning functions
[2015-12-14 19:21:13.612973] > ... finetuning the model
[2015-12-14 19:21:19.848957] > epoch 1, training error 33.346304 (%)
[2015-12-14 19:21:20.289359] > epoch 1, lrate 0.100000, validation error 30.078125 (%)
[2015-12-14 19:21:23.639550] > epoch 2, training error 22.626459 (%)
[2015-12-14 19:21:23.757853] > epoch 2, lrate 0.100000, validation error 28.359375 (%)
[2015-12-14 19:21:27.246417] > epoch 3, training error 19.601167 (%)
[2015-12-14 19:21:27.386253] > epoch 3, lrate 0.100000, validation error 27.656250 (%)
[2015-12-14 19:21:30.812637] > epoch 4, training error 17.392996 (%)
[2015-12-14 19:21:30.953472] > epoch 4, lrate 0.100000, validation error 26.406250 (%)
[2015-12-14 19:21:33.769899] > epoch 5, training error 16.196498 (%)
[2015-12-14 19:21:33.884224] > epoch 5, lrate 0.100000, validation error 25.781250 (%)
[2015-12-14 19:21:36.655272] > epoch 6, training error 15.107004 (%)
[2015-12-14 19:21:36.795116] > epoch 6, lrate 0.100000, validation error 25.312500 (%)
[2015-12-14 19:21:39.588827] > epoch 7, training error 14.231518 (%)
[2015-12-14 19:21:39.732317] > epoch 7, lrate 0.100000, validation error 24.843750 (%)
[2015-12-14 19:21:43.144031] > epoch 8, training error 13.112840 (%)
[2015-12-14 19:21:43.288374] > epoch 8, lrate 0.100000, validation error 24.296875 (%)
[2015-12-14 19:21:46.016811] > epoch 9, training error 12.120623 (%)
[2015-12-14 19:21:46.158600] > epoch 9, lrate 0.100000, validation error 24.140625 (%)
[2015-12-14 19:21:48.874772] > epoch 10, training error 11.391051 (%)
[2015-12-14 19:21:48.984747] > epoch 10, lrate 0.100000, validation error 23.515625 (%)
[2015-12-14 19:21:51.786737] > epoch 11, training error 10.573930 (%)
[2015-12-14 19:21:51.926880] > epoch 11, lrate 0.100000, validation error 23.828125 (%)
[2015-12-14 19:21:55.322880] > epoch 12, training error 10.077821 (%)
[2015-12-14 19:21:55.438117] > epoch 12, lrate 0.100000, validation error 23.828125 (%)
[2015-12-14 19:21:58.831118] > epoch 13, training error 9.435798 (%)
[2015-12-14 19:21:58.969910] > epoch 13, lrate 0.100000, validation error 23.906250 (%)
[2015-12-14 19:22:02.342547] > epoch 14, training error 8.842412 (%)
[2015-12-14 19:22:02.484557] > epoch 14, lrate 0.100000, validation error 23.828125 (%)
[2015-12-14 19:22:06.267846] > epoch 15, training error 8.326848 (%)
[2015-12-14 19:22:06.423305] > epoch 15, lrate 0.100000, validation error 23.828125 (%)
[2015-12-14 19:22:13.512789] > epoch 16, training error 7.859922 (%)
[2015-12-14 19:22:13.816439] > epoch 16, lrate 0.100000, validation error 23.437500 (%)
[2015-12-14 19:22:20.010610] > epoch 17, training error 7.188716 (%)
[2015-12-14 19:22:20.283517] > epoch 17, lrate 0.100000, validation error 23.515625 (%)
[2015-12-14 19:22:41.800286] > epoch 18, training error 6.857977 (%)
[2015-12-14 19:22:43.129885] > epoch 18, lrate 0.100000, validation error 23.203125 (%)
[2015-12-14 19:22:53.551581] > epoch 19, training error 6.585603 (%)
[2015-12-14 19:22:53.844225] > epoch 19, lrate 0.100000, validation error 22.734375 (%)
[2015-12-14 19:22:59.841655] > epoch 20, training error 6.089494 (%)
[2015-12-14 19:23:00.130192] > epoch 20, lrate 0.100000, validation error 22.656250 (%)
[2015-12-14 19:23:13.329463] > epoch 21, training error 5.807393 (%)
[2015-12-14 19:23:13.706353] > epoch 21, lrate 0.100000, validation error 22.109375 (%)
[2015-12-14 19:23:19.286993] > epoch 22, training error 5.603113 (%)
[2015-12-14 19:23:19.519546] > epoch 22, lrate 0.100000, validation error 21.562500 (%)
[2015-12-14 19:23:23.930082] > epoch 23, training error 5.398833 (%)
[2015-12-14 19:23:24.094212] > epoch 23, lrate 0.100000, validation error 20.859375 (%)
[2015-12-14 19:23:28.250142] > epoch 24, training error 5.359922 (%)
[2015-12-14 19:23:28.440146] > epoch 24, lrate 0.100000, validation error 21.093750 (%)
[2015-12-14 19:23:35.176603] > epoch 25, training error 5.428016 (%)
[2015-12-14 19:23:36.283936] > epoch 25, lrate 0.100000, validation error 20.859375 (%)
[2015-12-14 19:24:00.466468] > epoch 26, training error 5.583658 (%)
[2015-12-14 19:24:01.772718] > epoch 26, lrate 0.100000, validation error 21.406250 (%)
[2015-12-14 19:24:26.047620] > epoch 27, training error 5.612840 (%)
[2015-12-14 19:24:27.303001] > epoch 27, lrate 0.100000, validation error 21.015625 (%)
[2015-12-14 19:24:51.542198] > epoch 28, training error 5.573930 (%)
[2015-12-14 19:24:52.883672] > epoch 28, lrate 0.100000, validation error 20.312500 (%)
[2015-12-14 19:25:01.383240] > epoch 29, training error 5.301556 (%)
[2015-12-14 19:25:01.677265] > epoch 29, lrate 0.100000, validation error 19.765625 (%)
[2015-12-14 19:25:06.751177] > epoch 30, training error 5.097276 (%)
[2015-12-14 19:25:06.982591] > epoch 30, lrate 0.100000, validation error 20.234375 (%)
[2015-12-14 19:25:13.431595] > epoch 31, training error 4.815175 (%)
[2015-12-14 19:25:13.914456] > epoch 31, lrate 0.100000, validation error 20.312500 (%)
[2015-12-14 19:25:37.611324] > epoch 32, training error 3.803502 (%)
[2015-12-14 19:25:38.920808] > epoch 32, lrate 0.100000, validation error 20.000000 (%)
[2015-12-14 19:26:03.384798] > epoch 33, training error 3.278210 (%)
[2015-12-14 19:26:04.694597] > epoch 33, lrate 0.100000, validation error 20.156250 (%)
[2015-12-14 19:26:25.042462] > epoch 34, training error 3.044747 (%)
[2015-12-14 19:26:25.562720] > epoch 34, lrate 0.100000, validation error 20.625000 (%)
[2015-12-14 19:26:32.157680] > epoch 35, training error 2.830739 (%)
[2015-12-14 19:26:32.474157] > epoch 35, lrate 0.100000, validation error 21.171875 (%)
[2015-12-14 19:26:49.814560] > epoch 36, training error 2.587549 (%)
[2015-12-14 19:26:51.120516] > epoch 36, lrate 0.100000, validation error 22.421875 (%)
[2015-12-14 19:27:15.205076] > epoch 37, training error 2.480545 (%)
[2015-12-14 19:27:16.502238] > epoch 37, lrate 0.100000, validation error 22.265625 (%)
[2015-12-14 19:27:40.941929] > epoch 38, training error 2.217899 (%)
[2015-12-14 19:27:42.229771] > epoch 38, lrate 0.100000, validation error 21.484375 (%)
[2015-12-14 19:27:59.565978] > epoch 39, training error 2.120623 (%)
[2015-12-14 19:28:00.074802] > epoch 39, lrate 0.100000, validation error 21.328125 (%)
[2015-12-14 19:28:17.648905] > epoch 40, training error 1.984436 (%)
[2015-12-14 19:28:18.853082] > epoch 40, lrate 0.100000, validation error 20.312500 (%)
[2015-12-14 19:28:31.147372] > epoch 41, training error 2.003891 (%)
[2015-12-14 19:28:31.658767] > epoch 41, lrate 0.100000, validation error 20.468750 (%)
[2015-12-14 19:28:50.618530] > epoch 42, training error 1.887160 (%)
[2015-12-14 19:28:51.160791] > epoch 42, lrate 0.100000, validation error 20.781250 (%)
[2015-12-14 19:28:57.838217] > epoch 43, training error 1.906615 (%)
[2015-12-14 19:28:58.160269] > epoch 43, lrate 0.100000, validation error 20.703125 (%)
[2015-12-14 19:29:15.915488] > epoch 44, training error 1.741245 (%)
[2015-12-14 19:29:17.277598] > epoch 44, lrate 0.100000, validation error 20.390625 (%)
[2015-12-14 19:29:40.600128] > epoch 45, training error 1.546693 (%)
[2015-12-14 19:29:41.075629] > epoch 45, lrate 0.100000, validation error 19.843750 (%)
[2015-12-14 19:29:48.712887] > epoch 46, training error 1.449416 (%)
[2015-12-14 19:29:49.047496] > epoch 46, lrate 0.100000, validation error 19.843750 (%)
[2015-12-14 19:30:03.005773] > epoch 47, training error 1.313230 (%)
[2015-12-14 19:30:04.349331] > epoch 47, lrate 0.100000, validation error 20.234375 (%)
[2015-12-14 19:30:27.064125] > epoch 48, training error 1.177043 (%)
[2015-12-14 19:30:28.220885] > epoch 48, lrate 0.100000, validation error 20.156250 (%)
[2015-12-14 19:30:50.907568] > epoch 49, training error 1.138132 (%)
[2015-12-14 19:30:52.110057] > epoch 49, lrate 0.100000, validation error 20.156250 (%)
[2015-12-14 19:31:36.810148] > epoch 50, training error 1.050584 (%)
[2015-12-14 19:31:36.957510] > epoch 50, lrate 0.100000, validation error 20.078125 (%)
[2015-12-14 19:31:49.993367] > ... the final PDNN model parameter is dnn_10.param
[2015-12-14 19:31:49.997688] > ... the final PDNN model config is dnn_10.cfg
