Using gpu device 0: GeForce GT 650M
[2015-12-14 20:18:15.145852] > ... building the model
[2015-12-14 20:18:15.308709] > ... getting the finetuning functions
[2015-12-14 20:18:19.045319] > ... finetuning the model
[2015-12-14 20:18:21.302629] > epoch 1, training error 46.239837 (%)
[2015-12-14 20:18:21.503905] > epoch 1, lrate 0.100000, validation error 44.166667 (%)
[2015-12-14 20:18:22.874896] > epoch 2, training error 40.894309 (%)
[2015-12-14 20:18:22.929974] > epoch 2, lrate 0.100000, validation error 43.166667 (%)
[2015-12-14 20:18:24.511508] > epoch 3, training error 35.630081 (%)
[2015-12-14 20:18:24.566018] > epoch 3, lrate 0.100000, validation error 37.166667 (%)
[2015-12-14 20:18:26.147504] > epoch 4, training error 32.784553 (%)
[2015-12-14 20:18:26.201925] > epoch 4, lrate 0.100000, validation error 33.500000 (%)
[2015-12-14 20:18:27.782110] > epoch 5, training error 30.589431 (%)
[2015-12-14 20:18:27.837516] > epoch 5, lrate 0.100000, validation error 31.333333 (%)
[2015-12-14 20:18:29.417833] > epoch 6, training error 28.333333 (%)
[2015-12-14 20:18:29.497906] > epoch 6, lrate 0.100000, validation error 29.166667 (%)
[2015-12-14 20:18:31.053768] > epoch 7, training error 26.930894 (%)
[2015-12-14 20:18:31.133989] > epoch 7, lrate 0.100000, validation error 28.666667 (%)
[2015-12-14 20:18:32.714873] > epoch 8, training error 25.284553 (%)
[2015-12-14 20:18:32.770055] > epoch 8, lrate 0.100000, validation error 28.000000 (%)
[2015-12-14 20:18:34.401016] > epoch 9, training error 24.146341 (%)
[2015-12-14 20:18:34.462257] > epoch 9, lrate 0.100000, validation error 28.333333 (%)
[2015-12-14 20:18:36.315508] > epoch 10, training error 22.621951 (%)
[2015-12-14 20:18:36.377510] > epoch 10, lrate 0.100000, validation error 28.500000 (%)
[2015-12-14 20:18:38.205650] > epoch 11, training error 21.646341 (%)
[2015-12-14 20:18:38.289116] > epoch 11, lrate 0.100000, validation error 28.833333 (%)
[2015-12-14 20:18:40.006517] > epoch 12, training error 20.548780 (%)
[2015-12-14 20:18:40.066058] > epoch 12, lrate 0.100000, validation error 28.500000 (%)
[2015-12-14 20:18:41.750989] > epoch 13, training error 19.227642 (%)
[2015-12-14 20:18:41.834405] > epoch 13, lrate 0.100000, validation error 28.666667 (%)
[2015-12-14 20:18:43.520371] > epoch 14, training error 18.231707 (%)
[2015-12-14 20:18:43.579082] > epoch 14, lrate 0.100000, validation error 28.333333 (%)
[2015-12-14 20:18:45.289264] > epoch 15, training error 17.357724 (%)
[2015-12-14 20:18:45.347321] > epoch 15, lrate 0.100000, validation error 28.500000 (%)
[2015-12-14 20:18:47.209941] > epoch 16, training error 16.686992 (%)
[2015-12-14 20:18:47.277611] > epoch 16, lrate 0.100000, validation error 29.166667 (%)
[2015-12-14 20:18:49.273952] > epoch 17, training error 15.934959 (%)
[2015-12-14 20:18:49.341400] > epoch 17, lrate 0.100000, validation error 29.166667 (%)
[2015-12-14 20:18:51.924470] > epoch 18, training error 15.243902 (%)
[2015-12-14 20:18:52.064856] > epoch 18, lrate 0.100000, validation error 29.833333 (%)
[2015-12-14 20:18:57.101096] > epoch 19, training error 14.329268 (%)
[2015-12-14 20:18:57.644296] > epoch 19, lrate 0.100000, validation error 29.500000 (%)
[2015-12-14 20:19:08.588739] > epoch 20, training error 13.760163 (%)
[2015-12-14 20:19:09.166178] > epoch 20, lrate 0.100000, validation error 29.333333 (%)
[2015-12-14 20:19:20.182860] > epoch 21, training error 13.597561 (%)
[2015-12-14 20:19:20.768259] > epoch 21, lrate 0.100000, validation error 30.166667 (%)
[2015-12-14 20:19:31.622159] > epoch 22, training error 13.109756 (%)
[2015-12-14 20:19:32.199711] > epoch 22, lrate 0.100000, validation error 30.000000 (%)
[2015-12-14 20:19:42.893333] > epoch 23, training error 12.967480 (%)
[2015-12-14 20:19:43.464113] > epoch 23, lrate 0.100000, validation error 31.833333 (%)
[2015-12-14 20:19:54.428375] > epoch 24, training error 12.520325 (%)
[2015-12-14 20:19:54.994934] > epoch 24, lrate 0.100000, validation error 32.333333 (%)
[2015-12-14 20:20:05.882642] > epoch 25, training error 11.890244 (%)
[2015-12-14 20:20:06.464837] > epoch 25, lrate 0.100000, validation error 31.666667 (%)
[2015-12-14 20:20:17.318519] > epoch 26, training error 11.524390 (%)
[2015-12-14 20:20:17.879272] > epoch 26, lrate 0.100000, validation error 30.333333 (%)
[2015-12-14 20:20:28.744443] > epoch 27, training error 11.056911 (%)
[2015-12-14 20:20:29.304996] > epoch 27, lrate 0.100000, validation error 30.166667 (%)
[2015-12-14 20:20:40.117800] > epoch 28, training error 10.853659 (%)
[2015-12-14 20:20:40.680072] > epoch 28, lrate 0.100000, validation error 30.333333 (%)
[2015-12-14 20:20:51.634433] > epoch 29, training error 10.569106 (%)
[2015-12-14 20:20:52.165053] > epoch 29, lrate 0.100000, validation error 29.666667 (%)
[2015-12-14 20:21:03.001081] > epoch 30, training error 10.264228 (%)
[2015-12-14 20:21:03.501701] > epoch 30, lrate 0.100000, validation error 30.166667 (%)
[2015-12-14 20:21:14.476448] > epoch 31, training error 9.674797 (%)
[2015-12-14 20:21:15.053774] > epoch 31, lrate 0.100000, validation error 30.000000 (%)
[2015-12-14 20:21:25.961290] > epoch 32, training error 9.146341 (%)
[2015-12-14 20:21:26.486842] > epoch 32, lrate 0.100000, validation error 30.166667 (%)
[2015-12-14 20:21:37.426144] > epoch 33, training error 8.739837 (%)
[2015-12-14 20:21:38.294490] > epoch 33, lrate 0.100000, validation error 31.833333 (%)
[2015-12-14 20:21:49.626609] > epoch 34, training error 8.455285 (%)
[2015-12-14 20:21:50.192909] > epoch 34, lrate 0.100000, validation error 33.666667 (%)
[2015-12-14 20:22:01.520177] > epoch 35, training error 8.780488 (%)
[2015-12-14 20:22:02.096217] > epoch 35, lrate 0.100000, validation error 34.500000 (%)
[2015-12-14 20:22:13.042991] > epoch 36, training error 8.130081 (%)
[2015-12-14 20:22:13.616420] > epoch 36, lrate 0.100000, validation error 34.833333 (%)
[2015-12-14 20:22:24.504877] > epoch 37, training error 7.378049 (%)
[2015-12-14 20:22:25.049334] > epoch 37, lrate 0.100000, validation error 34.333333 (%)
[2015-12-14 20:22:35.988031] > epoch 38, training error 7.012195 (%)
[2015-12-14 20:22:36.558170] > epoch 38, lrate 0.100000, validation error 34.333333 (%)
[2015-12-14 20:22:47.405213] > epoch 39, training error 6.361789 (%)
[2015-12-14 20:22:47.983539] > epoch 39, lrate 0.100000, validation error 33.500000 (%)
[2015-12-14 20:22:58.824075] > epoch 40, training error 5.833333 (%)
[2015-12-14 20:22:59.366787] > epoch 40, lrate 0.100000, validation error 33.000000 (%)
[2015-12-14 20:23:10.360646] > epoch 41, training error 5.569106 (%)
[2015-12-14 20:23:10.841970] > epoch 41, lrate 0.100000, validation error 30.666667 (%)
[2015-12-14 20:23:21.866884] > epoch 42, training error 5.243902 (%)
[2015-12-14 20:23:22.408623] > epoch 42, lrate 0.100000, validation error 29.333333 (%)
[2015-12-14 20:23:33.405261] > epoch 43, training error 5.121951 (%)
[2015-12-14 20:23:33.928067] > epoch 43, lrate 0.100000, validation error 31.166667 (%)
[2015-12-14 20:23:44.580410] > epoch 44, training error 5.365854 (%)
[2015-12-14 20:23:45.148444] > epoch 44, lrate 0.100000, validation error 30.500000 (%)
[2015-12-14 20:23:55.994042] > epoch 45, training error 6.361789 (%)
[2015-12-14 20:23:56.537727] > epoch 45, lrate 0.100000, validation error 29.500000 (%)
[2015-12-14 20:24:07.245259] > epoch 46, training error 6.707317 (%)
[2015-12-14 20:24:07.766798] > epoch 46, lrate 0.100000, validation error 28.166667 (%)
[2015-12-14 20:24:18.654778] > epoch 47, training error 5.508130 (%)
[2015-12-14 20:24:19.225560] > epoch 47, lrate 0.100000, validation error 28.333333 (%)
[2015-12-14 20:24:30.028889] > epoch 48, training error 5.040650 (%)
[2015-12-14 20:24:30.570987] > epoch 48, lrate 0.100000, validation error 28.666667 (%)
[2015-12-14 20:24:41.453772] > epoch 49, training error 4.654472 (%)
[2015-12-14 20:24:42.035148] > epoch 49, lrate 0.100000, validation error 29.000000 (%)
[2015-12-14 20:25:43.518239] > epoch 50, training error 4.288618 (%)
[2015-12-14 20:25:43.579850] > epoch 50, lrate 0.100000, validation error 30.666667 (%)
[2015-12-14 20:25:55.710144] > ... the final PDNN model parameter is dnn_16.param
[2015-12-14 20:25:55.711921] > ... the final PDNN model config is dnn_16.cfg
