Using gpu device 0: GeForce GT 650M
[2015-12-14 19:54:09.350825] > ... building the model
[2015-12-14 19:54:09.586625] > ... getting the finetuning functions
[2015-12-14 19:54:14.394113] > ... finetuning the model
[2015-12-14 19:54:17.269753] > epoch 1, training error 37.845528 (%)
[2015-12-14 19:54:17.495648] > epoch 1, lrate 0.100000, validation error 53.333333 (%)
[2015-12-14 19:54:19.080988] > epoch 2, training error 33.048780 (%)
[2015-12-14 19:54:19.135933] > epoch 2, lrate 0.100000, validation error 33.333333 (%)
[2015-12-14 19:54:20.574356] > epoch 3, training error 28.922764 (%)
[2015-12-14 19:54:20.604835] > epoch 3, lrate 0.100000, validation error 28.166667 (%)
[2015-12-14 19:54:21.854923] > epoch 4, training error 26.361789 (%)
[2015-12-14 19:54:21.884985] > epoch 4, lrate 0.100000, validation error 25.666667 (%)
[2015-12-14 19:54:23.218622] > epoch 5, training error 24.288618 (%)
[2015-12-14 19:54:23.273934] > epoch 5, lrate 0.100000, validation error 24.500000 (%)
[2015-12-14 19:54:24.517897] > epoch 6, training error 22.357724 (%)
[2015-12-14 19:54:24.573183] > epoch 6, lrate 0.100000, validation error 25.500000 (%)
[2015-12-14 19:54:25.832788] > epoch 7, training error 20.955285 (%)
[2015-12-14 19:54:25.863080] > epoch 7, lrate 0.100000, validation error 24.833333 (%)
[2015-12-14 19:54:27.099146] > epoch 8, training error 19.369919 (%)
[2015-12-14 19:54:27.129693] > epoch 8, lrate 0.100000, validation error 25.000000 (%)
[2015-12-14 19:54:28.487648] > epoch 9, training error 18.455285 (%)
[2015-12-14 19:54:28.543188] > epoch 9, lrate 0.100000, validation error 26.000000 (%)
[2015-12-14 19:54:30.124159] > epoch 10, training error 17.378049 (%)
[2015-12-14 19:54:30.179705] > epoch 10, lrate 0.100000, validation error 26.666667 (%)
[2015-12-14 19:54:31.762608] > epoch 11, training error 16.280488 (%)
[2015-12-14 19:54:31.817881] > epoch 11, lrate 0.100000, validation error 26.166667 (%)
[2015-12-14 19:54:33.142961] > epoch 12, training error 15.000000 (%)
[2015-12-14 19:54:33.193987] > epoch 12, lrate 0.100000, validation error 25.666667 (%)
[2015-12-14 19:54:34.452816] > epoch 13, training error 13.943089 (%)
[2015-12-14 19:54:34.507712] > epoch 13, lrate 0.100000, validation error 25.666667 (%)
[2015-12-14 19:54:35.795963] > epoch 14, training error 13.231707 (%)
[2015-12-14 19:54:35.851445] > epoch 14, lrate 0.100000, validation error 26.166667 (%)
[2015-12-14 19:54:37.172622] > epoch 15, training error 12.418699 (%)
[2015-12-14 19:54:37.211693] > epoch 15, lrate 0.100000, validation error 25.500000 (%)
[2015-12-14 19:54:38.486839] > epoch 16, training error 11.971545 (%)
[2015-12-14 19:54:38.567099] > epoch 16, lrate 0.100000, validation error 25.833333 (%)
[2015-12-14 19:54:39.781860] > epoch 17, training error 11.321138 (%)
[2015-12-14 19:54:39.812612] > epoch 17, lrate 0.100000, validation error 25.500000 (%)
[2015-12-14 19:54:41.368999] > epoch 18, training error 10.467480 (%)
[2015-12-14 19:54:41.448747] > epoch 18, lrate 0.100000, validation error 25.166667 (%)
[2015-12-14 19:54:43.042573] > epoch 19, training error 9.674797 (%)
[2015-12-14 19:54:43.097873] > epoch 19, lrate 0.100000, validation error 25.833333 (%)
[2015-12-14 19:54:44.677844] > epoch 20, training error 9.065041 (%)
[2015-12-14 19:54:44.733054] > epoch 20, lrate 0.100000, validation error 26.500000 (%)
[2015-12-14 19:54:46.344982] > epoch 21, training error 8.495935 (%)
[2015-12-14 19:54:46.399946] > epoch 21, lrate 0.100000, validation error 27.666667 (%)
[2015-12-14 19:54:47.981540] > epoch 22, training error 8.292683 (%)
[2015-12-14 19:54:48.036037] > epoch 22, lrate 0.100000, validation error 27.500000 (%)
[2015-12-14 19:54:49.617346] > epoch 23, training error 8.028455 (%)
[2015-12-14 19:54:49.672108] > epoch 23, lrate 0.100000, validation error 28.000000 (%)
[2015-12-14 19:54:51.253792] > epoch 24, training error 7.987805 (%)
[2015-12-14 19:54:51.309109] > epoch 24, lrate 0.100000, validation error 29.000000 (%)
[2015-12-14 19:54:53.034244] > epoch 25, training error 8.394309 (%)
[2015-12-14 19:54:53.121140] > epoch 25, lrate 0.100000, validation error 30.666667 (%)
[2015-12-14 19:54:54.955528] > epoch 26, training error 8.495935 (%)
[2015-12-14 19:54:55.042178] > epoch 26, lrate 0.100000, validation error 30.333333 (%)
[2015-12-14 19:54:57.967816] > epoch 27, training error 8.333333 (%)
[2015-12-14 19:54:58.173542] > epoch 27, lrate 0.100000, validation error 30.000000 (%)
[2015-12-14 19:55:06.361885] > epoch 28, training error 7.601626 (%)
[2015-12-14 19:55:06.906561] > epoch 28, lrate 0.100000, validation error 29.500000 (%)
[2015-12-14 19:55:17.896727] > epoch 29, training error 6.565041 (%)
[2015-12-14 19:55:18.464585] > epoch 29, lrate 0.100000, validation error 29.666667 (%)
[2015-12-14 19:55:29.399315] > epoch 30, training error 5.914634 (%)
[2015-12-14 19:55:29.940995] > epoch 30, lrate 0.100000, validation error 30.333333 (%)
[2015-12-14 19:55:40.970884] > epoch 31, training error 5.426829 (%)
[2015-12-14 19:55:41.514631] > epoch 31, lrate 0.100000, validation error 30.000000 (%)
[2015-12-14 19:55:52.459495] > epoch 32, training error 5.142276 (%)
[2015-12-14 19:55:53.030961] > epoch 32, lrate 0.100000, validation error 30.000000 (%)
[2015-12-14 19:56:04.165822] > epoch 33, training error 4.837398 (%)
[2015-12-14 19:56:04.740518] > epoch 33, lrate 0.100000, validation error 30.166667 (%)
[2015-12-14 19:56:15.825502] > epoch 34, training error 4.898374 (%)
[2015-12-14 19:56:16.393280] > epoch 34, lrate 0.100000, validation error 29.166667 (%)
[2015-12-14 19:56:27.309618] > epoch 35, training error 4.674797 (%)
[2015-12-14 19:56:27.911596] > epoch 35, lrate 0.100000, validation error 29.166667 (%)
[2015-12-14 19:56:38.813848] > epoch 36, training error 4.491870 (%)
[2015-12-14 19:56:39.357822] > epoch 36, lrate 0.100000, validation error 29.833333 (%)
[2015-12-14 19:56:50.093013] > epoch 37, training error 4.512195 (%)
[2015-12-14 19:56:50.678599] > epoch 37, lrate 0.100000, validation error 29.833333 (%)
[2015-12-14 19:57:01.669877] > epoch 38, training error 5.934959 (%)
[2015-12-14 19:57:02.235003] > epoch 38, lrate 0.100000, validation error 32.833333 (%)
[2015-12-14 19:57:13.280422] > epoch 39, training error 5.345528 (%)
[2015-12-14 19:57:13.847356] > epoch 39, lrate 0.100000, validation error 33.166667 (%)
[2015-12-14 19:57:24.806600] > epoch 40, training error 5.101626 (%)
[2015-12-14 19:57:25.382481] > epoch 40, lrate 0.100000, validation error 31.166667 (%)
[2015-12-14 19:57:36.364889] > epoch 41, training error 4.634146 (%)
[2015-12-14 19:57:36.903643] > epoch 41, lrate 0.100000, validation error 29.333333 (%)
[2015-12-14 19:57:47.893236] > epoch 42, training error 4.186992 (%)
[2015-12-14 19:57:48.461411] > epoch 42, lrate 0.100000, validation error 26.166667 (%)
[2015-12-14 19:57:59.557919] > epoch 43, training error 4.593496 (%)
[2015-12-14 19:58:00.127241] > epoch 43, lrate 0.100000, validation error 25.666667 (%)
[2015-12-14 19:58:11.211245] > epoch 44, training error 4.065041 (%)
[2015-12-14 19:58:11.785923] > epoch 44, lrate 0.100000, validation error 25.666667 (%)
[2015-12-14 19:58:23.415229] > epoch 45, training error 3.760163 (%)
[2015-12-14 19:58:24.041974] > epoch 45, lrate 0.100000, validation error 25.500000 (%)
[2015-12-14 19:58:35.546244] > epoch 46, training error 3.455285 (%)
[2015-12-14 19:58:36.123352] > epoch 46, lrate 0.100000, validation error 26.166667 (%)
[2015-12-14 19:58:47.123792] > epoch 47, training error 2.926829 (%)
[2015-12-14 19:58:47.696624] > epoch 47, lrate 0.100000, validation error 26.000000 (%)
[2015-12-14 19:58:58.639980] > epoch 48, training error 2.682927 (%)
[2015-12-14 19:58:59.178651] > epoch 48, lrate 0.100000, validation error 25.333333 (%)
[2015-12-14 19:59:10.119078] > epoch 49, training error 2.439024 (%)
[2015-12-14 19:59:10.700055] > epoch 49, lrate 0.100000, validation error 24.500000 (%)
[2015-12-14 20:00:01.671085] > epoch 50, training error 2.337398 (%)
[2015-12-14 20:00:01.754476] > epoch 50, lrate 0.100000, validation error 24.666667 (%)
[2015-12-14 20:00:13.183887] > ... the final PDNN model parameter is dnn_14.param
[2015-12-14 20:00:13.185250] > ... the final PDNN model config is dnn_14.cfg
