Using gpu device 0: GeForce GT 650M
[2015-12-14 19:07:48.086233] > ... building the model
[2015-12-14 19:07:48.320634] > ... getting the finetuning functions
[2015-12-14 19:07:52.555576] > ... finetuning the model
[2015-12-14 19:07:57.496658] > epoch 1, training error 37.276119 (%)
[2015-12-14 19:07:57.849156] > epoch 1, lrate 0.100000, validation error 23.863636 (%)
[2015-12-14 19:08:00.802721] > epoch 2, training error 24.141791 (%)
[2015-12-14 19:08:00.943088] > epoch 2, lrate 0.100000, validation error 22.121212 (%)
[2015-12-14 19:08:04.360930] > epoch 3, training error 20.792910 (%)
[2015-12-14 19:08:04.501413] > epoch 3, lrate 0.100000, validation error 21.818182 (%)
[2015-12-14 19:08:07.954424] > epoch 4, training error 18.722015 (%)
[2015-12-14 19:08:08.095276] > epoch 4, lrate 0.100000, validation error 21.515152 (%)
[2015-12-14 19:08:11.518087] > epoch 5, training error 17.257463 (%)
[2015-12-14 19:08:11.658070] > epoch 5, lrate 0.100000, validation error 20.454545 (%)
[2015-12-14 19:08:15.095745] > epoch 6, training error 15.820896 (%)
[2015-12-14 19:08:15.212061] > epoch 6, lrate 0.100000, validation error 20.075758 (%)
[2015-12-14 19:08:18.666505] > epoch 7, training error 14.794776 (%)
[2015-12-14 19:08:18.806144] > epoch 7, lrate 0.100000, validation error 19.696970 (%)
[2015-12-14 19:08:22.448402] > epoch 8, training error 14.029851 (%)
[2015-12-14 19:08:22.596817] > epoch 8, lrate 0.100000, validation error 19.772727 (%)
[2015-12-14 19:08:26.777958] > epoch 9, training error 13.432836 (%)
[2015-12-14 19:08:26.969435] > epoch 9, lrate 0.100000, validation error 20.151515 (%)
[2015-12-14 19:08:40.534790] > epoch 10, training error 12.826493 (%)
[2015-12-14 19:08:41.015792] > epoch 10, lrate 0.100000, validation error 20.151515 (%)
[2015-12-14 19:08:48.089803] > epoch 11, training error 12.266791 (%)
[2015-12-14 19:08:48.379577] > epoch 11, lrate 0.100000, validation error 20.530303 (%)
[2015-12-14 19:08:54.086278] > epoch 12, training error 11.744403 (%)
[2015-12-14 19:08:54.319895] > epoch 12, lrate 0.100000, validation error 20.681818 (%)
[2015-12-14 19:08:58.826082] > epoch 13, training error 11.343284 (%)
[2015-12-14 19:08:59.018111] > epoch 13, lrate 0.100000, validation error 20.606061 (%)
[2015-12-14 19:09:03.049675] > epoch 14, training error 10.988806 (%)
[2015-12-14 19:09:03.205940] > epoch 14, lrate 0.100000, validation error 20.606061 (%)
[2015-12-14 19:09:07.185163] > epoch 15, training error 10.531716 (%)
[2015-12-14 19:09:07.339843] > epoch 15, lrate 0.100000, validation error 20.530303 (%)
[2015-12-14 19:09:12.184458] > epoch 16, training error 10.055970 (%)
[2015-12-14 19:09:12.376752] > epoch 16, lrate 0.100000, validation error 20.606061 (%)
[2015-12-14 19:09:16.702056] > epoch 17, training error 9.673507 (%)
[2015-12-14 19:09:16.918750] > epoch 17, lrate 0.100000, validation error 20.833333 (%)
[2015-12-14 19:09:21.871292] > epoch 18, training error 9.430970 (%)
[2015-12-14 19:09:22.164224] > epoch 18, lrate 0.100000, validation error 21.136364 (%)
[2015-12-14 19:09:40.492027] > epoch 19, training error 9.057836 (%)
[2015-12-14 19:09:40.970801] > epoch 19, lrate 0.100000, validation error 21.363636 (%)
[2015-12-14 19:09:48.091248] > epoch 20, training error 8.712687 (%)
[2015-12-14 19:09:48.324830] > epoch 20, lrate 0.100000, validation error 21.287879 (%)
[2015-12-14 19:09:53.306848] > epoch 21, training error 8.227612 (%)
[2015-12-14 19:09:53.516612] > epoch 21, lrate 0.100000, validation error 21.439394 (%)
[2015-12-14 19:09:58.121794] > epoch 22, training error 7.845149 (%)
[2015-12-14 19:09:58.314674] > epoch 22, lrate 0.100000, validation error 21.818182 (%)
[2015-12-14 19:10:02.436445] > epoch 23, training error 7.565299 (%)
[2015-12-14 19:10:02.616113] > epoch 23, lrate 0.100000, validation error 21.515152 (%)
[2015-12-14 19:10:06.610990] > epoch 24, training error 7.248134 (%)
[2015-12-14 19:10:06.766258] > epoch 24, lrate 0.100000, validation error 21.590909 (%)
[2015-12-14 19:10:10.547504] > epoch 25, training error 6.744403 (%)
[2015-12-14 19:10:10.695851] > epoch 25, lrate 0.100000, validation error 21.818182 (%)
[2015-12-14 19:10:14.233082] > epoch 26, training error 6.324627 (%)
[2015-12-14 19:10:14.347934] > epoch 26, lrate 0.100000, validation error 22.348485 (%)
[2015-12-14 19:10:17.799874] > epoch 27, training error 6.026119 (%)
[2015-12-14 19:10:17.941305] > epoch 27, lrate 0.100000, validation error 23.106061 (%)
[2015-12-14 19:10:21.636755] > epoch 28, training error 5.550373 (%)
[2015-12-14 19:10:21.817750] > epoch 28, lrate 0.100000, validation error 22.878788 (%)
[2015-12-14 19:10:26.199597] > epoch 29, training error 5.158582 (%)
[2015-12-14 19:10:26.433979] > epoch 29, lrate 0.100000, validation error 23.636364 (%)
[2015-12-14 19:10:30.952964] > epoch 30, training error 4.860075 (%)
[2015-12-14 19:10:31.145200] > epoch 30, lrate 0.100000, validation error 24.393939 (%)
[2015-12-14 19:10:35.453916] > epoch 31, training error 4.636194 (%)
[2015-12-14 19:10:35.646117] > epoch 31, lrate 0.100000, validation error 24.015152 (%)
[2015-12-14 19:10:46.301935] > epoch 32, training error 4.449627 (%)
[2015-12-14 19:10:47.514567] > epoch 32, lrate 0.100000, validation error 23.863636 (%)
[2015-12-14 19:11:11.260812] > epoch 33, training error 4.291045 (%)
[2015-12-14 19:11:12.473664] > epoch 33, lrate 0.100000, validation error 23.560606 (%)
[2015-12-14 19:11:36.375320] > epoch 34, training error 4.207090 (%)
[2015-12-14 19:11:37.569402] > epoch 34, lrate 0.100000, validation error 23.787879 (%)
[2015-12-14 19:12:01.281226] > epoch 35, training error 4.076493 (%)
[2015-12-14 19:12:02.487563] > epoch 35, lrate 0.100000, validation error 23.333333 (%)
[2015-12-14 19:12:20.391398] > epoch 36, training error 4.020522 (%)
[2015-12-14 19:12:20.815093] > epoch 36, lrate 0.100000, validation error 23.333333 (%)
[2015-12-14 19:12:27.021098] > epoch 37, training error 3.908582 (%)
[2015-12-14 19:12:27.293451] > epoch 37, lrate 0.100000, validation error 22.651515 (%)
[2015-12-14 19:12:37.813949] > epoch 38, training error 3.805970 (%)
[2015-12-14 19:12:38.106131] > epoch 38, lrate 0.100000, validation error 22.803030 (%)
[2015-12-14 19:12:43.626250] > epoch 39, training error 3.656716 (%)
[2015-12-14 19:12:43.860544] > epoch 39, lrate 0.100000, validation error 22.651515 (%)
[2015-12-14 19:12:48.321178] > epoch 40, training error 3.638060 (%)
[2015-12-14 19:12:48.515147] > epoch 40, lrate 0.100000, validation error 22.575758 (%)
[2015-12-14 19:12:52.834572] > epoch 41, training error 3.451493 (%)
[2015-12-14 19:12:53.020720] > epoch 41, lrate 0.100000, validation error 22.727273 (%)
[2015-12-14 19:12:57.048455] > epoch 42, training error 3.087687 (%)
[2015-12-14 19:12:57.204955] > epoch 42, lrate 0.100000, validation error 22.121212 (%)
[2015-12-14 19:13:01.149738] > epoch 43, training error 2.770522 (%)
[2015-12-14 19:13:01.322469] > epoch 43, lrate 0.100000, validation error 22.348485 (%)
[2015-12-14 19:13:04.983724] > epoch 44, training error 2.611940 (%)
[2015-12-14 19:13:05.123946] > epoch 44, lrate 0.100000, validation error 21.818182 (%)
[2015-12-14 19:13:08.569121] > epoch 45, training error 2.220149 (%)
[2015-12-14 19:13:08.684147] > epoch 45, lrate 0.100000, validation error 22.045455 (%)
[2015-12-14 19:13:12.166802] > epoch 46, training error 2.089552 (%)
[2015-12-14 19:13:12.281888] > epoch 46, lrate 0.100000, validation error 22.045455 (%)
[2015-12-14 19:13:15.869359] > epoch 47, training error 1.847015 (%)
[2015-12-14 19:13:16.025600] > epoch 47, lrate 0.100000, validation error 22.272727 (%)
[2015-12-14 19:13:20.326390] > epoch 48, training error 1.669776 (%)
[2015-12-14 19:13:20.536798] > epoch 48, lrate 0.100000, validation error 22.121212 (%)
[2015-12-14 19:13:34.892138] > epoch 49, training error 1.604478 (%)
[2015-12-14 19:13:36.131459] > epoch 49, lrate 0.100000, validation error 22.045455 (%)
[2015-12-14 19:14:28.211810] > epoch 50, training error 1.567164 (%)
[2015-12-14 19:14:28.352033] > epoch 50, lrate 0.100000, validation error 22.121212 (%)
[2015-12-14 19:14:39.307016] > ... the final PDNN model parameter is dnn_7.param
[2015-12-14 19:14:39.335005] > ... the final PDNN model config is dnn_7.cfg
