Using gpu device 0: GeForce GT 650M
[2015-12-14 19:16:58.102606] > ... building the model
[2015-12-14 19:16:58.312452] > ... getting the finetuning functions
[2015-12-14 19:17:02.779726] > ... finetuning the model
[2015-12-14 19:17:05.256958] > epoch 1, training error 40.138889 (%)
[2015-12-14 19:17:05.416004] > epoch 1, lrate 0.100000, validation error 26.153846 (%)
[2015-12-14 19:17:06.808770] > epoch 2, training error 28.541667 (%)
[2015-12-14 19:17:06.859755] > epoch 2, lrate 0.100000, validation error 22.692308 (%)
[2015-12-14 19:17:08.423710] > epoch 3, training error 25.648148 (%)
[2015-12-14 19:17:08.481410] > epoch 3, lrate 0.100000, validation error 20.000000 (%)
[2015-12-14 19:17:10.072225] > epoch 4, training error 23.611111 (%)
[2015-12-14 19:17:10.153426] > epoch 4, lrate 0.100000, validation error 20.576923 (%)
[2015-12-14 19:17:12.465220] > epoch 5, training error 22.106481 (%)
[2015-12-14 19:17:12.655818] > epoch 5, lrate 0.100000, validation error 20.000000 (%)
[2015-12-14 19:17:18.367859] > epoch 6, training error 21.157407 (%)
[2015-12-14 19:17:18.852344] > epoch 6, lrate 0.100000, validation error 20.576923 (%)
[2015-12-14 19:17:27.773673] > epoch 7, training error 20.347222 (%)
[2015-12-14 19:17:27.966772] > epoch 7, lrate 0.100000, validation error 20.000000 (%)
[2015-12-14 19:17:31.677701] > epoch 8, training error 19.768519 (%)
[2015-12-14 19:17:31.868027] > epoch 8, lrate 0.100000, validation error 20.769231 (%)
[2015-12-14 19:17:35.597939] > epoch 9, training error 19.189815 (%)
[2015-12-14 19:17:35.705286] > epoch 9, lrate 0.100000, validation error 20.576923 (%)
[2015-12-14 19:17:38.191341] > epoch 10, training error 18.703704 (%)
[2015-12-14 19:17:38.297641] > epoch 10, lrate 0.100000, validation error 20.576923 (%)
[2015-12-14 19:17:40.795772] > epoch 11, training error 18.263889 (%)
[2015-12-14 19:17:40.928577] > epoch 11, lrate 0.100000, validation error 20.576923 (%)
[2015-12-14 19:17:43.464315] > epoch 12, training error 17.754630 (%)
[2015-12-14 19:17:43.908835] > epoch 12, lrate 0.100000, validation error 20.192308 (%)
[2015-12-14 19:17:53.517259] > epoch 13, training error 17.569444 (%)
[2015-12-14 19:17:54.024559] > epoch 13, lrate 0.100000, validation error 20.384615 (%)
[2015-12-14 19:17:58.686415] > epoch 14, training error 17.361111 (%)
[2015-12-14 19:17:58.877392] > epoch 14, lrate 0.100000, validation error 19.615385 (%)
[2015-12-14 19:18:01.574590] > epoch 15, training error 17.152778 (%)
[2015-12-14 19:18:01.706826] > epoch 15, lrate 0.100000, validation error 19.230769 (%)
[2015-12-14 19:18:04.220121] > epoch 16, training error 16.898148 (%)
[2015-12-14 19:18:04.352660] > epoch 16, lrate 0.100000, validation error 19.807692 (%)
[2015-12-14 19:18:06.851701] > epoch 17, training error 16.550926 (%)
[2015-12-14 19:18:06.956820] > epoch 17, lrate 0.100000, validation error 19.038462 (%)
[2015-12-14 19:18:12.764537] > epoch 18, training error 16.435185 (%)
[2015-12-14 19:18:12.983072] > epoch 18, lrate 0.100000, validation error 18.461538 (%)
[2015-12-14 19:18:16.747692] > epoch 19, training error 16.365741 (%)
[2015-12-14 19:18:16.939571] > epoch 19, lrate 0.100000, validation error 17.884615 (%)
[2015-12-14 19:18:20.335218] > epoch 20, training error 16.064815 (%)
[2015-12-14 19:18:20.442588] > epoch 20, lrate 0.100000, validation error 17.884615 (%)
[2015-12-14 19:18:22.940337] > epoch 21, training error 15.902778 (%)
[2015-12-14 19:18:23.073742] > epoch 21, lrate 0.100000, validation error 17.884615 (%)
[2015-12-14 19:18:25.578441] > epoch 22, training error 15.833333 (%)
[2015-12-14 19:18:25.710743] > epoch 22, lrate 0.100000, validation error 17.692308 (%)
[2015-12-14 19:18:28.114540] > epoch 23, training error 15.648148 (%)
[2015-12-14 19:18:28.206715] > epoch 23, lrate 0.100000, validation error 18.076923 (%)
[2015-12-14 19:18:30.225014] > epoch 24, training error 15.393519 (%)
[2015-12-14 19:18:30.319506] > epoch 24, lrate 0.100000, validation error 18.076923 (%)
[2015-12-14 19:18:32.248469] > epoch 25, training error 15.254630 (%)
[2015-12-14 19:18:32.289256] > epoch 25, lrate 0.100000, validation error 18.076923 (%)
[2015-12-14 19:18:34.021707] > epoch 26, training error 15.023148 (%)
[2015-12-14 19:18:34.107804] > epoch 26, lrate 0.100000, validation error 18.076923 (%)
[2015-12-14 19:18:35.841140] > epoch 27, training error 14.791667 (%)
[2015-12-14 19:18:35.927018] > epoch 27, lrate 0.100000, validation error 18.076923 (%)
[2015-12-14 19:18:37.626011] > epoch 28, training error 14.560185 (%)
[2015-12-14 19:18:37.712662] > epoch 28, lrate 0.100000, validation error 18.653846 (%)
[2015-12-14 19:18:39.441010] > epoch 29, training error 14.444444 (%)
[2015-12-14 19:18:39.527383] > epoch 29, lrate 0.100000, validation error 18.653846 (%)
[2015-12-14 19:18:41.128021] > epoch 30, training error 14.351852 (%)
[2015-12-14 19:18:41.209454] > epoch 30, lrate 0.100000, validation error 18.846154 (%)
[2015-12-14 19:18:42.799528] > epoch 31, training error 14.259259 (%)
[2015-12-14 19:18:42.856426] > epoch 31, lrate 0.100000, validation error 19.038462 (%)
[2015-12-14 19:18:44.445572] > epoch 32, training error 14.189815 (%)
[2015-12-14 19:18:44.527726] > epoch 32, lrate 0.100000, validation error 18.653846 (%)
[2015-12-14 19:18:46.120111] > epoch 33, training error 14.143519 (%)
[2015-12-14 19:18:46.201535] > epoch 33, lrate 0.100000, validation error 18.461538 (%)
[2015-12-14 19:18:47.794461] > epoch 34, training error 14.004630 (%)
[2015-12-14 19:18:47.888137] > epoch 34, lrate 0.100000, validation error 18.269231 (%)
[2015-12-14 19:18:49.905662] > epoch 35, training error 13.935185 (%)
[2015-12-14 19:18:49.999564] > epoch 35, lrate 0.100000, validation error 18.269231 (%)
[2015-12-14 19:18:52.254256] > epoch 36, training error 13.842593 (%)
[2015-12-14 19:18:52.447216] > epoch 36, lrate 0.100000, validation error 18.846154 (%)
[2015-12-14 19:18:56.922730] > epoch 37, training error 13.680556 (%)
[2015-12-14 19:18:57.403332] > epoch 37, lrate 0.100000, validation error 18.846154 (%)
[2015-12-14 19:19:06.940691] > epoch 38, training error 13.657407 (%)
[2015-12-14 19:19:07.419647] > epoch 38, lrate 0.100000, validation error 18.846154 (%)
[2015-12-14 19:19:17.066764] > epoch 39, training error 13.634259 (%)
[2015-12-14 19:19:17.555594] > epoch 39, lrate 0.100000, validation error 18.846154 (%)
[2015-12-14 19:19:22.684724] > epoch 40, training error 13.564815 (%)
[2015-12-14 19:19:22.875062] > epoch 40, lrate 0.100000, validation error 18.846154 (%)
[2015-12-14 19:19:25.764346] > epoch 41, training error 13.472222 (%)
[2015-12-14 19:19:25.899401] > epoch 41, lrate 0.100000, validation error 18.846154 (%)
[2015-12-14 19:19:28.349357] > epoch 42, training error 13.425926 (%)
[2015-12-14 19:19:28.441919] > epoch 42, lrate 0.100000, validation error 18.846154 (%)
[2015-12-14 19:19:30.470066] > epoch 43, training error 13.333333 (%)
[2015-12-14 19:19:30.563697] > epoch 43, lrate 0.100000, validation error 18.653846 (%)
[2015-12-14 19:19:32.586478] > epoch 44, training error 13.287037 (%)
[2015-12-14 19:19:32.680248] > epoch 44, lrate 0.100000, validation error 19.038462 (%)
[2015-12-14 19:19:34.698449] > epoch 45, training error 13.217593 (%)
[2015-12-14 19:19:34.791961] > epoch 45, lrate 0.100000, validation error 19.230769 (%)
[2015-12-14 19:19:37.516009] > epoch 46, training error 13.194444 (%)
[2015-12-14 19:19:37.677740] > epoch 46, lrate 0.100000, validation error 19.038462 (%)
[2015-12-14 19:19:40.985397] > epoch 47, training error 13.148148 (%)
[2015-12-14 19:19:41.117004] > epoch 47, lrate 0.100000, validation error 19.038462 (%)
[2015-12-14 19:19:43.611687] > epoch 48, training error 13.101852 (%)
[2015-12-14 19:19:43.717314] > epoch 48, lrate 0.100000, validation error 19.038462 (%)
[2015-12-14 19:19:46.211665] > epoch 49, training error 13.009259 (%)
[2015-12-14 19:19:46.343470] > epoch 49, lrate 0.100000, validation error 18.846154 (%)
[2015-12-14 19:20:06.175520] > epoch 50, training error 13.009259 (%)
[2015-12-14 19:20:06.225903] > epoch 50, lrate 0.100000, validation error 18.846154 (%)
[2015-12-14 19:20:17.406869] > ... the final PDNN model parameter is dnn_9.param
[2015-12-14 19:20:17.408283] > ... the final PDNN model config is dnn_9.cfg
