Using gpu device 0: GeForce GT 650M
[2015-12-14 18:44:06.308125] > ... building the model
[2015-12-14 18:44:06.367004] > ... getting the finetuning functions
[2015-12-14 18:44:07.171098] > ... finetuning the model
[2015-12-14 18:44:07.317859] > epoch 1, training error 47.625000 (%)
[2015-12-14 18:44:07.326390] > epoch 1, lrate 0.100000, validation error 37.500000 (%)
[2015-12-14 18:44:07.437204] > epoch 2, training error 41.875000 (%)
[2015-12-14 18:44:07.441103] > epoch 2, lrate 0.100000, validation error 62.500000 (%)
[2015-12-14 18:44:07.554192] > epoch 3, training error 51.625000 (%)
[2015-12-14 18:44:07.557531] > epoch 3, lrate 0.100000, validation error 46.250000 (%)
[2015-12-14 18:44:07.664236] > epoch 4, training error 35.625000 (%)
[2015-12-14 18:44:07.667338] > epoch 4, lrate 0.100000, validation error 23.750000 (%)
[2015-12-14 18:44:07.776329] > epoch 5, training error 25.750000 (%)
[2015-12-14 18:44:07.780523] > epoch 5, lrate 0.100000, validation error 22.500000 (%)
[2015-12-14 18:44:07.920358] > epoch 6, training error 22.500000 (%)
[2015-12-14 18:44:07.924419] > epoch 6, lrate 0.100000, validation error 18.750000 (%)
[2015-12-14 18:44:08.042509] > epoch 7, training error 19.875000 (%)
[2015-12-14 18:44:08.046019] > epoch 7, lrate 0.100000, validation error 17.500000 (%)
[2015-12-14 18:44:08.157813] > epoch 8, training error 18.250000 (%)
[2015-12-14 18:44:08.160984] > epoch 8, lrate 0.100000, validation error 18.750000 (%)
[2015-12-14 18:44:08.267700] > epoch 9, training error 15.625000 (%)
[2015-12-14 18:44:08.270831] > epoch 9, lrate 0.100000, validation error 17.500000 (%)
[2015-12-14 18:44:08.379158] > epoch 10, training error 12.875000 (%)
[2015-12-14 18:44:08.382251] > epoch 10, lrate 0.100000, validation error 20.000000 (%)
[2015-12-14 18:44:08.510510] > epoch 11, training error 11.750000 (%)
[2015-12-14 18:44:08.513961] > epoch 11, lrate 0.100000, validation error 21.250000 (%)
[2015-12-14 18:44:08.624656] > epoch 12, training error 10.125000 (%)
[2015-12-14 18:44:08.627796] > epoch 12, lrate 0.100000, validation error 20.000000 (%)
[2015-12-14 18:44:08.734609] > epoch 13, training error 8.750000 (%)
[2015-12-14 18:44:08.737720] > epoch 13, lrate 0.100000, validation error 20.000000 (%)
[2015-12-14 18:44:08.845178] > epoch 14, training error 6.500000 (%)
[2015-12-14 18:44:08.848290] > epoch 14, lrate 0.100000, validation error 17.500000 (%)
[2015-12-14 18:44:08.955449] > epoch 15, training error 6.750000 (%)
[2015-12-14 18:44:08.958567] > epoch 15, lrate 0.100000, validation error 16.250000 (%)
[2015-12-14 18:44:09.075477] > epoch 16, training error 6.625000 (%)
[2015-12-14 18:44:09.079909] > epoch 16, lrate 0.100000, validation error 16.250000 (%)
[2015-12-14 18:44:09.203323] > epoch 17, training error 6.750000 (%)
[2015-12-14 18:44:09.208472] > epoch 17, lrate 0.100000, validation error 18.750000 (%)
[2015-12-14 18:44:09.330042] > epoch 18, training error 5.750000 (%)
[2015-12-14 18:44:09.333341] > epoch 18, lrate 0.100000, validation error 20.000000 (%)
[2015-12-14 18:44:09.438559] > epoch 19, training error 4.125000 (%)
[2015-12-14 18:44:09.441615] > epoch 19, lrate 0.100000, validation error 20.000000 (%)
[2015-12-14 18:44:09.548520] > epoch 20, training error 4.500000 (%)
[2015-12-14 18:44:09.554532] > epoch 20, lrate 0.100000, validation error 20.000000 (%)
[2015-12-14 18:44:09.690947] > epoch 21, training error 4.000000 (%)
[2015-12-14 18:44:09.694367] > epoch 21, lrate 0.100000, validation error 20.000000 (%)
[2015-12-14 18:44:09.804197] > epoch 22, training error 4.000000 (%)
[2015-12-14 18:44:09.807551] > epoch 22, lrate 0.100000, validation error 15.000000 (%)
[2015-12-14 18:44:09.915431] > epoch 23, training error 3.875000 (%)
[2015-12-14 18:44:09.918650] > epoch 23, lrate 0.100000, validation error 26.250000 (%)
[2015-12-14 18:44:10.024662] > epoch 24, training error 4.750000 (%)
[2015-12-14 18:44:10.027769] > epoch 24, lrate 0.100000, validation error 35.000000 (%)
[2015-12-14 18:44:10.132910] > epoch 25, training error 5.125000 (%)
[2015-12-14 18:44:10.136008] > epoch 25, lrate 0.100000, validation error 45.000000 (%)
[2015-12-14 18:44:10.242144] > epoch 26, training error 4.875000 (%)
[2015-12-14 18:44:10.245325] > epoch 26, lrate 0.100000, validation error 27.500000 (%)
[2015-12-14 18:44:10.350776] > epoch 27, training error 5.500000 (%)
[2015-12-14 18:44:10.353884] > epoch 27, lrate 0.100000, validation error 17.500000 (%)
[2015-12-14 18:44:10.458130] > epoch 28, training error 3.750000 (%)
[2015-12-14 18:44:10.461233] > epoch 28, lrate 0.100000, validation error 21.250000 (%)
[2015-12-14 18:44:10.566010] > epoch 29, training error 1.250000 (%)
[2015-12-14 18:44:10.569100] > epoch 29, lrate 0.100000, validation error 20.000000 (%)
[2015-12-14 18:44:10.682252] > epoch 30, training error 1.250000 (%)
[2015-12-14 18:44:10.685720] > epoch 30, lrate 0.100000, validation error 21.250000 (%)
[2015-12-14 18:44:10.794744] > epoch 31, training error 0.625000 (%)
[2015-12-14 18:44:10.797893] > epoch 31, lrate 0.100000, validation error 21.250000 (%)
[2015-12-14 18:44:10.902449] > epoch 32, training error 0.500000 (%)
[2015-12-14 18:44:10.905582] > epoch 32, lrate 0.100000, validation error 21.250000 (%)
[2015-12-14 18:44:11.010158] > epoch 33, training error 0.375000 (%)
[2015-12-14 18:44:11.013235] > epoch 33, lrate 0.100000, validation error 21.250000 (%)
[2015-12-14 18:44:11.119439] > epoch 34, training error 0.375000 (%)
[2015-12-14 18:44:11.122622] > epoch 34, lrate 0.100000, validation error 21.250000 (%)
[2015-12-14 18:44:11.229287] > epoch 35, training error 0.375000 (%)
[2015-12-14 18:44:11.232420] > epoch 35, lrate 0.100000, validation error 20.000000 (%)
[2015-12-14 18:44:11.336837] > epoch 36, training error 0.375000 (%)
[2015-12-14 18:44:11.339929] > epoch 36, lrate 0.100000, validation error 20.000000 (%)
[2015-12-14 18:44:11.445059] > epoch 37, training error 0.375000 (%)
[2015-12-14 18:44:11.448204] > epoch 37, lrate 0.100000, validation error 18.750000 (%)
[2015-12-14 18:44:11.566069] > epoch 38, training error 0.375000 (%)
[2015-12-14 18:44:11.569613] > epoch 38, lrate 0.100000, validation error 17.500000 (%)
[2015-12-14 18:44:11.678198] > epoch 39, training error 0.375000 (%)
[2015-12-14 18:44:11.681343] > epoch 39, lrate 0.100000, validation error 16.250000 (%)
[2015-12-14 18:44:11.785688] > epoch 40, training error 0.375000 (%)
[2015-12-14 18:44:11.788793] > epoch 40, lrate 0.100000, validation error 16.250000 (%)
[2015-12-14 18:44:11.894008] > epoch 41, training error 0.375000 (%)
[2015-12-14 18:44:11.897143] > epoch 41, lrate 0.100000, validation error 16.250000 (%)
[2015-12-14 18:44:12.001567] > epoch 42, training error 0.375000 (%)
[2015-12-14 18:44:12.004684] > epoch 42, lrate 0.100000, validation error 15.000000 (%)
[2015-12-14 18:44:12.111000] > epoch 43, training error 0.375000 (%)
[2015-12-14 18:44:12.114140] > epoch 43, lrate 0.100000, validation error 15.000000 (%)
[2015-12-14 18:44:12.218879] > epoch 44, training error 0.375000 (%)
[2015-12-14 18:44:12.222002] > epoch 44, lrate 0.100000, validation error 15.000000 (%)
[2015-12-14 18:44:12.328851] > epoch 45, training error 0.375000 (%)
[2015-12-14 18:44:12.331993] > epoch 45, lrate 0.100000, validation error 15.000000 (%)
[2015-12-14 18:44:12.436317] > epoch 46, training error 0.375000 (%)
[2015-12-14 18:44:12.439415] > epoch 46, lrate 0.100000, validation error 15.000000 (%)
[2015-12-14 18:44:12.543916] > epoch 47, training error 0.375000 (%)
[2015-12-14 18:44:12.547019] > epoch 47, lrate 0.100000, validation error 15.000000 (%)
[2015-12-14 18:44:12.651388] > epoch 48, training error 0.375000 (%)
[2015-12-14 18:44:12.654503] > epoch 48, lrate 0.100000, validation error 15.000000 (%)
[2015-12-14 18:44:12.758953] > epoch 49, training error 0.250000 (%)
[2015-12-14 18:44:12.762051] > epoch 49, lrate 0.100000, validation error 15.000000 (%)
[2015-12-14 18:44:18.115141] > epoch 50, training error 0.250000 (%)
[2015-12-14 18:44:18.119750] > epoch 50, lrate 0.100000, validation error 15.000000 (%)
[2015-12-14 18:44:23.753574] > ... the final PDNN model parameter is dnn_1.param
[2015-12-14 18:44:23.754739] > ... the final PDNN model config is dnn_1.cfg
