Using gpu device 0: GeForce GT 650M
[2015-12-14 18:45:51.061207] > ... building the model
[2015-12-14 18:45:51.228083] > ... getting the finetuning functions
[2015-12-14 18:45:54.625069] > ... finetuning the model
[2015-12-14 18:45:56.465821] > epoch 1, training error 28.850000 (%)
[2015-12-14 18:45:56.597820] > epoch 1, lrate 0.100000, validation error 21.041667 (%)
[2015-12-14 18:45:57.544951] > epoch 2, training error 19.575000 (%)
[2015-12-14 18:45:57.593848] > epoch 2, lrate 0.100000, validation error 24.375000 (%)
[2015-12-14 18:45:58.573448] > epoch 3, training error 16.425000 (%)
[2015-12-14 18:45:58.597554] > epoch 3, lrate 0.100000, validation error 25.416667 (%)
[2015-12-14 18:45:59.564049] > epoch 4, training error 14.325000 (%)
[2015-12-14 18:45:59.588245] > epoch 4, lrate 0.100000, validation error 25.833333 (%)
[2015-12-14 18:46:00.586533] > epoch 5, training error 12.975000 (%)
[2015-12-14 18:46:00.610872] > epoch 5, lrate 0.100000, validation error 26.666667 (%)
[2015-12-14 18:46:01.582965] > epoch 6, training error 11.175000 (%)
[2015-12-14 18:46:01.607557] > epoch 6, lrate 0.100000, validation error 26.041667 (%)
[2015-12-14 18:46:02.571850] > epoch 7, training error 10.300000 (%)
[2015-12-14 18:46:02.596288] > epoch 7, lrate 0.100000, validation error 26.458333 (%)
[2015-12-14 18:46:03.527070] > epoch 8, training error 9.125000 (%)
[2015-12-14 18:46:03.576615] > epoch 8, lrate 0.100000, validation error 27.291667 (%)
[2015-12-14 18:46:04.518655] > epoch 9, training error 8.100000 (%)
[2015-12-14 18:46:04.542935] > epoch 9, lrate 0.100000, validation error 27.083333 (%)
[2015-12-14 18:46:05.514424] > epoch 10, training error 7.125000 (%)
[2015-12-14 18:46:05.538667] > epoch 10, lrate 0.100000, validation error 25.416667 (%)
[2015-12-14 18:46:06.508075] > epoch 11, training error 6.225000 (%)
[2015-12-14 18:46:06.532579] > epoch 11, lrate 0.100000, validation error 24.375000 (%)
[2015-12-14 18:46:07.482406] > epoch 12, training error 5.300000 (%)
[2015-12-14 18:46:07.506510] > epoch 12, lrate 0.100000, validation error 22.500000 (%)
[2015-12-14 18:46:08.504160] > epoch 13, training error 4.525000 (%)
[2015-12-14 18:46:08.578026] > epoch 13, lrate 0.100000, validation error 20.833333 (%)
[2015-12-14 18:46:09.590562] > epoch 14, training error 4.600000 (%)
[2015-12-14 18:46:09.639770] > epoch 14, lrate 0.100000, validation error 19.791667 (%)
[2015-12-14 18:46:10.635936] > epoch 15, training error 4.475000 (%)
[2015-12-14 18:46:10.685367] > epoch 15, lrate 0.100000, validation error 19.166667 (%)
[2015-12-14 18:46:11.660567] > epoch 16, training error 4.200000 (%)
[2015-12-14 18:46:11.709739] > epoch 16, lrate 0.100000, validation error 19.583333 (%)
[2015-12-14 18:46:12.910043] > epoch 17, training error 3.875000 (%)
[2015-12-14 18:46:12.983608] > epoch 17, lrate 0.100000, validation error 13.750000 (%)
[2015-12-14 18:46:14.247619] > epoch 18, training error 3.375000 (%)
[2015-12-14 18:46:14.295873] > epoch 18, lrate 0.100000, validation error 13.750000 (%)
[2015-12-14 18:46:15.585305] > epoch 19, training error 3.125000 (%)
[2015-12-14 18:46:15.633915] > epoch 19, lrate 0.100000, validation error 13.958333 (%)
[2015-12-14 18:46:16.923949] > epoch 20, training error 2.500000 (%)
[2015-12-14 18:46:16.973273] > epoch 20, lrate 0.100000, validation error 13.125000 (%)
[2015-12-14 18:46:18.237824] > epoch 21, training error 2.675000 (%)
[2015-12-14 18:46:18.311593] > epoch 21, lrate 0.100000, validation error 13.541667 (%)
[2015-12-14 18:46:19.573857] > epoch 22, training error 3.350000 (%)
[2015-12-14 18:46:19.622942] > epoch 22, lrate 0.100000, validation error 15.416667 (%)
[2015-12-14 18:46:20.913320] > epoch 23, training error 3.050000 (%)
[2015-12-14 18:46:20.961946] > epoch 23, lrate 0.100000, validation error 22.083333 (%)
[2015-12-14 18:46:22.250836] > epoch 24, training error 2.650000 (%)
[2015-12-14 18:46:22.299897] > epoch 24, lrate 0.100000, validation error 15.208333 (%)
[2015-12-14 18:46:23.563980] > epoch 25, training error 1.725000 (%)
[2015-12-14 18:46:23.613213] > epoch 25, lrate 0.100000, validation error 13.958333 (%)
[2015-12-14 18:46:25.037133] > epoch 26, training error 1.400000 (%)
[2015-12-14 18:46:25.091948] > epoch 26, lrate 0.100000, validation error 13.541667 (%)
[2015-12-14 18:46:26.575673] > epoch 27, training error 1.075000 (%)
[2015-12-14 18:46:26.630106] > epoch 27, lrate 0.100000, validation error 13.958333 (%)
[2015-12-14 18:46:28.205158] > epoch 28, training error 0.775000 (%)
[2015-12-14 18:46:28.393439] > epoch 28, lrate 0.100000, validation error 13.541667 (%)
[2015-12-14 18:46:31.911921] > epoch 29, training error 0.700000 (%)
[2015-12-14 18:46:32.136929] > epoch 29, lrate 0.100000, validation error 13.125000 (%)
[2015-12-14 18:46:41.162485] > epoch 30, training error 0.550000 (%)
[2015-12-14 18:46:41.598657] > epoch 30, lrate 0.100000, validation error 13.750000 (%)
[2015-12-14 18:46:50.812123] > epoch 31, training error 0.350000 (%)
[2015-12-14 18:46:51.255906] > epoch 31, lrate 0.100000, validation error 14.583333 (%)
[2015-12-14 18:47:00.467907] > epoch 32, training error 0.075000 (%)
[2015-12-14 18:47:00.901874] > epoch 32, lrate 0.100000, validation error 13.333333 (%)
[2015-12-14 18:47:09.742102] > epoch 33, training error 0.050000 (%)
[2015-12-14 18:47:10.215679] > epoch 33, lrate 0.100000, validation error 13.958333 (%)
[2015-12-14 18:47:19.146439] > epoch 34, training error 0.000000 (%)
[2015-12-14 18:47:19.608344] > epoch 34, lrate 0.100000, validation error 14.166667 (%)
[2015-12-14 18:47:23.603147] > epoch 35, training error 0.000000 (%)
[2015-12-14 18:47:23.788606] > epoch 35, lrate 0.100000, validation error 13.541667 (%)
[2015-12-14 18:47:26.298525] > epoch 36, training error 0.000000 (%)
[2015-12-14 18:47:26.424673] > epoch 36, lrate 0.100000, validation error 13.333333 (%)
[2015-12-14 18:47:28.731880] > epoch 37, training error 0.000000 (%)
[2015-12-14 18:47:28.832855] > epoch 37, lrate 0.100000, validation error 13.541667 (%)
[2015-12-14 18:47:31.183652] > epoch 38, training error 0.000000 (%)
[2015-12-14 18:47:31.287331] > epoch 38, lrate 0.100000, validation error 13.541667 (%)
[2015-12-14 18:47:33.347987] > epoch 39, training error 0.000000 (%)
[2015-12-14 18:47:33.437680] > epoch 39, lrate 0.100000, validation error 13.541667 (%)
[2015-12-14 18:47:35.313652] > epoch 40, training error 0.000000 (%)
[2015-12-14 18:47:35.405482] > epoch 40, lrate 0.100000, validation error 13.333333 (%)
[2015-12-14 18:47:37.283824] > epoch 41, training error 0.000000 (%)
[2015-12-14 18:47:37.373601] > epoch 41, lrate 0.100000, validation error 13.125000 (%)
[2015-12-14 18:47:39.244112] > epoch 42, training error 0.000000 (%)
[2015-12-14 18:47:39.340919] > epoch 42, lrate 0.100000, validation error 12.916667 (%)
[2015-12-14 18:47:41.113959] > epoch 43, training error 0.000000 (%)
[2015-12-14 18:47:41.173228] > epoch 43, lrate 0.100000, validation error 12.916667 (%)
[2015-12-14 18:47:42.792664] > epoch 44, training error 0.000000 (%)
[2015-12-14 18:47:42.851470] > epoch 44, lrate 0.100000, validation error 12.916667 (%)
[2015-12-14 18:47:44.473959] > epoch 45, training error 0.000000 (%)
[2015-12-14 18:47:44.532616] > epoch 45, lrate 0.100000, validation error 12.916667 (%)
[2015-12-14 18:47:46.073843] > epoch 46, training error 0.000000 (%)
[2015-12-14 18:47:46.158239] > epoch 46, lrate 0.100000, validation error 12.916667 (%)
[2015-12-14 18:47:47.794026] > epoch 47, training error 0.000000 (%)
[2015-12-14 18:47:47.852095] > epoch 47, lrate 0.100000, validation error 12.916667 (%)
[2015-12-14 18:47:49.906982] > epoch 48, training error 0.000000 (%)
[2015-12-14 18:47:50.009204] > epoch 48, lrate 0.100000, validation error 12.916667 (%)
[2015-12-14 18:47:52.351255] > epoch 49, training error 0.000000 (%)
[2015-12-14 18:47:52.452669] > epoch 49, lrate 0.100000, validation error 13.333333 (%)
[2015-12-14 18:48:31.435419] > epoch 50, training error 0.000000 (%)
[2015-12-14 18:48:31.514783] > epoch 50, lrate 0.100000, validation error 13.125000 (%)
[2015-12-14 18:48:43.665587] > ... the final PDNN model parameter is dnn_3.param
[2015-12-14 18:48:43.666525] > ... the final PDNN model config is dnn_3.cfg
