Using gpu device 0: GeForce GT 650M
[2015-12-14 18:44:34.747064] > ... building the model
[2015-12-14 18:44:34.876113] > ... getting the finetuning functions
[2015-12-14 18:44:37.093761] > ... finetuning the model
[2015-12-14 18:44:38.787820] > epoch 1, training error 47.670068 (%)
[2015-12-14 18:44:38.913147] > epoch 1, lrate 0.100000, validation error 55.138889 (%)
[2015-12-14 18:44:39.839577] > epoch 2, training error 42.636054 (%)
[2015-12-14 18:44:39.875768] > epoch 2, lrate 0.100000, validation error 44.027778 (%)
[2015-12-14 18:44:40.796684] > epoch 3, training error 40.646259 (%)
[2015-12-14 18:44:40.832761] > epoch 3, lrate 0.100000, validation error 42.222222 (%)
[2015-12-14 18:44:41.750116] > epoch 4, training error 38.554422 (%)
[2015-12-14 18:44:41.786284] > epoch 4, lrate 0.100000, validation error 41.250000 (%)
[2015-12-14 18:44:42.703502] > epoch 5, training error 36.734694 (%)
[2015-12-14 18:44:42.739677] > epoch 5, lrate 0.100000, validation error 41.250000 (%)
[2015-12-14 18:44:43.657079] > epoch 6, training error 34.829932 (%)
[2015-12-14 18:44:43.692975] > epoch 6, lrate 0.100000, validation error 40.694444 (%)
[2015-12-14 18:44:44.611018] > epoch 7, training error 33.061224 (%)
[2015-12-14 18:44:44.646935] > epoch 7, lrate 0.100000, validation error 40.138889 (%)
[2015-12-14 18:44:45.564435] > epoch 8, training error 31.139456 (%)
[2015-12-14 18:44:45.600968] > epoch 8, lrate 0.100000, validation error 39.861111 (%)
[2015-12-14 18:44:46.521042] > epoch 9, training error 29.591837 (%)
[2015-12-14 18:44:46.557340] > epoch 9, lrate 0.100000, validation error 38.333333 (%)
[2015-12-14 18:44:47.474279] > epoch 10, training error 27.806122 (%)
[2015-12-14 18:44:47.510461] > epoch 10, lrate 0.100000, validation error 37.916667 (%)
[2015-12-14 18:44:48.427921] > epoch 11, training error 26.751701 (%)
[2015-12-14 18:44:48.464080] > epoch 11, lrate 0.100000, validation error 38.194444 (%)
[2015-12-14 18:44:49.380700] > epoch 12, training error 25.476190 (%)
[2015-12-14 18:44:49.416905] > epoch 12, lrate 0.100000, validation error 38.611111 (%)
[2015-12-14 18:44:50.333390] > epoch 13, training error 23.996599 (%)
[2015-12-14 18:44:50.369516] > epoch 13, lrate 0.100000, validation error 39.027778 (%)
[2015-12-14 18:44:51.285637] > epoch 14, training error 22.585034 (%)
[2015-12-14 18:44:51.321881] > epoch 14, lrate 0.100000, validation error 38.750000 (%)
[2015-12-14 18:44:52.238543] > epoch 15, training error 21.462585 (%)
[2015-12-14 18:44:52.274668] > epoch 15, lrate 0.100000, validation error 38.472222 (%)
[2015-12-14 18:44:53.191631] > epoch 16, training error 20.595238 (%)
[2015-12-14 18:44:53.227849] > epoch 16, lrate 0.100000, validation error 38.888889 (%)
[2015-12-14 18:44:54.144443] > epoch 17, training error 19.455782 (%)
[2015-12-14 18:44:54.180664] > epoch 17, lrate 0.100000, validation error 39.166667 (%)
[2015-12-14 18:44:55.097269] > epoch 18, training error 18.503401 (%)
[2015-12-14 18:44:55.133339] > epoch 18, lrate 0.100000, validation error 39.444444 (%)
[2015-12-14 18:44:56.049504] > epoch 19, training error 17.653061 (%)
[2015-12-14 18:44:56.085734] > epoch 19, lrate 0.100000, validation error 38.888889 (%)
[2015-12-14 18:44:57.001491] > epoch 20, training error 16.700680 (%)
[2015-12-14 18:44:57.037491] > epoch 20, lrate 0.100000, validation error 39.166667 (%)
[2015-12-14 18:44:57.954627] > epoch 21, training error 16.037415 (%)
[2015-12-14 18:44:57.990790] > epoch 21, lrate 0.100000, validation error 38.611111 (%)
[2015-12-14 18:44:58.906914] > epoch 22, training error 14.948980 (%)
[2015-12-14 18:44:58.943102] > epoch 22, lrate 0.100000, validation error 38.750000 (%)
[2015-12-14 18:44:59.859281] > epoch 23, training error 14.166667 (%)
[2015-12-14 18:44:59.895501] > epoch 23, lrate 0.100000, validation error 39.166667 (%)
[2015-12-14 18:45:00.815596] > epoch 24, training error 13.503401 (%)
[2015-12-14 18:45:00.851721] > epoch 24, lrate 0.100000, validation error 39.166667 (%)
[2015-12-14 18:45:01.771933] > epoch 25, training error 12.704082 (%)
[2015-12-14 18:45:01.808168] > epoch 25, lrate 0.100000, validation error 39.166667 (%)
[2015-12-14 18:45:02.729072] > epoch 26, training error 11.870748 (%)
[2015-12-14 18:45:02.765135] > epoch 26, lrate 0.100000, validation error 39.305556 (%)
[2015-12-14 18:45:03.685285] > epoch 27, training error 11.224490 (%)
[2015-12-14 18:45:03.721429] > epoch 27, lrate 0.100000, validation error 38.750000 (%)
[2015-12-14 18:45:04.641590] > epoch 28, training error 10.731293 (%)
[2015-12-14 18:45:04.677712] > epoch 28, lrate 0.100000, validation error 41.388889 (%)
[2015-12-14 18:45:05.597719] > epoch 29, training error 10.238095 (%)
[2015-12-14 18:45:05.633766] > epoch 29, lrate 0.100000, validation error 47.916667 (%)
[2015-12-14 18:45:06.550501] > epoch 30, training error 12.397959 (%)
[2015-12-14 18:45:06.586653] > epoch 30, lrate 0.100000, validation error 47.361111 (%)
[2015-12-14 18:45:07.502918] > epoch 31, training error 13.894558 (%)
[2015-12-14 18:45:07.539170] > epoch 31, lrate 0.100000, validation error 37.916667 (%)
[2015-12-14 18:45:08.455238] > epoch 32, training error 13.588435 (%)
[2015-12-14 18:45:08.491347] > epoch 32, lrate 0.100000, validation error 39.444444 (%)
[2015-12-14 18:45:09.407575] > epoch 33, training error 12.244898 (%)
[2015-12-14 18:45:09.443624] > epoch 33, lrate 0.100000, validation error 40.277778 (%)
[2015-12-14 18:45:10.360719] > epoch 34, training error 11.836735 (%)
[2015-12-14 18:45:10.396860] > epoch 34, lrate 0.100000, validation error 40.000000 (%)
[2015-12-14 18:45:11.314074] > epoch 35, training error 11.581633 (%)
[2015-12-14 18:45:11.350413] > epoch 35, lrate 0.100000, validation error 40.277778 (%)
[2015-12-14 18:45:12.266260] > epoch 36, training error 10.901361 (%)
[2015-12-14 18:45:12.302504] > epoch 36, lrate 0.100000, validation error 39.444444 (%)
[2015-12-14 18:45:13.219249] > epoch 37, training error 10.357143 (%)
[2015-12-14 18:45:13.255313] > epoch 37, lrate 0.100000, validation error 38.472222 (%)
[2015-12-14 18:45:14.171580] > epoch 38, training error 10.221088 (%)
[2015-12-14 18:45:14.207894] > epoch 38, lrate 0.100000, validation error 37.500000 (%)
[2015-12-14 18:45:15.123938] > epoch 39, training error 9.846939 (%)
[2015-12-14 18:45:15.160047] > epoch 39, lrate 0.100000, validation error 36.666667 (%)
[2015-12-14 18:45:16.076534] > epoch 40, training error 9.982993 (%)
[2015-12-14 18:45:16.112727] > epoch 40, lrate 0.100000, validation error 37.361111 (%)
[2015-12-14 18:45:17.029348] > epoch 41, training error 9.897959 (%)
[2015-12-14 18:45:17.065833] > epoch 41, lrate 0.100000, validation error 38.194444 (%)
[2015-12-14 18:45:17.981974] > epoch 42, training error 9.693878 (%)
[2015-12-14 18:45:18.018129] > epoch 42, lrate 0.100000, validation error 39.166667 (%)
[2015-12-14 18:45:18.934441] > epoch 43, training error 9.081633 (%)
[2015-12-14 18:45:18.970632] > epoch 43, lrate 0.100000, validation error 39.305556 (%)
[2015-12-14 18:45:19.886702] > epoch 44, training error 8.435374 (%)
[2015-12-14 18:45:19.922887] > epoch 44, lrate 0.100000, validation error 39.166667 (%)
[2015-12-14 18:45:20.839076] > epoch 45, training error 7.670068 (%)
[2015-12-14 18:45:20.875187] > epoch 45, lrate 0.100000, validation error 39.444444 (%)
[2015-12-14 18:45:21.791499] > epoch 46, training error 6.479592 (%)
[2015-12-14 18:45:21.827494] > epoch 46, lrate 0.100000, validation error 39.305556 (%)
[2015-12-14 18:45:22.743752] > epoch 47, training error 5.527211 (%)
[2015-12-14 18:45:22.779848] > epoch 47, lrate 0.100000, validation error 38.611111 (%)
[2015-12-14 18:45:23.696014] > epoch 48, training error 4.846939 (%)
[2015-12-14 18:45:23.732335] > epoch 48, lrate 0.100000, validation error 38.333333 (%)
[2015-12-14 18:45:24.648730] > epoch 49, training error 4.489796 (%)
[2015-12-14 18:45:24.684865] > epoch 49, lrate 0.100000, validation error 38.611111 (%)
[2015-12-14 18:45:31.303655] > epoch 50, training error 4.183673 (%)
[2015-12-14 18:45:31.339854] > epoch 50, lrate 0.100000, validation error 38.055556 (%)
[2015-12-14 18:45:37.031312] > ... the final PDNN model parameter is dnn_2.param
[2015-12-14 18:45:37.033315] > ... the final PDNN model config is dnn_2.cfg
