Using gpu device 0: GeForce GT 650M
[2015-12-14 19:14:56.771088] > ... building the model
[2015-12-14 19:14:56.938264] > ... getting the finetuning functions
[2015-12-14 19:15:00.237442] > ... finetuning the model
[2015-12-14 19:15:02.365643] > epoch 1, training error 46.138211 (%)
[2015-12-14 19:15:02.522005] > epoch 1, lrate 0.100000, validation error 43.166667 (%)
[2015-12-14 19:15:03.709490] > epoch 2, training error 42.479675 (%)
[2015-12-14 19:15:03.764060] > epoch 2, lrate 0.100000, validation error 43.166667 (%)
[2015-12-14 19:15:04.960279] > epoch 3, training error 39.430894 (%)
[2015-12-14 19:15:04.990486] > epoch 3, lrate 0.100000, validation error 41.833333 (%)
[2015-12-14 19:15:06.185414] > epoch 4, training error 36.971545 (%)
[2015-12-14 19:15:06.239817] > epoch 4, lrate 0.100000, validation error 39.000000 (%)
[2015-12-14 19:15:07.470395] > epoch 5, training error 35.752033 (%)
[2015-12-14 19:15:07.525722] > epoch 5, lrate 0.100000, validation error 37.666667 (%)
[2015-12-14 19:15:09.109830] > epoch 6, training error 34.207317 (%)
[2015-12-14 19:15:09.165181] > epoch 6, lrate 0.100000, validation error 38.500000 (%)
[2015-12-14 19:15:10.779149] > epoch 7, training error 32.764228 (%)
[2015-12-14 19:15:10.833990] > epoch 7, lrate 0.100000, validation error 38.000000 (%)
[2015-12-14 19:15:12.421868] > epoch 8, training error 31.565041 (%)
[2015-12-14 19:15:12.477313] > epoch 8, lrate 0.100000, validation error 37.166667 (%)
[2015-12-14 19:15:14.058904] > epoch 9, training error 30.325203 (%)
[2015-12-14 19:15:14.138039] > epoch 9, lrate 0.100000, validation error 36.000000 (%)
[2015-12-14 19:15:15.593851] > epoch 10, training error 29.430894 (%)
[2015-12-14 19:15:15.649282] > epoch 10, lrate 0.100000, validation error 36.333333 (%)
[2015-12-14 19:15:16.867657] > epoch 11, training error 28.658537 (%)
[2015-12-14 19:15:16.921981] > epoch 11, lrate 0.100000, validation error 36.000000 (%)
[2015-12-14 19:15:18.149407] > epoch 12, training error 27.662602 (%)
[2015-12-14 19:15:18.203984] > epoch 12, lrate 0.100000, validation error 35.500000 (%)
[2015-12-14 19:15:19.450528] > epoch 13, training error 26.565041 (%)
[2015-12-14 19:15:19.480782] > epoch 13, lrate 0.100000, validation error 35.833333 (%)
[2015-12-14 19:15:20.686148] > epoch 14, training error 25.772358 (%)
[2015-12-14 19:15:20.765965] > epoch 14, lrate 0.100000, validation error 36.166667 (%)
[2015-12-14 19:15:21.983484] > epoch 15, training error 25.101626 (%)
[2015-12-14 19:15:22.062192] > epoch 15, lrate 0.100000, validation error 36.833333 (%)
[2015-12-14 19:15:23.450853] > epoch 16, training error 24.146341 (%)
[2015-12-14 19:15:23.505895] > epoch 16, lrate 0.100000, validation error 36.500000 (%)
[2015-12-14 19:15:25.086160] > epoch 17, training error 23.516260 (%)
[2015-12-14 19:15:25.141435] > epoch 17, lrate 0.100000, validation error 36.000000 (%)
[2015-12-14 19:15:26.722553] > epoch 18, training error 22.357724 (%)
[2015-12-14 19:15:26.777826] > epoch 18, lrate 0.100000, validation error 36.666667 (%)
[2015-12-14 19:15:28.354721] > epoch 19, training error 21.402439 (%)
[2015-12-14 19:15:28.409784] > epoch 19, lrate 0.100000, validation error 36.666667 (%)
[2015-12-14 19:15:29.989880] > epoch 20, training error 20.609756 (%)
[2015-12-14 19:15:30.045127] > epoch 20, lrate 0.100000, validation error 37.000000 (%)
[2015-12-14 19:15:31.624862] > epoch 21, training error 19.715447 (%)
[2015-12-14 19:15:31.703605] > epoch 21, lrate 0.100000, validation error 36.000000 (%)
[2015-12-14 19:15:33.260216] > epoch 22, training error 19.044715 (%)
[2015-12-14 19:15:33.340052] > epoch 22, lrate 0.100000, validation error 35.833333 (%)
[2015-12-14 19:15:34.919608] > epoch 23, training error 18.333333 (%)
[2015-12-14 19:15:34.975013] > epoch 23, lrate 0.100000, validation error 36.833333 (%)
[2015-12-14 19:15:36.286043] > epoch 24, training error 17.703252 (%)
[2015-12-14 19:15:36.346077] > epoch 24, lrate 0.100000, validation error 38.000000 (%)
[2015-12-14 19:15:37.612013] > epoch 25, training error 16.869919 (%)
[2015-12-14 19:15:37.667551] > epoch 25, lrate 0.100000, validation error 38.166667 (%)
[2015-12-14 19:15:38.878046] > epoch 26, training error 16.341463 (%)
[2015-12-14 19:15:38.933288] > epoch 26, lrate 0.100000, validation error 38.333333 (%)
[2015-12-14 19:15:40.092074] > epoch 27, training error 15.752033 (%)
[2015-12-14 19:15:40.122621] > epoch 27, lrate 0.100000, validation error 38.166667 (%)
[2015-12-14 19:15:41.468113] > epoch 28, training error 15.182927 (%)
[2015-12-14 19:15:41.523491] > epoch 28, lrate 0.100000, validation error 38.333333 (%)
[2015-12-14 19:15:42.714277] > epoch 29, training error 14.532520 (%)
[2015-12-14 19:15:42.793956] > epoch 29, lrate 0.100000, validation error 38.666667 (%)
[2015-12-14 19:15:44.281000] > epoch 30, training error 13.902439 (%)
[2015-12-14 19:15:44.336040] > epoch 30, lrate 0.100000, validation error 38.500000 (%)
[2015-12-14 19:15:45.921654] > epoch 31, training error 13.191057 (%)
[2015-12-14 19:15:45.976134] > epoch 31, lrate 0.100000, validation error 38.500000 (%)
[2015-12-14 19:15:47.565972] > epoch 32, training error 12.581301 (%)
[2015-12-14 19:15:47.646060] > epoch 32, lrate 0.100000, validation error 38.500000 (%)
[2015-12-14 19:15:49.226833] > epoch 33, training error 12.215447 (%)
[2015-12-14 19:15:49.282182] > epoch 33, lrate 0.100000, validation error 38.666667 (%)
[2015-12-14 19:15:50.866392] > epoch 34, training error 12.174797 (%)
[2015-12-14 19:15:50.921594] > epoch 34, lrate 0.100000, validation error 37.500000 (%)
[2015-12-14 19:15:52.501783] > epoch 35, training error 12.113821 (%)
[2015-12-14 19:15:52.556970] > epoch 35, lrate 0.100000, validation error 37.666667 (%)
[2015-12-14 19:15:54.136988] > epoch 36, training error 12.703252 (%)
[2015-12-14 19:15:54.215623] > epoch 36, lrate 0.100000, validation error 37.666667 (%)
[2015-12-14 19:15:55.633100] > epoch 37, training error 13.353659 (%)
[2015-12-14 19:15:55.688085] > epoch 37, lrate 0.100000, validation error 36.833333 (%)
[2015-12-14 19:15:57.007555] > epoch 38, training error 13.516260 (%)
[2015-12-14 19:15:57.061942] > epoch 38, lrate 0.100000, validation error 38.666667 (%)
[2015-12-14 19:15:58.370651] > epoch 39, training error 12.906504 (%)
[2015-12-14 19:15:58.400820] > epoch 39, lrate 0.100000, validation error 38.666667 (%)
[2015-12-14 19:15:59.658101] > epoch 40, training error 12.154472 (%)
[2015-12-14 19:15:59.738009] > epoch 40, lrate 0.100000, validation error 38.333333 (%)
[2015-12-14 19:16:01.087377] > epoch 41, training error 11.321138 (%)
[2015-12-14 19:16:01.141948] > epoch 41, lrate 0.100000, validation error 37.833333 (%)
[2015-12-14 19:16:02.359327] > epoch 42, training error 10.365854 (%)
[2015-12-14 19:16:02.389526] > epoch 42, lrate 0.100000, validation error 37.166667 (%)
[2015-12-14 19:16:03.775584] > epoch 43, training error 9.471545 (%)
[2015-12-14 19:16:03.830137] > epoch 43, lrate 0.100000, validation error 36.833333 (%)
[2015-12-14 19:16:05.412539] > epoch 44, training error 9.126016 (%)
[2015-12-14 19:16:05.467930] > epoch 44, lrate 0.100000, validation error 37.333333 (%)
[2015-12-14 19:16:07.079852] > epoch 45, training error 8.922764 (%)
[2015-12-14 19:16:07.135422] > epoch 45, lrate 0.100000, validation error 37.333333 (%)
[2015-12-14 19:16:08.717231] > epoch 46, training error 8.780488 (%)
[2015-12-14 19:16:08.772063] > epoch 46, lrate 0.100000, validation error 37.166667 (%)
[2015-12-14 19:16:10.351527] > epoch 47, training error 8.617886 (%)
[2015-12-14 19:16:10.405933] > epoch 47, lrate 0.100000, validation error 36.666667 (%)
[2015-12-14 19:16:11.987793] > epoch 48, training error 8.902439 (%)
[2015-12-14 19:16:12.043272] > epoch 48, lrate 0.100000, validation error 37.000000 (%)
[2015-12-14 19:16:13.624097] > epoch 49, training error 9.186992 (%)
[2015-12-14 19:16:13.703692] > epoch 49, lrate 0.100000, validation error 37.666667 (%)
[2015-12-14 19:16:26.532176] > epoch 50, training error 8.739837 (%)
[2015-12-14 19:16:26.587407] > epoch 50, lrate 0.100000, validation error 37.333333 (%)
[2015-12-14 19:16:36.375373] > ... the final PDNN model parameter is dnn_8.param
[2015-12-14 19:16:36.377422] > ... the final PDNN model config is dnn_8.cfg
