Using gpu device 0: GeForce GT 650M
[2015-12-14 19:32:09.832051] > ... building the model
[2015-12-14 19:32:10.005312] > ... getting the finetuning functions
[2015-12-14 19:32:13.809498] > ... finetuning the model
[2015-12-14 19:32:16.684190] > epoch 1, training error 47.987805 (%)
[2015-12-14 19:32:16.886113] > epoch 1, lrate 0.100000, validation error 55.833333 (%)
[2015-12-14 19:32:18.284155] > epoch 2, training error 43.170732 (%)
[2015-12-14 19:32:18.339563] > epoch 2, lrate 0.100000, validation error 38.166667 (%)
[2015-12-14 19:32:19.607747] > epoch 3, training error 39.308943 (%)
[2015-12-14 19:32:19.638585] > epoch 3, lrate 0.100000, validation error 36.500000 (%)
[2015-12-14 19:32:20.961510] > epoch 4, training error 35.975610 (%)
[2015-12-14 19:32:20.992214] > epoch 4, lrate 0.100000, validation error 36.666667 (%)
[2015-12-14 19:32:22.186781] > epoch 5, training error 33.434959 (%)
[2015-12-14 19:32:22.217260] > epoch 5, lrate 0.100000, validation error 37.000000 (%)
[2015-12-14 19:32:23.497989] > epoch 6, training error 31.646341 (%)
[2015-12-14 19:32:23.553339] > epoch 6, lrate 0.100000, validation error 35.666667 (%)
[2015-12-14 19:32:24.886959] > epoch 7, training error 30.162602 (%)
[2015-12-14 19:32:24.942023] > epoch 7, lrate 0.100000, validation error 35.500000 (%)
[2015-12-14 19:32:26.379304] > epoch 8, training error 29.146341 (%)
[2015-12-14 19:32:26.434097] > epoch 8, lrate 0.100000, validation error 34.333333 (%)
[2015-12-14 19:32:28.021861] > epoch 9, training error 27.784553 (%)
[2015-12-14 19:32:28.077523] > epoch 9, lrate 0.100000, validation error 33.166667 (%)
[2015-12-14 19:32:29.660097] > epoch 10, training error 26.504065 (%)
[2015-12-14 19:32:29.739993] > epoch 10, lrate 0.100000, validation error 33.833333 (%)
[2015-12-14 19:32:31.329481] > epoch 11, training error 25.182927 (%)
[2015-12-14 19:32:31.383953] > epoch 11, lrate 0.100000, validation error 34.000000 (%)
[2015-12-14 19:32:32.967775] > epoch 12, training error 24.126016 (%)
[2015-12-14 19:32:33.047624] > epoch 12, lrate 0.100000, validation error 33.833333 (%)
[2015-12-14 19:32:34.630698] > epoch 13, training error 23.109756 (%)
[2015-12-14 19:32:34.686024] > epoch 13, lrate 0.100000, validation error 34.166667 (%)
[2015-12-14 19:32:36.271653] > epoch 14, training error 22.215447 (%)
[2015-12-14 19:32:36.327045] > epoch 14, lrate 0.100000, validation error 33.666667 (%)
[2015-12-14 19:32:37.911779] > epoch 15, training error 21.544715 (%)
[2015-12-14 19:32:37.991640] > epoch 15, lrate 0.100000, validation error 33.833333 (%)
[2015-12-14 19:32:39.550076] > epoch 16, training error 20.772358 (%)
[2015-12-14 19:32:39.630060] > epoch 16, lrate 0.100000, validation error 33.166667 (%)
[2015-12-14 19:32:41.219471] > epoch 17, training error 19.796748 (%)
[2015-12-14 19:32:41.273875] > epoch 17, lrate 0.100000, validation error 33.500000 (%)
[2015-12-14 19:32:42.858803] > epoch 18, training error 18.821138 (%)
[2015-12-14 19:32:42.939095] > epoch 18, lrate 0.100000, validation error 34.000000 (%)
[2015-12-14 19:32:44.520938] > epoch 19, training error 17.906504 (%)
[2015-12-14 19:32:44.576217] > epoch 19, lrate 0.100000, validation error 34.166667 (%)
[2015-12-14 19:32:45.996941] > epoch 20, training error 17.113821 (%)
[2015-12-14 19:32:46.077140] > epoch 20, lrate 0.100000, validation error 34.166667 (%)
[2015-12-14 19:32:47.247100] > epoch 21, training error 16.178862 (%)
[2015-12-14 19:32:47.302013] > epoch 21, lrate 0.100000, validation error 34.166667 (%)
[2015-12-14 19:32:48.599725] > epoch 22, training error 15.426829 (%)
[2015-12-14 19:32:48.655756] > epoch 22, lrate 0.100000, validation error 34.000000 (%)
[2015-12-14 19:32:49.945005] > epoch 23, training error 15.182927 (%)
[2015-12-14 19:32:50.000119] > epoch 23, lrate 0.100000, validation error 34.333333 (%)
[2015-12-14 19:32:51.240949] > epoch 24, training error 15.040650 (%)
[2015-12-14 19:32:51.296041] > epoch 24, lrate 0.100000, validation error 34.500000 (%)
[2015-12-14 19:32:52.597827] > epoch 25, training error 15.182927 (%)
[2015-12-14 19:32:52.633324] > epoch 25, lrate 0.100000, validation error 35.166667 (%)
[2015-12-14 19:32:54.035856] > epoch 26, training error 15.325203 (%)
[2015-12-14 19:32:54.091278] > epoch 26, lrate 0.100000, validation error 35.333333 (%)
[2015-12-14 19:32:55.705029] > epoch 27, training error 14.857724 (%)
[2015-12-14 19:32:55.760118] > epoch 27, lrate 0.100000, validation error 34.500000 (%)
[2015-12-14 19:32:57.351204] > epoch 28, training error 13.943089 (%)
[2015-12-14 19:32:57.433875] > epoch 28, lrate 0.100000, validation error 33.833333 (%)
[2015-12-14 19:32:58.608610] > epoch 29, training error 13.130081 (%)
[2015-12-14 19:32:58.685391] > epoch 29, lrate 0.100000, validation error 34.166667 (%)
[2015-12-14 19:32:59.969116] > epoch 30, training error 12.296748 (%)
[2015-12-14 19:32:59.999487] > epoch 30, lrate 0.100000, validation error 34.166667 (%)
[2015-12-14 19:33:01.484295] > epoch 31, training error 12.012195 (%)
[2015-12-14 19:33:01.563996] > epoch 31, lrate 0.100000, validation error 34.000000 (%)
[2015-12-14 19:33:02.817993] > epoch 32, training error 11.524390 (%)
[2015-12-14 19:33:02.898136] > epoch 32, lrate 0.100000, validation error 33.833333 (%)
[2015-12-14 19:33:04.093682] > epoch 33, training error 11.402439 (%)
[2015-12-14 19:33:04.124122] > epoch 33, lrate 0.100000, validation error 34.000000 (%)
[2015-12-14 19:33:05.431643] > epoch 34, training error 11.483740 (%)
[2015-12-14 19:33:05.462403] > epoch 34, lrate 0.100000, validation error 33.666667 (%)
[2015-12-14 19:33:07.080957] > epoch 35, training error 11.382114 (%)
[2015-12-14 19:33:07.136020] > epoch 35, lrate 0.100000, validation error 33.666667 (%)
[2015-12-14 19:33:08.719545] > epoch 36, training error 11.158537 (%)
[2015-12-14 19:33:08.773975] > epoch 36, lrate 0.100000, validation error 34.666667 (%)
[2015-12-14 19:33:10.357557] > epoch 37, training error 10.833333 (%)
[2015-12-14 19:33:10.412158] > epoch 37, lrate 0.100000, validation error 33.666667 (%)
[2015-12-14 19:33:12.024929] > epoch 38, training error 10.345528 (%)
[2015-12-14 19:33:12.079943] > epoch 38, lrate 0.100000, validation error 34.333333 (%)
[2015-12-14 19:33:13.662387] > epoch 39, training error 9.552846 (%)
[2015-12-14 19:33:13.717844] > epoch 39, lrate 0.100000, validation error 34.833333 (%)
[2015-12-14 19:33:15.299581] > epoch 40, training error 8.597561 (%)
[2015-12-14 19:33:15.353922] > epoch 40, lrate 0.100000, validation error 34.666667 (%)
[2015-12-14 19:33:16.933819] > epoch 41, training error 7.865854 (%)
[2015-12-14 19:33:16.989225] > epoch 41, lrate 0.100000, validation error 35.333333 (%)
[2015-12-14 19:33:18.752980] > epoch 42, training error 7.378049 (%)
[2015-12-14 19:33:18.814130] > epoch 42, lrate 0.100000, validation error 35.500000 (%)
[2015-12-14 19:33:20.665594] > epoch 43, training error 6.605691 (%)
[2015-12-14 19:33:20.727310] > epoch 43, lrate 0.100000, validation error 35.000000 (%)
[2015-12-14 19:33:24.024756] > epoch 44, training error 6.239837 (%)
[2015-12-14 19:33:24.227911] > epoch 44, lrate 0.100000, validation error 35.000000 (%)
[2015-12-14 19:33:33.069141] > epoch 45, training error 5.813008 (%)
[2015-12-14 19:33:33.677052] > epoch 45, lrate 0.100000, validation error 35.333333 (%)
[2015-12-14 19:33:44.621053] > epoch 46, training error 5.548780 (%)
[2015-12-14 19:33:45.192838] > epoch 46, lrate 0.100000, validation error 35.166667 (%)
[2015-12-14 19:33:56.091245] > epoch 47, training error 5.223577 (%)
[2015-12-14 19:33:56.633664] > epoch 47, lrate 0.100000, validation error 35.333333 (%)
[2015-12-14 19:34:07.858164] > epoch 48, training error 4.898374 (%)
[2015-12-14 19:34:08.387592] > epoch 48, lrate 0.100000, validation error 34.833333 (%)
[2015-12-14 19:34:19.325009] > epoch 49, training error 4.593496 (%)
[2015-12-14 19:34:19.867454] > epoch 49, lrate 0.100000, validation error 35.500000 (%)
[2015-12-14 19:35:04.163078] > epoch 50, training error 4.491870 (%)
[2015-12-14 19:35:04.221723] > epoch 50, lrate 0.100000, validation error 34.666667 (%)
[2015-12-14 19:35:15.482787] > ... the final PDNN model parameter is dnn_11.param
[2015-12-14 19:35:15.484849] > ... the final PDNN model config is dnn_11.cfg
