Using gpu device 0: GeForce GT 650M
[2015-12-14 20:37:59.366511] > ... building the model
[2015-12-14 20:37:59.552317] > ... getting the finetuning functions
[2015-12-14 20:38:03.684280] > ... finetuning the model
[2015-12-14 20:38:06.280066] > epoch 1, training error 31.209677 (%)
[2015-12-14 20:38:06.481233] > epoch 1, lrate 0.100000, validation error 21.000000 (%)
[2015-12-14 20:38:07.897846] > epoch 2, training error 24.455645 (%)
[2015-12-14 20:38:07.952708] > epoch 2, lrate 0.100000, validation error 20.666667 (%)
[2015-12-14 20:38:09.340050] > epoch 3, training error 23.568548 (%)
[2015-12-14 20:38:09.375273] > epoch 3, lrate 0.100000, validation error 21.500000 (%)
[2015-12-14 20:38:10.550299] > epoch 4, training error 22.681452 (%)
[2015-12-14 20:38:10.605464] > epoch 4, lrate 0.100000, validation error 21.666667 (%)
[2015-12-14 20:38:11.831732] > epoch 5, training error 22.217742 (%)
[2015-12-14 20:38:11.867239] > epoch 5, lrate 0.100000, validation error 21.833333 (%)
[2015-12-14 20:38:13.079303] > epoch 6, training error 21.512097 (%)
[2015-12-14 20:38:13.109644] > epoch 6, lrate 0.100000, validation error 22.000000 (%)
[2015-12-14 20:38:14.327502] > epoch 7, training error 21.068548 (%)
[2015-12-14 20:38:14.357484] > epoch 7, lrate 0.100000, validation error 21.666667 (%)
[2015-12-14 20:38:15.530200] > epoch 8, training error 20.201613 (%)
[2015-12-14 20:38:15.585425] > epoch 8, lrate 0.100000, validation error 21.833333 (%)
[2015-12-14 20:38:16.834098] > epoch 9, training error 19.697581 (%)
[2015-12-14 20:38:16.889363] > epoch 9, lrate 0.100000, validation error 21.666667 (%)
[2015-12-14 20:38:18.327805] > epoch 10, training error 18.830645 (%)
[2015-12-14 20:38:18.407665] > epoch 10, lrate 0.100000, validation error 21.833333 (%)
[2015-12-14 20:38:19.992945] > epoch 11, training error 18.205645 (%)
[2015-12-14 20:38:20.048612] > epoch 11, lrate 0.100000, validation error 22.333333 (%)
[2015-12-14 20:38:21.633115] > epoch 12, training error 17.298387 (%)
[2015-12-14 20:38:21.663183] > epoch 12, lrate 0.100000, validation error 22.833333 (%)
[2015-12-14 20:38:23.028367] > epoch 13, training error 16.250000 (%)
[2015-12-14 20:38:23.083614] > epoch 13, lrate 0.100000, validation error 23.000000 (%)
[2015-12-14 20:38:24.284083] > epoch 14, training error 15.201613 (%)
[2015-12-14 20:38:24.339331] > epoch 14, lrate 0.100000, validation error 24.333333 (%)
[2015-12-14 20:38:25.620523] > epoch 15, training error 14.415323 (%)
[2015-12-14 20:38:25.651026] > epoch 15, lrate 0.100000, validation error 24.500000 (%)
[2015-12-14 20:38:26.958314] > epoch 16, training error 13.709677 (%)
[2015-12-14 20:38:27.013457] > epoch 16, lrate 0.100000, validation error 24.333333 (%)
[2015-12-14 20:38:28.253722] > epoch 17, training error 12.943548 (%)
[2015-12-14 20:38:28.307961] > epoch 17, lrate 0.100000, validation error 25.000000 (%)
[2015-12-14 20:38:29.642912] > epoch 18, training error 12.278226 (%)
[2015-12-14 20:38:29.697921] > epoch 18, lrate 0.100000, validation error 25.333333 (%)
[2015-12-14 20:38:31.284573] > epoch 19, training error 11.834677 (%)
[2015-12-14 20:38:31.340184] > epoch 19, lrate 0.100000, validation error 25.166667 (%)
[2015-12-14 20:38:32.925797] > epoch 20, training error 11.491935 (%)
[2015-12-14 20:38:33.005965] > epoch 20, lrate 0.100000, validation error 25.333333 (%)
[2015-12-14 20:38:34.591571] > epoch 21, training error 11.189516 (%)
[2015-12-14 20:38:34.645837] > epoch 21, lrate 0.100000, validation error 26.000000 (%)
[2015-12-14 20:38:36.229855] > epoch 22, training error 10.725806 (%)
[2015-12-14 20:38:36.284995] > epoch 22, lrate 0.100000, validation error 26.333333 (%)
[2015-12-14 20:38:37.895405] > epoch 23, training error 10.181452 (%)
[2015-12-14 20:38:37.950975] > epoch 23, lrate 0.100000, validation error 26.166667 (%)
[2015-12-14 20:38:39.537325] > epoch 24, training error 9.697581 (%)
[2015-12-14 20:38:39.591812] > epoch 24, lrate 0.100000, validation error 26.166667 (%)
[2015-12-14 20:38:41.176683] > epoch 25, training error 9.536290 (%)
[2015-12-14 20:38:41.256126] > epoch 25, lrate 0.100000, validation error 26.166667 (%)
[2015-12-14 20:38:43.087359] > epoch 26, training error 9.314516 (%)
[2015-12-14 20:38:43.149371] > epoch 26, lrate 0.100000, validation error 26.666667 (%)
[2015-12-14 20:38:44.999994] > epoch 27, training error 8.770161 (%)
[2015-12-14 20:38:45.062066] > epoch 27, lrate 0.100000, validation error 27.500000 (%)
[2015-12-14 20:38:49.100457] > epoch 28, training error 8.568548 (%)
[2015-12-14 20:38:49.431683] > epoch 28, lrate 0.100000, validation error 28.833333 (%)
[2015-12-14 20:39:00.317575] > epoch 29, training error 8.427419 (%)
[2015-12-14 20:39:00.857049] > epoch 29, lrate 0.100000, validation error 31.166667 (%)
[2015-12-14 20:39:11.708536] > epoch 30, training error 8.044355 (%)
[2015-12-14 20:39:12.279921] > epoch 30, lrate 0.100000, validation error 35.166667 (%)
[2015-12-14 20:39:23.265819] > epoch 31, training error 7.096774 (%)
[2015-12-14 20:39:23.888302] > epoch 31, lrate 0.100000, validation error 38.000000 (%)
[2015-12-14 20:39:35.364501] > epoch 32, training error 6.512097 (%)
[2015-12-14 20:39:35.928906] > epoch 32, lrate 0.100000, validation error 37.666667 (%)
[2015-12-14 20:39:46.934374] > epoch 33, training error 5.584677 (%)
[2015-12-14 20:39:47.495354] > epoch 33, lrate 0.100000, validation error 37.166667 (%)
[2015-12-14 20:39:58.442609] > epoch 34, training error 4.979839 (%)
[2015-12-14 20:39:58.982482] > epoch 34, lrate 0.100000, validation error 35.666667 (%)
[2015-12-14 20:40:09.865076] > epoch 35, training error 4.616935 (%)
[2015-12-14 20:40:10.407282] > epoch 35, lrate 0.100000, validation error 35.000000 (%)
[2015-12-14 20:40:21.352809] > epoch 36, training error 4.375000 (%)
[2015-12-14 20:40:21.918215] > epoch 36, lrate 0.100000, validation error 34.666667 (%)
[2015-12-14 20:40:32.681052] > epoch 37, training error 4.294355 (%)
[2015-12-14 20:40:33.259014] > epoch 37, lrate 0.100000, validation error 33.833333 (%)
[2015-12-14 20:40:44.185066] > epoch 38, training error 4.052419 (%)
[2015-12-14 20:40:44.731757] > epoch 38, lrate 0.100000, validation error 32.333333 (%)
[2015-12-14 20:40:55.611766] > epoch 39, training error 3.568548 (%)
[2015-12-14 20:40:56.195055] > epoch 39, lrate 0.100000, validation error 31.166667 (%)
[2015-12-14 20:41:07.485619] > epoch 40, training error 3.931452 (%)
[2015-12-14 20:41:08.141278] > epoch 40, lrate 0.100000, validation error 30.000000 (%)
[2015-12-14 20:41:20.056201] > epoch 41, training error 4.173387 (%)
[2015-12-14 20:41:20.715483] > epoch 41, lrate 0.100000, validation error 29.333333 (%)
[2015-12-14 20:41:32.190886] > epoch 42, training error 5.221774 (%)
[2015-12-14 20:41:32.717609] > epoch 42, lrate 0.100000, validation error 30.500000 (%)
[2015-12-14 20:41:43.617345] > epoch 43, training error 5.141129 (%)
[2015-12-14 20:41:44.156607] > epoch 43, lrate 0.100000, validation error 31.000000 (%)
[2015-12-14 20:41:55.054223] > epoch 44, training error 4.435484 (%)
[2015-12-14 20:41:55.627896] > epoch 44, lrate 0.100000, validation error 30.166667 (%)
[2015-12-14 20:42:06.509290] > epoch 45, training error 4.475806 (%)
[2015-12-14 20:42:07.080996] > epoch 45, lrate 0.100000, validation error 30.000000 (%)
[2015-12-14 20:42:18.316537] > epoch 46, training error 3.266129 (%)
[2015-12-14 20:42:18.861583] > epoch 46, lrate 0.100000, validation error 29.833333 (%)
[2015-12-14 20:42:29.935819] > epoch 47, training error 2.883065 (%)
[2015-12-14 20:42:30.472606] > epoch 47, lrate 0.100000, validation error 30.333333 (%)
[2015-12-14 20:42:41.357576] > epoch 48, training error 2.560484 (%)
[2015-12-14 20:42:41.886055] > epoch 48, lrate 0.100000, validation error 29.000000 (%)
[2015-12-14 20:42:52.601769] > epoch 49, training error 2.258065 (%)
[2015-12-14 20:42:53.175161] > epoch 49, lrate 0.100000, validation error 28.166667 (%)
[2015-12-14 20:44:07.660722] > epoch 50, training error 2.237903 (%)
[2015-12-14 20:44:07.717550] > epoch 50, lrate 0.100000, validation error 29.333333 (%)
[2015-12-14 20:44:20.769625] > ... the final PDNN model parameter is dnn_20.param
[2015-12-14 20:44:20.771656] > ... the final PDNN model config is dnn_20.cfg
