Using gpu device 0: GeForce GT 650M
[2015-12-14 20:26:16.105018] > ... building the model
[2015-12-14 20:26:16.315061] > ... getting the finetuning functions
[2015-12-14 20:26:20.719793] > ... finetuning the model
[2015-12-14 20:26:22.093391] > epoch 1, training error 43.203125 (%)
[2015-12-14 20:26:22.195822] > epoch 1, lrate 0.100000, validation error 25.937500 (%)
[2015-12-14 20:26:22.920989] > epoch 2, training error 35.078125 (%)
[2015-12-14 20:26:22.937760] > epoch 2, lrate 0.100000, validation error 25.937500 (%)
[2015-12-14 20:26:23.618423] > epoch 3, training error 31.953125 (%)
[2015-12-14 20:26:23.635887] > epoch 3, lrate 0.100000, validation error 26.562500 (%)
[2015-12-14 20:26:24.292435] > epoch 4, training error 30.078125 (%)
[2015-12-14 20:26:24.308783] > epoch 4, lrate 0.100000, validation error 26.250000 (%)
[2015-12-14 20:26:24.910244] > epoch 5, training error 27.812500 (%)
[2015-12-14 20:26:24.951676] > epoch 5, lrate 0.100000, validation error 27.500000 (%)
[2015-12-14 20:26:25.606406] > epoch 6, training error 26.210937 (%)
[2015-12-14 20:26:25.623648] > epoch 6, lrate 0.100000, validation error 27.187500 (%)
[2015-12-14 20:26:26.298302] > epoch 7, training error 24.492188 (%)
[2015-12-14 20:26:26.314723] > epoch 7, lrate 0.100000, validation error 27.187500 (%)
[2015-12-14 20:26:26.965872] > epoch 8, training error 22.148438 (%)
[2015-12-14 20:26:26.982295] > epoch 8, lrate 0.100000, validation error 27.187500 (%)
[2015-12-14 20:26:27.749328] > epoch 9, training error 20.625000 (%)
[2015-12-14 20:26:27.765706] > epoch 9, lrate 0.100000, validation error 27.187500 (%)
[2015-12-14 20:26:28.481279] > epoch 10, training error 18.750000 (%)
[2015-12-14 20:26:28.497587] > epoch 10, lrate 0.100000, validation error 28.125000 (%)
[2015-12-14 20:26:29.186490] > epoch 11, training error 16.406250 (%)
[2015-12-14 20:26:29.202926] > epoch 11, lrate 0.100000, validation error 27.812500 (%)
[2015-12-14 20:26:30.029442] > epoch 12, training error 14.257812 (%)
[2015-12-14 20:26:30.045796] > epoch 12, lrate 0.100000, validation error 27.812500 (%)
[2015-12-14 20:26:30.894280] > epoch 13, training error 12.617187 (%)
[2015-12-14 20:26:30.935292] > epoch 13, lrate 0.100000, validation error 30.000000 (%)
[2015-12-14 20:26:31.757574] > epoch 14, training error 11.289062 (%)
[2015-12-14 20:26:31.773905] > epoch 14, lrate 0.100000, validation error 30.000000 (%)
[2015-12-14 20:26:32.623518] > epoch 15, training error 10.898438 (%)
[2015-12-14 20:26:32.663625] > epoch 15, lrate 0.100000, validation error 28.437500 (%)
[2015-12-14 20:26:33.437754] > epoch 16, training error 11.718750 (%)
[2015-12-14 20:26:33.478781] > epoch 16, lrate 0.100000, validation error 25.625000 (%)
[2015-12-14 20:26:34.105092] > epoch 17, training error 15.195313 (%)
[2015-12-14 20:26:34.121934] > epoch 17, lrate 0.100000, validation error 23.125000 (%)
[2015-12-14 20:26:34.774815] > epoch 18, training error 14.414063 (%)
[2015-12-14 20:26:34.791846] > epoch 18, lrate 0.100000, validation error 22.500000 (%)
[2015-12-14 20:26:35.418921] > epoch 19, training error 11.914062 (%)
[2015-12-14 20:26:35.435229] > epoch 19, lrate 0.100000, validation error 22.500000 (%)
[2015-12-14 20:26:36.035789] > epoch 20, training error 10.781250 (%)
[2015-12-14 20:26:36.057192] > epoch 20, lrate 0.100000, validation error 22.187500 (%)
[2015-12-14 20:26:36.712795] > epoch 21, training error 9.179688 (%)
[2015-12-14 20:26:36.754129] > epoch 21, lrate 0.100000, validation error 22.187500 (%)
[2015-12-14 20:26:37.373898] > epoch 22, training error 7.578125 (%)
[2015-12-14 20:26:37.414459] > epoch 22, lrate 0.100000, validation error 22.187500 (%)
[2015-12-14 20:26:38.017094] > epoch 23, training error 6.523438 (%)
[2015-12-14 20:26:38.033529] > epoch 23, lrate 0.100000, validation error 22.500000 (%)
[2015-12-14 20:26:38.631941] > epoch 24, training error 5.507813 (%)
[2015-12-14 20:26:38.673272] > epoch 24, lrate 0.100000, validation error 22.187500 (%)
[2015-12-14 20:26:39.301869] > epoch 25, training error 5.039062 (%)
[2015-12-14 20:26:39.343330] > epoch 25, lrate 0.100000, validation error 23.125000 (%)
[2015-12-14 20:26:39.921858] > epoch 26, training error 4.921875 (%)
[2015-12-14 20:26:39.959813] > epoch 26, lrate 0.100000, validation error 23.125000 (%)
[2015-12-14 20:26:40.634783] > epoch 27, training error 4.726562 (%)
[2015-12-14 20:26:40.651347] > epoch 27, lrate 0.100000, validation error 22.500000 (%)
[2015-12-14 20:26:41.265633] > epoch 28, training error 4.687500 (%)
[2015-12-14 20:26:41.306156] > epoch 28, lrate 0.100000, validation error 23.437500 (%)
[2015-12-14 20:26:42.129755] > epoch 29, training error 3.867188 (%)
[2015-12-14 20:26:42.171169] > epoch 29, lrate 0.100000, validation error 23.437500 (%)
[2015-12-14 20:26:42.997706] > epoch 30, training error 4.140625 (%)
[2015-12-14 20:26:43.039146] > epoch 30, lrate 0.100000, validation error 22.812500 (%)
[2015-12-14 20:26:43.866417] > epoch 31, training error 3.945312 (%)
[2015-12-14 20:26:43.907787] > epoch 31, lrate 0.100000, validation error 24.375000 (%)
[2015-12-14 20:26:44.732225] > epoch 32, training error 3.984375 (%)
[2015-12-14 20:26:44.773638] > epoch 32, lrate 0.100000, validation error 23.750000 (%)
[2015-12-14 20:26:45.625016] > epoch 33, training error 3.906250 (%)
[2015-12-14 20:26:45.641663] > epoch 33, lrate 0.100000, validation error 24.375000 (%)
[2015-12-14 20:26:46.488981] > epoch 34, training error 4.375000 (%)
[2015-12-14 20:26:46.505762] > epoch 34, lrate 0.100000, validation error 22.812500 (%)
[2015-12-14 20:26:47.326161] > epoch 35, training error 4.179688 (%)
[2015-12-14 20:26:47.367406] > epoch 35, lrate 0.100000, validation error 23.750000 (%)
[2015-12-14 20:26:48.187679] > epoch 36, training error 3.984375 (%)
[2015-12-14 20:26:48.229070] > epoch 36, lrate 0.100000, validation error 23.125000 (%)
[2015-12-14 20:26:49.048709] > epoch 37, training error 2.539062 (%)
[2015-12-14 20:26:49.089916] > epoch 37, lrate 0.100000, validation error 23.750000 (%)
[2015-12-14 20:26:49.914922] > epoch 38, training error 1.835938 (%)
[2015-12-14 20:26:49.956036] > epoch 38, lrate 0.100000, validation error 23.750000 (%)
[2015-12-14 20:26:50.777982] > epoch 39, training error 1.250000 (%)
[2015-12-14 20:26:50.819452] > epoch 39, lrate 0.100000, validation error 24.375000 (%)
[2015-12-14 20:26:51.637794] > epoch 40, training error 1.289062 (%)
[2015-12-14 20:26:51.679128] > epoch 40, lrate 0.100000, validation error 22.500000 (%)
[2015-12-14 20:26:52.501822] > epoch 41, training error 0.664063 (%)
[2015-12-14 20:26:52.543322] > epoch 41, lrate 0.100000, validation error 23.437500 (%)
[2015-12-14 20:26:53.368189] > epoch 42, training error 0.585938 (%)
[2015-12-14 20:26:53.412623] > epoch 42, lrate 0.100000, validation error 24.375000 (%)
[2015-12-14 20:26:54.373830] > epoch 43, training error 0.664063 (%)
[2015-12-14 20:26:54.418304] > epoch 43, lrate 0.100000, validation error 24.375000 (%)
[2015-12-14 20:26:55.376967] > epoch 44, training error 0.859375 (%)
[2015-12-14 20:26:55.421521] > epoch 44, lrate 0.100000, validation error 24.687500 (%)
[2015-12-14 20:26:56.381000] > epoch 45, training error 0.937500 (%)
[2015-12-14 20:26:56.425831] > epoch 45, lrate 0.100000, validation error 23.437500 (%)
[2015-12-14 20:26:57.499449] > epoch 46, training error 1.015625 (%)
[2015-12-14 20:26:57.631420] > epoch 46, lrate 0.100000, validation error 25.312500 (%)
[2015-12-14 20:26:59.894678] > epoch 47, training error 0.351563 (%)
[2015-12-14 20:27:00.029616] > epoch 47, lrate 0.100000, validation error 25.625000 (%)
[2015-12-14 20:27:03.914001] > epoch 48, training error 0.234375 (%)
[2015-12-14 20:27:04.207886] > epoch 48, lrate 0.100000, validation error 24.375000 (%)
[2015-12-14 20:27:10.009759] > epoch 49, training error 0.195312 (%)
[2015-12-14 20:27:10.302699] > epoch 49, lrate 0.100000, validation error 23.750000 (%)
[2015-12-14 20:28:03.527005] > epoch 50, training error 0.078125 (%)
[2015-12-14 20:28:03.545893] > epoch 50, lrate 0.100000, validation error 23.750000 (%)
[2015-12-14 20:28:14.809537] > ... the final PDNN model parameter is dnn_17.param
[2015-12-14 20:28:14.811437] > ... the final PDNN model config is dnn_17.cfg
