Using gpu device 0: GeForce GT 650M
[2015-12-14 19:05:50.551880] > ... building the model
[2015-12-14 19:05:50.714261] > ... getting the finetuning functions
[2015-12-14 19:05:54.010333] > ... finetuning the model
[2015-12-14 19:05:55.812039] > epoch 1, training error 31.728972 (%)
[2015-12-14 19:05:55.948231] > epoch 1, lrate 0.100000, validation error 24.423077 (%)
[2015-12-14 19:05:56.947689] > epoch 2, training error 23.808411 (%)
[2015-12-14 19:05:56.973773] > epoch 2, lrate 0.100000, validation error 21.153846 (%)
[2015-12-14 19:05:57.994952] > epoch 3, training error 20.490654 (%)
[2015-12-14 19:05:58.021096] > epoch 3, lrate 0.100000, validation error 18.846154 (%)
[2015-12-14 19:05:59.042238] > epoch 4, training error 19.439252 (%)
[2015-12-14 19:05:59.068628] > epoch 4, lrate 0.100000, validation error 19.423077 (%)
[2015-12-14 19:06:00.040332] > epoch 5, training error 18.317757 (%)
[2015-12-14 19:06:00.066769] > epoch 5, lrate 0.100000, validation error 18.269231 (%)
[2015-12-14 19:06:01.083807] > epoch 6, training error 17.406542 (%)
[2015-12-14 19:06:01.135641] > epoch 6, lrate 0.100000, validation error 18.846154 (%)
[2015-12-14 19:06:02.087027] > epoch 7, training error 16.939252 (%)
[2015-12-14 19:06:02.137966] > epoch 7, lrate 0.100000, validation error 19.038462 (%)
[2015-12-14 19:06:03.106426] > epoch 8, training error 16.425234 (%)
[2015-12-14 19:06:03.157892] > epoch 8, lrate 0.100000, validation error 18.653846 (%)
[2015-12-14 19:06:04.105024] > epoch 9, training error 16.074766 (%)
[2015-12-14 19:06:04.131598] > epoch 9, lrate 0.100000, validation error 18.846154 (%)
[2015-12-14 19:06:05.080544] > epoch 10, training error 15.700935 (%)
[2015-12-14 19:06:05.131826] > epoch 10, lrate 0.100000, validation error 18.461538 (%)
[2015-12-14 19:06:06.133935] > epoch 11, training error 15.397196 (%)
[2015-12-14 19:06:06.185287] > epoch 11, lrate 0.100000, validation error 18.461538 (%)
[2015-12-14 19:06:07.156590] > epoch 12, training error 15.186916 (%)
[2015-12-14 19:06:07.182851] > epoch 12, lrate 0.100000, validation error 18.846154 (%)
[2015-12-14 19:06:08.251987] > epoch 13, training error 14.976636 (%)
[2015-12-14 19:06:08.303462] > epoch 13, lrate 0.100000, validation error 18.653846 (%)
[2015-12-14 19:06:09.283881] > epoch 14, training error 14.766355 (%)
[2015-12-14 19:06:09.310553] > epoch 14, lrate 0.100000, validation error 18.269231 (%)
[2015-12-14 19:06:10.351609] > epoch 15, training error 14.602804 (%)
[2015-12-14 19:06:10.402185] > epoch 15, lrate 0.100000, validation error 18.076923 (%)
[2015-12-14 19:06:11.416749] > epoch 16, training error 14.626168 (%)
[2015-12-14 19:06:11.467893] > epoch 16, lrate 0.100000, validation error 18.269231 (%)
[2015-12-14 19:06:12.568322] > epoch 17, training error 14.509346 (%)
[2015-12-14 19:06:12.619656] > epoch 17, lrate 0.100000, validation error 18.269231 (%)
[2015-12-14 19:06:13.740972] > epoch 18, training error 14.439252 (%)
[2015-12-14 19:06:13.791598] > epoch 18, lrate 0.100000, validation error 18.076923 (%)
[2015-12-14 19:06:14.868684] > epoch 19, training error 14.252336 (%)
[2015-12-14 19:06:14.920259] > epoch 19, lrate 0.100000, validation error 18.461538 (%)
[2015-12-14 19:06:16.055279] > epoch 20, training error 14.088785 (%)
[2015-12-14 19:06:16.082169] > epoch 20, lrate 0.100000, validation error 18.461538 (%)
[2015-12-14 19:06:17.097267] > epoch 21, training error 14.112150 (%)
[2015-12-14 19:06:17.147999] > epoch 21, lrate 0.100000, validation error 18.461538 (%)
[2015-12-14 19:06:18.181111] > epoch 22, training error 14.018692 (%)
[2015-12-14 19:06:18.231879] > epoch 22, lrate 0.100000, validation error 18.461538 (%)
[2015-12-14 19:06:19.318874] > epoch 23, training error 14.018692 (%)
[2015-12-14 19:06:19.369930] > epoch 23, lrate 0.100000, validation error 18.846154 (%)
[2015-12-14 19:06:20.495747] > epoch 24, training error 13.925234 (%)
[2015-12-14 19:06:20.522460] > epoch 24, lrate 0.100000, validation error 18.846154 (%)
[2015-12-14 19:06:21.588229] > epoch 25, training error 13.901869 (%)
[2015-12-14 19:06:21.614678] > epoch 25, lrate 0.100000, validation error 18.846154 (%)
[2015-12-14 19:06:22.655656] > epoch 26, training error 13.878505 (%)
[2015-12-14 19:06:22.681893] > epoch 26, lrate 0.100000, validation error 18.461538 (%)
[2015-12-14 19:06:23.939500] > epoch 27, training error 13.551402 (%)
[2015-12-14 19:06:23.989772] > epoch 27, lrate 0.100000, validation error 18.653846 (%)
[2015-12-14 19:06:25.372044] > epoch 28, training error 13.411215 (%)
[2015-12-14 19:06:25.423484] > epoch 28, lrate 0.100000, validation error 18.461538 (%)
[2015-12-14 19:06:26.781677] > epoch 29, training error 13.364486 (%)
[2015-12-14 19:06:26.856771] > epoch 29, lrate 0.100000, validation error 18.461538 (%)
[2015-12-14 19:06:27.976570] > epoch 30, training error 13.341121 (%)
[2015-12-14 19:06:28.028229] > epoch 30, lrate 0.100000, validation error 18.461538 (%)
[2015-12-14 19:06:29.095080] > epoch 31, training error 13.271028 (%)
[2015-12-14 19:06:29.121237] > epoch 31, lrate 0.100000, validation error 18.653846 (%)
[2015-12-14 19:06:30.223514] > epoch 32, training error 13.107477 (%)
[2015-12-14 19:06:30.249738] > epoch 32, lrate 0.100000, validation error 18.653846 (%)
[2015-12-14 19:06:31.335985] > epoch 33, training error 12.943925 (%)
[2015-12-14 19:06:31.387276] > epoch 33, lrate 0.100000, validation error 18.461538 (%)
[2015-12-14 19:06:32.461461] > epoch 34, training error 12.850467 (%)
[2015-12-14 19:06:32.487562] > epoch 34, lrate 0.100000, validation error 18.461538 (%)
[2015-12-14 19:06:33.673013] > epoch 35, training error 12.780374 (%)
[2015-12-14 19:06:33.700019] > epoch 35, lrate 0.100000, validation error 18.269231 (%)
[2015-12-14 19:06:34.748836] > epoch 36, training error 12.663551 (%)
[2015-12-14 19:06:34.824196] > epoch 36, lrate 0.100000, validation error 18.269231 (%)
[2015-12-14 19:06:36.034534] > epoch 37, training error 12.663551 (%)
[2015-12-14 19:06:36.085859] > epoch 37, lrate 0.100000, validation error 18.461538 (%)
[2015-12-14 19:06:37.468175] > epoch 38, training error 12.546729 (%)
[2015-12-14 19:06:37.519709] > epoch 38, lrate 0.100000, validation error 18.461538 (%)
[2015-12-14 19:06:38.874909] > epoch 39, training error 12.406542 (%)
[2015-12-14 19:06:38.926103] > epoch 39, lrate 0.100000, validation error 18.461538 (%)
[2015-12-14 19:06:40.311763] > epoch 40, training error 12.359813 (%)
[2015-12-14 19:06:40.363370] > epoch 40, lrate 0.100000, validation error 18.461538 (%)
[2015-12-14 19:06:41.748651] > epoch 41, training error 12.172897 (%)
[2015-12-14 19:06:41.799933] > epoch 41, lrate 0.100000, validation error 18.653846 (%)
[2015-12-14 19:06:43.183561] > epoch 42, training error 12.149533 (%)
[2015-12-14 19:06:43.233959] > epoch 42, lrate 0.100000, validation error 18.846154 (%)
[2015-12-14 19:06:44.615857] > epoch 43, training error 12.056075 (%)
[2015-12-14 19:06:44.667561] > epoch 43, lrate 0.100000, validation error 18.846154 (%)
[2015-12-14 19:06:46.026738] > epoch 44, training error 12.056075 (%)
[2015-12-14 19:06:46.102338] > epoch 44, lrate 0.100000, validation error 19.038462 (%)
[2015-12-14 19:06:47.466002] > epoch 45, training error 12.032710 (%)
[2015-12-14 19:06:47.517489] > epoch 45, lrate 0.100000, validation error 19.038462 (%)
[2015-12-14 19:06:48.900631] > epoch 46, training error 11.962617 (%)
[2015-12-14 19:06:48.952074] > epoch 46, lrate 0.100000, validation error 19.038462 (%)
[2015-12-14 19:06:50.335585] > epoch 47, training error 11.985981 (%)
[2015-12-14 19:06:50.386089] > epoch 47, lrate 0.100000, validation error 19.038462 (%)
[2015-12-14 19:06:51.775539] > epoch 48, training error 12.009346 (%)
[2015-12-14 19:06:51.826020] > epoch 48, lrate 0.100000, validation error 18.846154 (%)
[2015-12-14 19:06:53.214311] > epoch 49, training error 11.962617 (%)
[2015-12-14 19:06:53.265747] > epoch 49, lrate 0.100000, validation error 18.846154 (%)
[2015-12-14 19:07:06.233930] > epoch 50, training error 11.985981 (%)
[2015-12-14 19:07:06.312957] > epoch 50, lrate 0.100000, validation error 18.846154 (%)
[2015-12-14 19:07:18.280964] > ... the final PDNN model parameter is dnn_6.param
[2015-12-14 19:07:18.282611] > ... the final PDNN model config is dnn_6.cfg
