Using gpu device 0: GeForce GT 650M
[2015-12-14 19:35:34.868996] > ... building the model
[2015-12-14 19:35:35.078488] > ... getting the finetuning functions
[2015-12-14 19:35:38.917865] > ... finetuning the model
[2015-12-14 19:35:40.408731] > epoch 1, training error 41.323529 (%)
[2015-12-14 19:35:40.525835] > epoch 1, lrate 0.100000, validation error 36.000000 (%)
[2015-12-14 19:35:41.377089] > epoch 2, training error 34.147059 (%)
[2015-12-14 19:35:41.397610] > epoch 2, lrate 0.100000, validation error 36.000000 (%)
[2015-12-14 19:35:42.205377] > epoch 3, training error 30.323529 (%)
[2015-12-14 19:35:42.225744] > epoch 3, lrate 0.100000, validation error 35.750000 (%)
[2015-12-14 19:35:43.102503] > epoch 4, training error 28.529412 (%)
[2015-12-14 19:35:43.123087] > epoch 4, lrate 0.100000, validation error 34.750000 (%)
[2015-12-14 19:35:43.956997] > epoch 5, training error 26.264706 (%)
[2015-12-14 19:35:43.977664] > epoch 5, lrate 0.100000, validation error 33.000000 (%)
[2015-12-14 19:35:44.863562] > epoch 6, training error 24.970588 (%)
[2015-12-14 19:35:44.908054] > epoch 6, lrate 0.100000, validation error 32.000000 (%)
[2015-12-14 19:35:45.694097] > epoch 7, training error 23.617647 (%)
[2015-12-14 19:35:45.739446] > epoch 7, lrate 0.100000, validation error 32.000000 (%)
[2015-12-14 19:35:46.643811] > epoch 8, training error 22.264706 (%)
[2015-12-14 19:35:46.689133] > epoch 8, lrate 0.100000, validation error 31.750000 (%)
[2015-12-14 19:35:47.786846] > epoch 9, training error 21.088235 (%)
[2015-12-14 19:35:47.811641] > epoch 9, lrate 0.100000, validation error 31.000000 (%)
[2015-12-14 19:35:48.860944] > epoch 10, training error 19.382353 (%)
[2015-12-14 19:35:48.907670] > epoch 10, lrate 0.100000, validation error 30.250000 (%)
[2015-12-14 19:35:50.013945] > epoch 11, training error 17.735294 (%)
[2015-12-14 19:35:50.059530] > epoch 11, lrate 0.100000, validation error 30.000000 (%)
[2015-12-14 19:35:51.159507] > epoch 12, training error 16.529412 (%)
[2015-12-14 19:35:51.203874] > epoch 12, lrate 0.100000, validation error 29.500000 (%)
[2015-12-14 19:35:52.299103] > epoch 13, training error 15.000000 (%)
[2015-12-14 19:35:52.343578] > epoch 13, lrate 0.100000, validation error 29.500000 (%)
[2015-12-14 19:35:53.415663] > epoch 14, training error 13.941176 (%)
[2015-12-14 19:35:53.460223] > epoch 14, lrate 0.100000, validation error 28.500000 (%)
[2015-12-14 19:35:54.556048] > epoch 15, training error 12.676471 (%)
[2015-12-14 19:35:54.601328] > epoch 15, lrate 0.100000, validation error 27.750000 (%)
[2015-12-14 19:35:55.674757] > epoch 16, training error 11.647059 (%)
[2015-12-14 19:35:55.719923] > epoch 16, lrate 0.100000, validation error 27.500000 (%)
[2015-12-14 19:35:56.817497] > epoch 17, training error 10.852941 (%)
[2015-12-14 19:35:56.862305] > epoch 17, lrate 0.100000, validation error 26.500000 (%)
[2015-12-14 19:35:57.933947] > epoch 18, training error 10.705882 (%)
[2015-12-14 19:35:57.979129] > epoch 18, lrate 0.100000, validation error 27.000000 (%)
[2015-12-14 19:35:59.074583] > epoch 19, training error 10.558824 (%)
[2015-12-14 19:35:59.119959] > epoch 19, lrate 0.100000, validation error 27.500000 (%)
[2015-12-14 19:36:00.216420] > epoch 20, training error 11.382353 (%)
[2015-12-14 19:36:00.238082] > epoch 20, lrate 0.100000, validation error 27.250000 (%)
[2015-12-14 19:36:01.335681] > epoch 21, training error 13.176471 (%)
[2015-12-14 19:36:01.380932] > epoch 21, lrate 0.100000, validation error 28.250000 (%)
[2015-12-14 19:36:02.478252] > epoch 22, training error 12.235294 (%)
[2015-12-14 19:36:02.523668] > epoch 22, lrate 0.100000, validation error 28.500000 (%)
[2015-12-14 19:36:03.595986] > epoch 23, training error 10.941176 (%)
[2015-12-14 19:36:03.641284] > epoch 23, lrate 0.100000, validation error 28.500000 (%)
[2015-12-14 19:36:04.737431] > epoch 24, training error 9.764706 (%)
[2015-12-14 19:36:04.782060] > epoch 24, lrate 0.100000, validation error 29.500000 (%)
[2015-12-14 19:36:05.853910] > epoch 25, training error 8.735294 (%)
[2015-12-14 19:36:05.899091] > epoch 25, lrate 0.100000, validation error 30.250000 (%)
[2015-12-14 19:36:06.995463] > epoch 26, training error 8.147059 (%)
[2015-12-14 19:36:07.040184] > epoch 26, lrate 0.100000, validation error 31.000000 (%)
[2015-12-14 19:36:08.136815] > epoch 27, training error 7.852941 (%)
[2015-12-14 19:36:08.157137] > epoch 27, lrate 0.100000, validation error 30.750000 (%)
[2015-12-14 19:36:09.253806] > epoch 28, training error 7.000000 (%)
[2015-12-14 19:36:09.299288] > epoch 28, lrate 0.100000, validation error 31.250000 (%)
[2015-12-14 19:36:10.395979] > epoch 29, training error 6.852941 (%)
[2015-12-14 19:36:10.441298] > epoch 29, lrate 0.100000, validation error 29.750000 (%)
[2015-12-14 19:36:11.514797] > epoch 30, training error 6.117647 (%)
[2015-12-14 19:36:11.559917] > epoch 30, lrate 0.100000, validation error 28.500000 (%)
[2015-12-14 19:36:12.655534] > epoch 31, training error 5.352941 (%)
[2015-12-14 19:36:12.699951] > epoch 31, lrate 0.100000, validation error 33.250000 (%)
[2015-12-14 19:36:13.772020] > epoch 32, training error 4.941176 (%)
[2015-12-14 19:36:13.817340] > epoch 32, lrate 0.100000, validation error 34.750000 (%)
[2015-12-14 19:36:15.005091] > epoch 33, training error 4.617647 (%)
[2015-12-14 19:36:15.055459] > epoch 33, lrate 0.100000, validation error 29.000000 (%)
[2015-12-14 19:36:16.308266] > epoch 34, training error 4.470588 (%)
[2015-12-14 19:36:16.358057] > epoch 34, lrate 0.100000, validation error 29.000000 (%)
[2015-12-14 19:36:17.640105] > epoch 35, training error 4.029412 (%)
[2015-12-14 19:36:17.690455] > epoch 35, lrate 0.100000, validation error 29.500000 (%)
[2015-12-14 19:36:18.899309] > epoch 36, training error 3.617647 (%)
[2015-12-14 19:36:18.946909] > epoch 36, lrate 0.100000, validation error 29.750000 (%)
[2015-12-14 19:36:20.105976] > epoch 37, training error 3.647059 (%)
[2015-12-14 19:36:20.153199] > epoch 37, lrate 0.100000, validation error 30.250000 (%)
[2015-12-14 19:36:21.337239] > epoch 38, training error 3.411765 (%)
[2015-12-14 19:36:21.383833] > epoch 38, lrate 0.100000, validation error 30.000000 (%)
[2015-12-14 19:36:22.538896] > epoch 39, training error 2.764706 (%)
[2015-12-14 19:36:22.583613] > epoch 39, lrate 0.100000, validation error 28.750000 (%)
[2015-12-14 19:36:23.655494] > epoch 40, training error 2.970588 (%)
[2015-12-14 19:36:23.700295] > epoch 40, lrate 0.100000, validation error 28.750000 (%)
[2015-12-14 19:36:24.794829] > epoch 41, training error 3.617647 (%)
[2015-12-14 19:36:24.839600] > epoch 41, lrate 0.100000, validation error 30.500000 (%)
[2015-12-14 19:36:25.911627] > epoch 42, training error 3.558824 (%)
[2015-12-14 19:36:25.956196] > epoch 42, lrate 0.100000, validation error 30.250000 (%)
[2015-12-14 19:36:27.052074] > epoch 43, training error 3.617647 (%)
[2015-12-14 19:36:27.097407] > epoch 43, lrate 0.100000, validation error 30.250000 (%)
[2015-12-14 19:36:28.170248] > epoch 44, training error 3.088235 (%)
[2015-12-14 19:36:28.215252] > epoch 44, lrate 0.100000, validation error 30.500000 (%)
[2015-12-14 19:36:29.313377] > epoch 45, training error 2.794118 (%)
[2015-12-14 19:36:29.357987] > epoch 45, lrate 0.100000, validation error 32.000000 (%)
[2015-12-14 19:36:30.457517] > epoch 46, training error 2.882353 (%)
[2015-12-14 19:36:30.506866] > epoch 46, lrate 0.100000, validation error 31.250000 (%)
[2015-12-14 19:36:31.763048] > epoch 47, training error 2.882353 (%)
[2015-12-14 19:36:31.812697] > epoch 47, lrate 0.100000, validation error 29.750000 (%)
[2015-12-14 19:36:33.067522] > epoch 48, training error 2.588235 (%)
[2015-12-14 19:36:33.117875] > epoch 48, lrate 0.100000, validation error 29.000000 (%)
[2015-12-14 19:36:34.398728] > epoch 49, training error 2.617647 (%)
[2015-12-14 19:36:34.457485] > epoch 49, lrate 0.100000, validation error 28.750000 (%)
[2015-12-14 19:37:20.194685] > epoch 50, training error 2.529412 (%)
[2015-12-14 19:37:20.242349] > epoch 50, lrate 0.100000, validation error 30.000000 (%)
[2015-12-14 19:37:32.393651] > ... the final PDNN model parameter is dnn_12.param
[2015-12-14 19:37:32.394750] > ... the final PDNN model config is dnn_12.cfg
