Using gpu device 0: GeForce GT 650M
[2015-12-14 20:00:30.506092] > ... building the model
[2015-12-14 20:00:30.692712] > ... getting the finetuning functions
[2015-12-14 20:00:34.497645] > ... finetuning the model
[2015-12-14 20:00:40.015654] > epoch 1, training error 35.231660 (%)
[2015-12-14 20:00:40.346997] > epoch 1, lrate 0.100000, validation error 26.093750 (%)
[2015-12-14 20:00:42.986280] > epoch 2, training error 23.445946 (%)
[2015-12-14 20:00:43.079698] > epoch 2, lrate 0.100000, validation error 24.218750 (%)
[2015-12-14 20:00:45.739789] > epoch 3, training error 19.961390 (%)
[2015-12-14 20:00:45.809879] > epoch 3, lrate 0.100000, validation error 23.437500 (%)
[2015-12-14 20:00:48.985113] > epoch 4, training error 17.760618 (%)
[2015-12-14 20:00:49.099224] > epoch 4, lrate 0.100000, validation error 22.656250 (%)
[2015-12-14 20:00:52.447616] > epoch 5, training error 15.897683 (%)
[2015-12-14 20:00:52.585999] > epoch 5, lrate 0.100000, validation error 22.578125 (%)
[2015-12-14 20:00:55.905533] > epoch 6, training error 14.710425 (%)
[2015-12-14 20:00:56.042940] > epoch 6, lrate 0.100000, validation error 22.265625 (%)
[2015-12-14 20:00:59.510823] > epoch 7, training error 13.484556 (%)
[2015-12-14 20:00:59.688099] > epoch 7, lrate 0.100000, validation error 22.031250 (%)
[2015-12-14 20:01:03.440695] > epoch 8, training error 12.741313 (%)
[2015-12-14 20:01:03.587590] > epoch 8, lrate 0.100000, validation error 21.953125 (%)
[2015-12-14 20:01:07.146401] > epoch 9, training error 11.911197 (%)
[2015-12-14 20:01:07.292931] > epoch 9, lrate 0.100000, validation error 21.875000 (%)
[2015-12-14 20:01:10.970113] > epoch 10, training error 11.206564 (%)
[2015-12-14 20:01:11.158654] > epoch 10, lrate 0.100000, validation error 21.796875 (%)
[2015-12-14 20:01:15.627924] > epoch 11, training error 10.501931 (%)
[2015-12-14 20:01:15.921217] > epoch 11, lrate 0.100000, validation error 21.406250 (%)
[2015-12-14 20:01:31.898923] > epoch 12, training error 9.864865 (%)
[2015-12-14 20:01:33.111081] > epoch 12, lrate 0.100000, validation error 21.484375 (%)
[2015-12-14 20:01:56.092755] > epoch 13, training error 9.247104 (%)
[2015-12-14 20:01:57.289601] > epoch 13, lrate 0.100000, validation error 20.859375 (%)
[2015-12-14 20:02:20.246639] > epoch 14, training error 8.745174 (%)
[2015-12-14 20:02:21.433517] > epoch 14, lrate 0.100000, validation error 20.390625 (%)
[2015-12-14 20:02:44.295121] > epoch 15, training error 8.194981 (%)
[2015-12-14 20:02:45.542683] > epoch 15, lrate 0.100000, validation error 20.000000 (%)
[2015-12-14 20:03:08.532554] > epoch 16, training error 7.731660 (%)
[2015-12-14 20:03:09.728422] > epoch 16, lrate 0.100000, validation error 19.531250 (%)
[2015-12-14 20:03:32.766213] > epoch 17, training error 7.384170 (%)
[2015-12-14 20:03:33.958670] > epoch 17, lrate 0.100000, validation error 18.828125 (%)
[2015-12-14 20:03:56.915243] > epoch 18, training error 6.959459 (%)
[2015-12-14 20:03:58.124622] > epoch 18, lrate 0.100000, validation error 18.750000 (%)
[2015-12-14 20:04:21.106187] > epoch 19, training error 6.409266 (%)
[2015-12-14 20:04:22.296075] > epoch 19, lrate 0.100000, validation error 18.828125 (%)
[2015-12-14 20:04:45.259050] > epoch 20, training error 6.090734 (%)
[2015-12-14 20:04:46.447053] > epoch 20, lrate 0.100000, validation error 18.906250 (%)
[2015-12-14 20:05:09.304164] > epoch 21, training error 5.743243 (%)
[2015-12-14 20:05:10.506857] > epoch 21, lrate 0.100000, validation error 18.906250 (%)
[2015-12-14 20:05:34.298472] > epoch 22, training error 5.424710 (%)
[2015-12-14 20:05:35.849032] > epoch 22, lrate 0.100000, validation error 18.671875 (%)
[2015-12-14 20:05:59.946517] > epoch 23, training error 5.183398 (%)
[2015-12-14 20:06:01.226163] > epoch 23, lrate 0.100000, validation error 18.750000 (%)
[2015-12-14 20:06:25.230454] > epoch 24, training error 5.067568 (%)
[2015-12-14 20:06:26.767011] > epoch 24, lrate 0.100000, validation error 18.906250 (%)
[2015-12-14 20:06:49.998257] > epoch 25, training error 4.980695 (%)
[2015-12-14 20:06:51.210851] > epoch 25, lrate 0.100000, validation error 18.984375 (%)
[2015-12-14 20:07:14.142064] > epoch 26, training error 4.932432 (%)
[2015-12-14 20:07:15.390642] > epoch 26, lrate 0.100000, validation error 18.828125 (%)
[2015-12-14 20:07:38.924776] > epoch 27, training error 4.845560 (%)
[2015-12-14 20:07:40.117074] > epoch 27, lrate 0.100000, validation error 18.828125 (%)
[2015-12-14 20:08:03.152861] > epoch 28, training error 4.787645 (%)
[2015-12-14 20:08:04.302936] > epoch 28, lrate 0.100000, validation error 18.359375 (%)
[2015-12-14 20:08:27.149894] > epoch 29, training error 4.430502 (%)
[2015-12-14 20:08:28.313113] > epoch 29, lrate 0.100000, validation error 18.281250 (%)
[2015-12-14 20:08:51.162124] > epoch 30, training error 3.986486 (%)
[2015-12-14 20:08:52.351179] > epoch 30, lrate 0.100000, validation error 18.437500 (%)
[2015-12-14 20:09:15.194524] > epoch 31, training error 3.590734 (%)
[2015-12-14 20:09:16.362490] > epoch 31, lrate 0.100000, validation error 18.671875 (%)
[2015-12-14 20:09:39.307415] > epoch 32, training error 3.146718 (%)
[2015-12-14 20:09:40.500102] > epoch 32, lrate 0.100000, validation error 18.437500 (%)
[2015-12-14 20:10:03.579485] > epoch 33, training error 2.924710 (%)
[2015-12-14 20:10:04.741919] > epoch 33, lrate 0.100000, validation error 18.437500 (%)
[2015-12-14 20:10:27.783804] > epoch 34, training error 2.722008 (%)
[2015-12-14 20:10:29.373206] > epoch 34, lrate 0.100000, validation error 18.437500 (%)
[2015-12-14 20:10:53.212008] > epoch 35, training error 2.625483 (%)
[2015-12-14 20:10:54.413329] > epoch 35, lrate 0.100000, validation error 19.296875 (%)
[2015-12-14 20:11:17.418570] > epoch 36, training error 2.413127 (%)
[2015-12-14 20:11:18.617666] > epoch 36, lrate 0.100000, validation error 19.140625 (%)
[2015-12-14 20:11:41.654197] > epoch 37, training error 2.442085 (%)
[2015-12-14 20:11:42.839511] > epoch 37, lrate 0.100000, validation error 19.687500 (%)
[2015-12-14 20:12:05.880158] > epoch 38, training error 2.210425 (%)
[2015-12-14 20:12:07.089020] > epoch 38, lrate 0.100000, validation error 19.140625 (%)
[2015-12-14 20:12:29.936338] > epoch 39, training error 2.094595 (%)
[2015-12-14 20:12:31.087658] > epoch 39, lrate 0.100000, validation error 20.000000 (%)
[2015-12-14 20:12:53.983780] > epoch 40, training error 1.882239 (%)
[2015-12-14 20:12:55.142077] > epoch 40, lrate 0.100000, validation error 20.468750 (%)
[2015-12-14 20:13:18.178087] > epoch 41, training error 1.718147 (%)
[2015-12-14 20:13:19.381104] > epoch 41, lrate 0.100000, validation error 21.484375 (%)
[2015-12-14 20:13:42.430060] > epoch 42, training error 1.920849 (%)
[2015-12-14 20:13:43.673651] > epoch 42, lrate 0.100000, validation error 21.796875 (%)
[2015-12-14 20:14:07.335596] > epoch 43, training error 1.496139 (%)
[2015-12-14 20:14:08.663087] > epoch 43, lrate 0.100000, validation error 21.640625 (%)
[2015-12-14 20:14:32.587133] > epoch 44, training error 1.515444 (%)
[2015-12-14 20:14:33.726175] > epoch 44, lrate 0.100000, validation error 20.781250 (%)
[2015-12-14 20:14:56.631001] > epoch 45, training error 1.216216 (%)
[2015-12-14 20:14:57.863151] > epoch 45, lrate 0.100000, validation error 21.562500 (%)
[2015-12-14 20:15:21.053691] > epoch 46, training error 1.032819 (%)
[2015-12-14 20:15:22.249676] > epoch 46, lrate 0.100000, validation error 20.468750 (%)
[2015-12-14 20:15:45.154944] > epoch 47, training error 0.945946 (%)
[2015-12-14 20:15:46.297476] > epoch 47, lrate 0.100000, validation error 20.546875 (%)
[2015-12-14 20:16:09.053091] > epoch 48, training error 0.955598 (%)
[2015-12-14 20:16:10.213995] > epoch 48, lrate 0.100000, validation error 20.312500 (%)
[2015-12-14 20:16:33.206639] > epoch 49, training error 0.945946 (%)
[2015-12-14 20:16:34.406160] > epoch 49, lrate 0.100000, validation error 20.546875 (%)
[2015-12-14 20:17:45.354277] > epoch 50, training error 0.810811 (%)
[2015-12-14 20:17:45.500099] > epoch 50, lrate 0.100000, validation error 20.390625 (%)
[2015-12-14 20:17:56.392360] > ... the final PDNN model parameter is dnn_15.param
[2015-12-14 20:17:56.396965] > ... the final PDNN model config is dnn_15.cfg
