Using gpu device 0: GeForce GT 650M
[2015-12-14 20:28:34.541273] > ... building the model
[2015-12-14 20:28:34.776597] > ... getting the finetuning functions
[2015-12-14 20:28:38.437175] > ... finetuning the model
[2015-12-14 20:28:40.733773] > epoch 1, training error 47.372449 (%)
[2015-12-14 20:28:40.888234] > epoch 1, lrate 0.100000, validation error 37.916667 (%)
[2015-12-14 20:28:42.180570] > epoch 2, training error 40.178571 (%)
[2015-12-14 20:28:42.229975] > epoch 2, lrate 0.100000, validation error 36.875000 (%)
[2015-12-14 20:28:43.486004] > epoch 3, training error 33.392857 (%)
[2015-12-14 20:28:43.559616] > epoch 3, lrate 0.100000, validation error 31.458333 (%)
[2015-12-14 20:28:44.808953] > epoch 4, training error 29.311224 (%)
[2015-12-14 20:28:44.857946] > epoch 4, lrate 0.100000, validation error 28.750000 (%)
[2015-12-14 20:28:46.114631] > epoch 5, training error 25.867347 (%)
[2015-12-14 20:28:46.164104] > epoch 5, lrate 0.100000, validation error 25.833333 (%)
[2015-12-14 20:28:47.450879] > epoch 6, training error 23.341837 (%)
[2015-12-14 20:28:47.499969] > epoch 6, lrate 0.100000, validation error 24.791667 (%)
[2015-12-14 20:28:48.761682] > epoch 7, training error 20.688776 (%)
[2015-12-14 20:28:48.810957] > epoch 7, lrate 0.100000, validation error 24.583333 (%)
[2015-12-14 20:28:50.137479] > epoch 8, training error 18.698980 (%)
[2015-12-14 20:28:50.191811] > epoch 8, lrate 0.100000, validation error 25.000000 (%)
[2015-12-14 20:28:51.643490] > epoch 9, training error 17.270408 (%)
[2015-12-14 20:28:51.722843] > epoch 9, lrate 0.100000, validation error 24.791667 (%)
[2015-12-14 20:28:53.171047] > epoch 10, training error 15.790816 (%)
[2015-12-14 20:28:53.225357] > epoch 10, lrate 0.100000, validation error 25.000000 (%)
[2015-12-14 20:28:54.618110] > epoch 11, training error 14.464286 (%)
[2015-12-14 20:28:54.670101] > epoch 11, lrate 0.100000, validation error 25.208333 (%)
[2015-12-14 20:28:56.041293] > epoch 12, training error 13.341837 (%)
[2015-12-14 20:28:56.092679] > epoch 12, lrate 0.100000, validation error 26.041667 (%)
[2015-12-14 20:28:57.436605] > epoch 13, training error 12.678571 (%)
[2015-12-14 20:28:57.488693] > epoch 13, lrate 0.100000, validation error 28.750000 (%)
[2015-12-14 20:28:58.839040] > epoch 14, training error 11.224490 (%)
[2015-12-14 20:28:58.891120] > epoch 14, lrate 0.100000, validation error 30.625000 (%)
[2015-12-14 20:29:00.237092] > epoch 15, training error 10.357143 (%)
[2015-12-14 20:29:00.313341] > epoch 15, lrate 0.100000, validation error 30.833333 (%)
[2015-12-14 20:29:01.660784] > epoch 16, training error 9.005102 (%)
[2015-12-14 20:29:01.712891] > epoch 16, lrate 0.100000, validation error 31.250000 (%)
[2015-12-14 20:29:03.289945] > epoch 17, training error 7.959184 (%)
[2015-12-14 20:29:03.349580] > epoch 17, lrate 0.100000, validation error 31.041667 (%)
[2015-12-14 20:29:04.930305] > epoch 18, training error 7.193878 (%)
[2015-12-14 20:29:04.989543] > epoch 18, lrate 0.100000, validation error 29.791667 (%)
[2015-12-14 20:29:06.906774] > epoch 19, training error 7.270408 (%)
[2015-12-14 20:29:07.035280] > epoch 19, lrate 0.100000, validation error 27.708333 (%)
[2015-12-14 20:29:09.347583] > epoch 20, training error 8.239796 (%)
[2015-12-14 20:29:09.449649] > epoch 20, lrate 0.100000, validation error 28.958333 (%)
[2015-12-14 20:29:17.220117] > epoch 21, training error 9.260204 (%)
[2015-12-14 20:29:17.660701] > epoch 21, lrate 0.100000, validation error 30.000000 (%)
[2015-12-14 20:29:26.433061] > epoch 22, training error 8.086735 (%)
[2015-12-14 20:29:26.874571] > epoch 22, lrate 0.100000, validation error 24.583333 (%)
[2015-12-14 20:29:35.702963] > epoch 23, training error 7.091837 (%)
[2015-12-14 20:29:36.171354] > epoch 23, lrate 0.100000, validation error 24.791667 (%)
[2015-12-14 20:29:45.049802] > epoch 24, training error 5.459184 (%)
[2015-12-14 20:29:45.497046] > epoch 24, lrate 0.100000, validation error 26.458333 (%)
[2015-12-14 20:29:54.269531] > epoch 25, training error 4.413265 (%)
[2015-12-14 20:29:54.744468] > epoch 25, lrate 0.100000, validation error 25.625000 (%)
[2015-12-14 20:30:03.439983] > epoch 26, training error 4.030612 (%)
[2015-12-14 20:30:03.879164] > epoch 26, lrate 0.100000, validation error 24.375000 (%)
[2015-12-14 20:30:12.557293] > epoch 27, training error 3.750000 (%)
[2015-12-14 20:30:12.944581] > epoch 27, lrate 0.100000, validation error 24.166667 (%)
[2015-12-14 20:30:21.738096] > epoch 28, training error 4.056122 (%)
[2015-12-14 20:30:22.205617] > epoch 28, lrate 0.100000, validation error 25.833333 (%)
[2015-12-14 20:30:31.039098] > epoch 29, training error 4.413265 (%)
[2015-12-14 20:30:31.432206] > epoch 29, lrate 0.100000, validation error 25.416667 (%)
[2015-12-14 20:30:40.315337] > epoch 30, training error 3.469388 (%)
[2015-12-14 20:30:40.784419] > epoch 30, lrate 0.100000, validation error 25.625000 (%)
[2015-12-14 20:30:49.609321] > epoch 31, training error 3.392857 (%)
[2015-12-14 20:30:50.052556] > epoch 31, lrate 0.100000, validation error 24.791667 (%)
[2015-12-14 20:30:58.873563] > epoch 32, training error 2.857143 (%)
[2015-12-14 20:30:59.322840] > epoch 32, lrate 0.100000, validation error 24.583333 (%)
[2015-12-14 20:31:08.192331] > epoch 33, training error 2.397959 (%)
[2015-12-14 20:31:08.672405] > epoch 33, lrate 0.100000, validation error 23.541667 (%)
[2015-12-14 20:31:17.596850] > epoch 34, training error 2.015306 (%)
[2015-12-14 20:31:17.997941] > epoch 34, lrate 0.100000, validation error 24.583333 (%)
[2015-12-14 20:31:26.733617] > epoch 35, training error 1.581633 (%)
[2015-12-14 20:31:27.206798] > epoch 35, lrate 0.100000, validation error 24.375000 (%)
[2015-12-14 20:31:35.980729] > epoch 36, training error 0.739796 (%)
[2015-12-14 20:31:36.412972] > epoch 36, lrate 0.100000, validation error 24.166667 (%)
[2015-12-14 20:31:45.117542] > epoch 37, training error 0.714286 (%)
[2015-12-14 20:31:45.584542] > epoch 37, lrate 0.100000, validation error 25.416667 (%)
[2015-12-14 20:31:54.271817] > epoch 38, training error 0.612245 (%)
[2015-12-14 20:31:54.713044] > epoch 38, lrate 0.100000, validation error 25.416667 (%)
[2015-12-14 20:32:03.501100] > epoch 39, training error 0.382653 (%)
[2015-12-14 20:32:03.968941] > epoch 39, lrate 0.100000, validation error 25.208333 (%)
[2015-12-14 20:32:12.759522] > epoch 40, training error 0.280612 (%)
[2015-12-14 20:32:13.197378] > epoch 40, lrate 0.100000, validation error 26.041667 (%)
[2015-12-14 20:32:21.781920] > epoch 41, training error 0.127551 (%)
[2015-12-14 20:32:22.254094] > epoch 41, lrate 0.100000, validation error 26.250000 (%)
[2015-12-14 20:32:30.983758] > epoch 42, training error 0.102041 (%)
[2015-12-14 20:32:31.435153] > epoch 42, lrate 0.100000, validation error 26.458333 (%)
[2015-12-14 20:32:40.117036] > epoch 43, training error 0.204082 (%)
[2015-12-14 20:32:40.554043] > epoch 43, lrate 0.100000, validation error 26.666667 (%)
[2015-12-14 20:32:49.339012] > epoch 44, training error 0.153061 (%)
[2015-12-14 20:32:49.808582] > epoch 44, lrate 0.100000, validation error 27.708333 (%)
[2015-12-14 20:32:58.647362] > epoch 45, training error 0.102041 (%)
[2015-12-14 20:32:59.119016] > epoch 45, lrate 0.100000, validation error 27.500000 (%)
[2015-12-14 20:33:07.849560] > epoch 46, training error 0.076531 (%)
[2015-12-14 20:33:08.290946] > epoch 46, lrate 0.100000, validation error 26.875000 (%)
[2015-12-14 20:33:17.217143] > epoch 47, training error 0.025510 (%)
[2015-12-14 20:33:17.659451] > epoch 47, lrate 0.100000, validation error 26.875000 (%)
[2015-12-14 20:33:26.481798] > epoch 48, training error 0.000000 (%)
[2015-12-14 20:33:26.921610] > epoch 48, lrate 0.100000, validation error 26.666667 (%)
[2015-12-14 20:33:35.697946] > epoch 49, training error 0.000000 (%)
[2015-12-14 20:33:36.171912] > epoch 49, lrate 0.100000, validation error 26.250000 (%)
[2015-12-14 20:34:37.533844] > epoch 50, training error 0.000000 (%)
[2015-12-14 20:34:37.610396] > epoch 50, lrate 0.100000, validation error 26.250000 (%)
[2015-12-14 20:34:49.673555] > ... the final PDNN model parameter is dnn_18.param
[2015-12-14 20:34:49.674536] > ... the final PDNN model config is dnn_18.cfg
