Using gpu device 0: GeForce GT 650M
[2015-12-14 18:49:04.248826] > ... building the model
[2015-12-14 18:49:04.411495] > ... getting the finetuning functions
[2015-12-14 18:49:08.845967] > ... finetuning the model
[2015-12-14 18:49:13.790656] > epoch 1, training error 32.187500 (%)
[2015-12-14 18:49:14.184091] > epoch 1, lrate 0.100000, validation error 24.469697 (%)
[2015-12-14 18:49:17.017164] > epoch 2, training error 21.070076 (%)
[2015-12-14 18:49:17.132976] > epoch 2, lrate 0.100000, validation error 20.000000 (%)
[2015-12-14 18:49:19.799333] > epoch 3, training error 18.115530 (%)
[2015-12-14 18:49:19.891357] > epoch 3, lrate 0.100000, validation error 18.484848 (%)
[2015-12-14 18:49:22.491756] > epoch 4, training error 16.287879 (%)
[2015-12-14 18:49:22.633028] > epoch 4, lrate 0.100000, validation error 18.106061 (%)
[2015-12-14 18:49:25.319842] > epoch 5, training error 14.621212 (%)
[2015-12-14 18:49:25.436012] > epoch 5, lrate 0.100000, validation error 17.272727 (%)
[2015-12-14 18:49:28.830030] > epoch 6, training error 13.428030 (%)
[2015-12-14 18:49:28.970151] > epoch 6, lrate 0.100000, validation error 16.439394 (%)
[2015-12-14 18:49:32.341970] > epoch 7, training error 12.291667 (%)
[2015-12-14 18:49:32.483177] > epoch 7, lrate 0.100000, validation error 16.060606 (%)
[2015-12-14 18:49:35.847581] > epoch 8, training error 11.392045 (%)
[2015-12-14 18:49:35.988076] > epoch 8, lrate 0.100000, validation error 16.666667 (%)
[2015-12-14 18:49:39.782868] > epoch 9, training error 10.539773 (%)
[2015-12-14 18:49:39.962962] > epoch 9, lrate 0.100000, validation error 16.742424 (%)
[2015-12-14 18:49:52.490209] > epoch 10, training error 9.924242 (%)
[2015-12-14 18:49:53.697737] > epoch 10, lrate 0.100000, validation error 17.196970 (%)
[2015-12-14 18:50:09.591366] > epoch 11, training error 9.346591 (%)
[2015-12-14 18:50:10.071366] > epoch 11, lrate 0.100000, validation error 17.121212 (%)
[2015-12-14 18:50:21.402970] > epoch 12, training error 8.835227 (%)
[2015-12-14 18:50:21.722116] > epoch 12, lrate 0.100000, validation error 17.500000 (%)
[2015-12-14 18:50:27.734122] > epoch 13, training error 8.323864 (%)
[2015-12-14 18:50:27.979832] > epoch 13, lrate 0.100000, validation error 17.575758 (%)
[2015-12-14 18:50:33.106827] > epoch 14, training error 7.755682 (%)
[2015-12-14 18:50:33.305000] > epoch 14, lrate 0.100000, validation error 17.954545 (%)
[2015-12-14 18:50:37.562110] > epoch 15, training error 7.253788 (%)
[2015-12-14 18:50:37.755197] > epoch 15, lrate 0.100000, validation error 17.575758 (%)
[2015-12-14 18:50:41.946307] > epoch 16, training error 6.676136 (%)
[2015-12-14 18:50:42.126918] > epoch 16, lrate 0.100000, validation error 17.651515 (%)
[2015-12-14 18:50:46.024236] > epoch 17, training error 6.212121 (%)
[2015-12-14 18:50:46.204467] > epoch 17, lrate 0.100000, validation error 17.500000 (%)
[2015-12-14 18:50:50.051514] > epoch 18, training error 5.833333 (%)
[2015-12-14 18:50:50.199862] > epoch 18, lrate 0.100000, validation error 17.424242 (%)
[2015-12-14 18:50:53.836616] > epoch 19, training error 5.369318 (%)
[2015-12-14 18:50:53.984487] > epoch 19, lrate 0.100000, validation error 17.575758 (%)
[2015-12-14 18:50:57.688989] > epoch 20, training error 5.056818 (%)
[2015-12-14 18:50:57.881560] > epoch 20, lrate 0.100000, validation error 17.727273 (%)
[2015-12-14 18:51:02.474761] > epoch 21, training error 4.839015 (%)
[2015-12-14 18:51:02.770108] > epoch 21, lrate 0.100000, validation error 17.803030 (%)
[2015-12-14 18:51:18.718102] > epoch 22, training error 4.469697 (%)
[2015-12-14 18:51:19.965541] > epoch 22, lrate 0.100000, validation error 17.878788 (%)
[2015-12-14 18:51:43.097690] > epoch 23, training error 4.062500 (%)
[2015-12-14 18:51:44.328534] > epoch 23, lrate 0.100000, validation error 17.727273 (%)
[2015-12-14 18:52:07.965581] > epoch 24, training error 3.835227 (%)
[2015-12-14 18:52:09.255882] > epoch 24, lrate 0.100000, validation error 17.727273 (%)
[2015-12-14 18:52:30.992499] > epoch 25, training error 3.456439 (%)
[2015-12-14 18:52:31.429830] > epoch 25, lrate 0.100000, validation error 17.878788 (%)
[2015-12-14 18:52:39.822056] > epoch 26, training error 3.077652 (%)
[2015-12-14 18:52:40.114474] > epoch 26, lrate 0.100000, validation error 18.181818 (%)
[2015-12-14 18:52:46.393319] > epoch 27, training error 2.869318 (%)
[2015-12-14 18:52:47.593200] > epoch 27, lrate 0.100000, validation error 18.409091 (%)
[2015-12-14 18:53:10.795256] > epoch 28, training error 2.831439 (%)
[2015-12-14 18:53:12.080826] > epoch 28, lrate 0.100000, validation error 18.787879 (%)
[2015-12-14 18:53:35.320085] > epoch 29, training error 2.945076 (%)
[2015-12-14 18:53:36.557854] > epoch 29, lrate 0.100000, validation error 18.787879 (%)
[2015-12-14 18:54:00.267768] > epoch 30, training error 3.096591 (%)
[2015-12-14 18:54:01.512710] > epoch 30, lrate 0.100000, validation error 18.787879 (%)
[2015-12-14 18:54:24.621257] > epoch 31, training error 3.248106 (%)
[2015-12-14 18:54:25.866169] > epoch 31, lrate 0.100000, validation error 17.803030 (%)
[2015-12-14 18:54:48.957007] > epoch 32, training error 3.522727 (%)
[2015-12-14 18:54:50.204454] > epoch 32, lrate 0.100000, validation error 18.333333 (%)
[2015-12-14 18:55:13.341544] > epoch 33, training error 3.409091 (%)
[2015-12-14 18:55:14.680364] > epoch 33, lrate 0.100000, validation error 18.787879 (%)
[2015-12-14 18:55:38.090646] > epoch 34, training error 2.945076 (%)
[2015-12-14 18:55:39.291450] > epoch 34, lrate 0.100000, validation error 19.015152 (%)
[2015-12-14 18:56:02.537487] > epoch 35, training error 2.253788 (%)
[2015-12-14 18:56:03.739988] > epoch 35, lrate 0.100000, validation error 19.318182 (%)
[2015-12-14 18:56:27.065769] > epoch 36, training error 1.979167 (%)
[2015-12-14 18:56:28.268738] > epoch 36, lrate 0.100000, validation error 19.318182 (%)
[2015-12-14 18:56:51.671313] > epoch 37, training error 1.846591 (%)
[2015-12-14 18:56:52.841246] > epoch 37, lrate 0.100000, validation error 19.318182 (%)
[2015-12-14 18:57:16.155906] > epoch 38, training error 1.685606 (%)
[2015-12-14 18:57:17.360262] > epoch 38, lrate 0.100000, validation error 19.393939 (%)
[2015-12-14 18:57:42.129499] > epoch 39, training error 1.496212 (%)
[2015-12-14 18:57:43.510868] > epoch 39, lrate 0.100000, validation error 19.545455 (%)
[2015-12-14 18:58:07.946201] > epoch 40, training error 1.259470 (%)
[2015-12-14 18:58:09.260418] > epoch 40, lrate 0.100000, validation error 19.545455 (%)
[2015-12-14 18:58:32.298772] > epoch 41, training error 1.231061 (%)
[2015-12-14 18:58:33.536507] > epoch 41, lrate 0.100000, validation error 19.545455 (%)
[2015-12-14 18:58:56.860287] > epoch 42, training error 1.155303 (%)
[2015-12-14 18:58:58.075176] > epoch 42, lrate 0.100000, validation error 18.939394 (%)
[2015-12-14 18:59:21.387487] > epoch 43, training error 0.880682 (%)
[2015-12-14 18:59:22.600605] > epoch 43, lrate 0.100000, validation error 19.166667 (%)
[2015-12-14 18:59:45.681023] > epoch 44, training error 0.804924 (%)
[2015-12-14 18:59:46.922160] > epoch 44, lrate 0.100000, validation error 18.636364 (%)
[2015-12-14 19:00:10.826962] > epoch 45, training error 0.757576 (%)
[2015-12-14 19:00:12.171477] > epoch 45, lrate 0.100000, validation error 19.015152 (%)
[2015-12-14 19:00:36.381024] > epoch 46, training error 0.767045 (%)
[2015-12-14 19:00:37.627210] > epoch 46, lrate 0.100000, validation error 18.939394 (%)
[2015-12-14 19:01:00.906135] > epoch 47, training error 0.681818 (%)
[2015-12-14 19:01:02.144802] > epoch 47, lrate 0.100000, validation error 18.636364 (%)
[2015-12-14 19:01:25.191924] > epoch 48, training error 0.615530 (%)
[2015-12-14 19:01:26.375439] > epoch 48, lrate 0.100000, validation error 18.409091 (%)
[2015-12-14 19:01:49.713141] > epoch 49, training error 0.767045 (%)
[2015-12-14 19:01:50.966920] > epoch 49, lrate 0.100000, validation error 18.712121 (%)
[2015-12-14 19:02:39.871652] > epoch 50, training error 0.634470 (%)
[2015-12-14 19:02:40.012007] > epoch 50, lrate 0.100000, validation error 18.636364 (%)
[2015-12-14 19:02:51.161555] > ... the final PDNN model parameter is dnn_4.param
[2015-12-14 19:02:51.164336] > ... the final PDNN model config is dnn_4.cfg
