Using gpu device 0: GeForce GT 650M
[2015-12-14 20:35:16.119446] > ... building the model
[2015-12-14 20:35:18.710879] > ... getting the finetuning functions
[2015-12-14 20:35:48.900264] > ... finetuning the model
[2015-12-14 20:35:50.280558] > epoch 1, training error 49.342105 (%)
[2015-12-14 20:35:50.385747] > epoch 1, lrate 0.100000, validation error 41.875000 (%)
[2015-12-14 20:35:51.001839] > epoch 2, training error 47.434211 (%)
[2015-12-14 20:35:51.013981] > epoch 2, lrate 0.100000, validation error 47.500000 (%)
[2015-12-14 20:35:51.633936] > epoch 3, training error 41.907895 (%)
[2015-12-14 20:35:51.645492] > epoch 3, lrate 0.100000, validation error 45.000000 (%)
[2015-12-14 20:35:52.265959] > epoch 4, training error 38.092105 (%)
[2015-12-14 20:35:52.302609] > epoch 4, lrate 0.100000, validation error 36.250000 (%)
[2015-12-14 20:35:52.888180] > epoch 5, training error 34.342105 (%)
[2015-12-14 20:35:52.922880] > epoch 5, lrate 0.100000, validation error 34.375000 (%)
[2015-12-14 20:35:53.496217] > epoch 6, training error 30.065789 (%)
[2015-12-14 20:35:53.507028] > epoch 6, lrate 0.100000, validation error 32.500000 (%)
[2015-12-14 20:35:54.079722] > epoch 7, training error 27.500000 (%)
[2015-12-14 20:35:54.089882] > epoch 7, lrate 0.100000, validation error 33.125000 (%)
[2015-12-14 20:35:54.662902] > epoch 8, training error 25.000000 (%)
[2015-12-14 20:35:54.698200] > epoch 8, lrate 0.100000, validation error 33.125000 (%)
[2015-12-14 20:35:55.272156] > epoch 9, training error 23.157895 (%)
[2015-12-14 20:35:55.282779] > epoch 9, lrate 0.100000, validation error 33.125000 (%)
[2015-12-14 20:35:55.855771] > epoch 10, training error 20.723684 (%)
[2015-12-14 20:35:55.865922] > epoch 10, lrate 0.100000, validation error 33.750000 (%)
[2015-12-14 20:35:56.437519] > epoch 11, training error 18.223684 (%)
[2015-12-14 20:35:56.472120] > epoch 11, lrate 0.100000, validation error 31.875000 (%)
[2015-12-14 20:35:57.004701] > epoch 12, training error 16.973684 (%)
[2015-12-14 20:35:57.014098] > epoch 12, lrate 0.100000, validation error 32.500000 (%)
[2015-12-14 20:35:57.539663] > epoch 13, training error 14.473684 (%)
[2015-12-14 20:35:57.548989] > epoch 13, lrate 0.100000, validation error 33.125000 (%)
[2015-12-14 20:35:58.077805] > epoch 14, training error 12.697368 (%)
[2015-12-14 20:35:58.112323] > epoch 14, lrate 0.100000, validation error 33.125000 (%)
[2015-12-14 20:35:58.640171] > epoch 15, training error 11.578947 (%)
[2015-12-14 20:35:58.649453] > epoch 15, lrate 0.100000, validation error 34.375000 (%)
[2015-12-14 20:35:59.175029] > epoch 16, training error 12.039474 (%)
[2015-12-14 20:35:59.209141] > epoch 16, lrate 0.100000, validation error 30.000000 (%)
[2015-12-14 20:35:59.737223] > epoch 17, training error 16.315789 (%)
[2015-12-14 20:35:59.746938] > epoch 17, lrate 0.100000, validation error 29.375000 (%)
[2015-12-14 20:36:00.272349] > epoch 18, training error 16.118421 (%)
[2015-12-14 20:36:00.281677] > epoch 18, lrate 0.100000, validation error 28.750000 (%)
[2015-12-14 20:36:00.806990] > epoch 19, training error 11.381579 (%)
[2015-12-14 20:36:00.841026] > epoch 19, lrate 0.100000, validation error 28.750000 (%)
[2015-12-14 20:36:01.369175] > epoch 20, training error 9.934211 (%)
[2015-12-14 20:36:01.378790] > epoch 20, lrate 0.100000, validation error 26.875000 (%)
[2015-12-14 20:36:01.904247] > epoch 21, training error 8.355263 (%)
[2015-12-14 20:36:01.913534] > epoch 21, lrate 0.100000, validation error 24.375000 (%)
[2015-12-14 20:36:02.439005] > epoch 22, training error 7.631579 (%)
[2015-12-14 20:36:02.473024] > epoch 22, lrate 0.100000, validation error 23.750000 (%)
[2015-12-14 20:36:03.001182] > epoch 23, training error 7.171053 (%)
[2015-12-14 20:36:03.010914] > epoch 23, lrate 0.100000, validation error 26.250000 (%)
[2015-12-14 20:36:03.536209] > epoch 24, training error 6.447368 (%)
[2015-12-14 20:36:03.545483] > epoch 24, lrate 0.100000, validation error 32.500000 (%)
[2015-12-14 20:36:04.071000] > epoch 25, training error 7.105263 (%)
[2015-12-14 20:36:04.105061] > epoch 25, lrate 0.100000, validation error 37.500000 (%)
[2015-12-14 20:36:04.637447] > epoch 26, training error 7.500000 (%)
[2015-12-14 20:36:04.646889] > epoch 26, lrate 0.100000, validation error 42.500000 (%)
[2015-12-14 20:36:05.158607] > epoch 27, training error 7.894737 (%)
[2015-12-14 20:36:05.167724] > epoch 27, lrate 0.100000, validation error 31.875000 (%)
[2015-12-14 20:36:05.655532] > epoch 28, training error 9.013158 (%)
[2015-12-14 20:36:05.687838] > epoch 28, lrate 0.100000, validation error 25.000000 (%)
[2015-12-14 20:36:06.171404] > epoch 29, training error 9.473684 (%)
[2015-12-14 20:36:06.179949] > epoch 29, lrate 0.100000, validation error 26.875000 (%)
[2015-12-14 20:36:06.664978] > epoch 30, training error 10.855263 (%)
[2015-12-14 20:36:06.697966] > epoch 30, lrate 0.100000, validation error 31.250000 (%)
[2015-12-14 20:36:07.182166] > epoch 31, training error 10.789474 (%)
[2015-12-14 20:36:07.190564] > epoch 31, lrate 0.100000, validation error 24.375000 (%)
[2015-12-14 20:36:07.674877] > epoch 32, training error 10.592105 (%)
[2015-12-14 20:36:07.708043] > epoch 32, lrate 0.100000, validation error 39.375000 (%)
[2015-12-14 20:36:08.191245] > epoch 33, training error 9.473684 (%)
[2015-12-14 20:36:08.199672] > epoch 33, lrate 0.100000, validation error 35.000000 (%)
[2015-12-14 20:36:08.712905] > epoch 34, training error 7.171053 (%)
[2015-12-14 20:36:08.721630] > epoch 34, lrate 0.100000, validation error 28.750000 (%)
[2015-12-14 20:36:09.207722] > epoch 35, training error 5.065789 (%)
[2015-12-14 20:36:09.240768] > epoch 35, lrate 0.100000, validation error 28.750000 (%)
[2015-12-14 20:36:09.726285] > epoch 36, training error 3.750000 (%)
[2015-12-14 20:36:09.734899] > epoch 36, lrate 0.100000, validation error 28.125000 (%)
[2015-12-14 20:36:10.221937] > epoch 37, training error 2.631579 (%)
[2015-12-14 20:36:10.255305] > epoch 37, lrate 0.100000, validation error 28.750000 (%)
[2015-12-14 20:36:10.743793] > epoch 38, training error 2.105263 (%)
[2015-12-14 20:36:10.776921] > epoch 38, lrate 0.100000, validation error 28.125000 (%)
[2015-12-14 20:36:11.262327] > epoch 39, training error 1.973684 (%)
[2015-12-14 20:36:11.270723] > epoch 39, lrate 0.100000, validation error 28.750000 (%)
[2015-12-14 20:36:11.756108] > epoch 40, training error 1.710526 (%)
[2015-12-14 20:36:11.789480] > epoch 40, lrate 0.100000, validation error 28.750000 (%)
[2015-12-14 20:36:12.273614] > epoch 41, training error 1.776316 (%)
[2015-12-14 20:36:12.281980] > epoch 41, lrate 0.100000, validation error 26.250000 (%)
[2015-12-14 20:36:12.791716] > epoch 42, training error 1.315789 (%)
[2015-12-14 20:36:12.800380] > epoch 42, lrate 0.100000, validation error 26.875000 (%)
[2015-12-14 20:36:13.285837] > epoch 43, training error 1.447368 (%)
[2015-12-14 20:36:13.294218] > epoch 43, lrate 0.100000, validation error 25.000000 (%)
[2015-12-14 20:36:13.802838] > epoch 44, training error 1.118421 (%)
[2015-12-14 20:36:13.811415] > epoch 44, lrate 0.100000, validation error 24.375000 (%)
[2015-12-14 20:36:14.298235] > epoch 45, training error 1.184211 (%)
[2015-12-14 20:36:14.331695] > epoch 45, lrate 0.100000, validation error 24.375000 (%)
[2015-12-14 20:36:14.817667] > epoch 46, training error 1.513158 (%)
[2015-12-14 20:36:14.826046] > epoch 46, lrate 0.100000, validation error 25.625000 (%)
[2015-12-14 20:36:15.336977] > epoch 47, training error 0.657895 (%)
[2015-12-14 20:36:15.345598] > epoch 47, lrate 0.100000, validation error 25.625000 (%)
[2015-12-14 20:36:15.829759] > epoch 48, training error 0.657895 (%)
[2015-12-14 20:36:15.838131] > epoch 48, lrate 0.100000, validation error 26.875000 (%)
[2015-12-14 20:36:16.349464] > epoch 49, training error 0.789474 (%)
[2015-12-14 20:36:16.358006] > epoch 49, lrate 0.100000, validation error 28.125000 (%)
[2015-12-14 20:36:49.992157] > epoch 50, training error 0.657895 (%)
[2015-12-14 20:36:50.150001] > epoch 50, lrate 0.100000, validation error 28.125000 (%)
[2015-12-14 20:37:38.473591] > ... the final PDNN model parameter is dnn_19.param
[2015-12-14 20:37:38.476274] > ... the final PDNN model config is dnn_19.cfg
